CRITICAL - 2022-11-09 23:17:21 --> syntax error, unexpected '>=' (T_IS_GREATER_OR_EQUAL), expecting ')'
#0 /homepages/36/d117019790/htdocs/mdarc-7/system/Autoloader/Autoloader.php(241): CodeIgniter\Autoloader\Autoloader->includeFile('/homepages/36/d...')
#1 /homepages/36/d117019790/htdocs/mdarc-7/system/Autoloader/Autoloader.php(219): CodeIgniter\Autoloader\Autoloader->loadInNamespace('App\\Models\\Staf...')
#2 [internal function]: CodeIgniter\Autoloader\Autoloader->loadClass('App\\Models\\Staf...')
#3 /homepages/36/d117019790/htdocs/mdarc-7/app/Controllers/BaseController.php(54): spl_autoload_call('App\\Models\\Staf...')
#4 /homepages/36/d117019790/htdocs/mdarc-7/system/CodeIgniter.php(802): App\Controllers\BaseController->initController(Object(CodeIgniter\HTTP\IncomingRequest), Object(CodeIgniter\HTTP\Response), Object(CodeIgniter\Log\Logger))
#5 /homepages/36/d117019790/htdocs/mdarc-7/system/CodeIgniter.php(401): CodeIgniter\CodeIgniter->createController()
#6 /homepages/36/d117019790/htdocs/mdarc-7/system/CodeIgniter.php(318): CodeIgniter\CodeIgniter->handleRequest(NULL, Object(Config\Cache), false)
#7 /homepages/36/d117019790/htdocs/mdarc-7/public/index.php(37): CodeIgniter\CodeIgniter->run()
#8 {main}
CRITICAL - 2022-11-09 23:17:27 --> syntax error, unexpected '>=' (T_IS_GREATER_OR_EQUAL), expecting ')'
#0 /homepages/36/d117019790/htdocs/mdarc-7/system/Autoloader/Autoloader.php(241): CodeIgniter\Autoloader\Autoloader->includeFile('/homepages/36/d...')
#1 /homepages/36/d117019790/htdocs/mdarc-7/system/Autoloader/Autoloader.php(219): CodeIgniter\Autoloader\Autoloader->loadInNamespace('App\\Models\\Staf...')
#2 [internal function]: CodeIgniter\Autoloader\Autoloader->loadClass('App\\Models\\Staf...')
#3 /homepages/36/d117019790/htdocs/mdarc-7/app/Controllers/BaseController.php(54): spl_autoload_call('App\\Models\\Staf...')
#4 /homepages/36/d117019790/htdocs/mdarc-7/system/CodeIgniter.php(802): App\Controllers\BaseController->initController(Object(CodeIgniter\HTTP\IncomingRequest), Object(CodeIgniter\HTTP\Response), Object(CodeIgniter\Log\Logger))
#5 /homepages/36/d117019790/htdocs/mdarc-7/system/CodeIgniter.php(401): CodeIgniter\CodeIgniter->createController()
#6 /homepages/36/d117019790/htdocs/mdarc-7/system/CodeIgniter.php(318): CodeIgniter\CodeIgniter->handleRequest(NULL, Object(Config\Cache), false)
#7 /homepages/36/d117019790/htdocs/mdarc-7/public/index.php(37): CodeIgniter\CodeIgniter->run()
#8 {main}
