CRITICAL - 2022-01-28 00:01:16 --> You must set the database table to be used with your query.
#0 /homepages/36/d117019790/htdocs/mdarc-dev/system/Model.php(545): CodeIgniter\Database\BaseConnection->table(NULL)
#1 /homepages/36/d117019790/htdocs/mdarc-dev/system/Model.php(688): CodeIgniter\Model->builder()
#2 /homepages/36/d117019790/htdocs/mdarc-dev/app/Models/Staff_model.php(273): CodeIgniter\Model->__get('data_mod')
#3 /homepages/36/d117019790/htdocs/mdarc-dev/app/Models/Member_model.php(147): App\Models\Staff_model->get_mem('1280')
#4 /homepages/36/d117019790/htdocs/mdarc-dev/app/Controllers/Master.php(29): App\Models\Member_model->search('Kulisek')
#5 /homepages/36/d117019790/htdocs/mdarc-dev/system/CodeIgniter.php(824): App\Controllers\Master->search()
#6 /homepages/36/d117019790/htdocs/mdarc-dev/system/CodeIgniter.php(410): CodeIgniter\CodeIgniter->runController(Object(App\Controllers\Master))
#7 /homepages/36/d117019790/htdocs/mdarc-dev/system/CodeIgniter.php(318): CodeIgniter\CodeIgniter->handleRequest(NULL, Object(Config\Cache), false)
#8 /homepages/36/d117019790/htdocs/mdarc-dev/public/index.php(37): CodeIgniter\CodeIgniter->run()
#9 {main}
CRITICAL - 2022-01-28 00:03:45 --> You must set the database table to be used with your query.
#0 /homepages/36/d117019790/htdocs/mdarc-dev/system/Model.php(545): CodeIgniter\Database\BaseConnection->table(NULL)
#1 /homepages/36/d117019790/htdocs/mdarc-dev/system/Model.php(688): CodeIgniter\Model->builder()
#2 /homepages/36/d117019790/htdocs/mdarc-dev/app/Models/Staff_model.php(273): CodeIgniter\Model->__get('data_mod')
#3 /homepages/36/d117019790/htdocs/mdarc-dev/app/Models/Member_model.php(144): App\Models\Staff_model->get_mem('1280')
#4 /homepages/36/d117019790/htdocs/mdarc-dev/app/Controllers/Master.php(29): App\Models\Member_model->search('Kulisek')
#5 /homepages/36/d117019790/htdocs/mdarc-dev/system/CodeIgniter.php(824): App\Controllers\Master->search()
#6 /homepages/36/d117019790/htdocs/mdarc-dev/system/CodeIgniter.php(410): CodeIgniter\CodeIgniter->runController(Object(App\Controllers\Master))
#7 /homepages/36/d117019790/htdocs/mdarc-dev/system/CodeIgniter.php(318): CodeIgniter\CodeIgniter->handleRequest(NULL, Object(Config\Cache), false)
#8 /homepages/36/d117019790/htdocs/mdarc-dev/public/index.php(37): CodeIgniter\CodeIgniter->run()
#9 {main}
CRITICAL - 2022-01-28 00:07:55 --> You must set the database table to be used with your query.
#0 /homepages/36/d117019790/htdocs/mdarc-dev/system/Model.php(545): CodeIgniter\Database\BaseConnection->table(NULL)
#1 /homepages/36/d117019790/htdocs/mdarc-dev/system/Model.php(688): CodeIgniter\Model->builder()
#2 /homepages/36/d117019790/htdocs/mdarc-dev/app/Models/Staff_model.php(273): CodeIgniter\Model->__get('data_mod')
#3 /homepages/36/d117019790/htdocs/mdarc-dev/app/Models/Member_model.php(144): App\Models\Staff_model->get_mem('1280')
#4 /homepages/36/d117019790/htdocs/mdarc-dev/app/Controllers/Master.php(29): App\Models\Member_model->search('Kulisek')
#5 /homepages/36/d117019790/htdocs/mdarc-dev/system/CodeIgniter.php(824): App\Controllers\Master->search()
#6 /homepages/36/d117019790/htdocs/mdarc-dev/system/CodeIgniter.php(410): CodeIgniter\CodeIgniter->runController(Object(App\Controllers\Master))
#7 /homepages/36/d117019790/htdocs/mdarc-dev/system/CodeIgniter.php(318): CodeIgniter\CodeIgniter->handleRequest(NULL, Object(Config\Cache), false)
#8 /homepages/36/d117019790/htdocs/mdarc-dev/public/index.php(37): CodeIgniter\CodeIgniter->run()
#9 {main}
CRITICAL - 2022-01-28 00:16:28 --> Undefined index: 
#0 /homepages/36/d117019790/htdocs/mdarc-dev/app/Views/master/modal_update_user.php(64): CodeIgniter\Debug\Exceptions->errorHandler(8, 'Undefined index...', '/homepages/36/d...', 64, Array)
#1 /homepages/36/d117019790/htdocs/mdarc-dev/app/Views/master/edit_users_view.php(32): include('/homepages/36/d...')
#2 /homepages/36/d117019790/htdocs/mdarc-dev/system/View/View.php(214): include('/homepages/36/d...')
#3 /homepages/36/d117019790/htdocs/mdarc-dev/system/View/View.php(217): CodeIgniter\View\View->CodeIgniter\View\{closure}()
#4 /homepages/36/d117019790/htdocs/mdarc-dev/system/Common.php(1097): CodeIgniter\View\View->render('master/edit_use...', Array, true)
#5 /homepages/36/d117019790/htdocs/mdarc-dev/app/Controllers/Master.php(304): view('master/edit_use...', Array)
#6 /homepages/36/d117019790/htdocs/mdarc-dev/system/CodeIgniter.php(824): App\Controllers\Master->edit_users()
#7 /homepages/36/d117019790/htdocs/mdarc-dev/system/CodeIgniter.php(410): CodeIgniter\CodeIgniter->runController(Object(App\Controllers\Master))
#8 /homepages/36/d117019790/htdocs/mdarc-dev/system/CodeIgniter.php(318): CodeIgniter\CodeIgniter->handleRequest(NULL, Object(Config\Cache), false)
#9 /homepages/36/d117019790/htdocs/mdarc-dev/public/index.php(37): CodeIgniter\CodeIgniter->run()
#10 {main}
CRITICAL - 2022-01-28 00:17:28 --> array_push() expects parameter 1 to be array, null given
#0 [internal function]: CodeIgniter\Debug\Exceptions->errorHandler(2, 'array_push() ex...', '/homepages/36/d...', 320, Array)
#1 /homepages/36/d117019790/htdocs/mdarc-dev/app/Models/Staff_model.php(320): array_push(NULL, Array)
#2 /homepages/36/d117019790/htdocs/mdarc-dev/app/Models/Member_model.php(144): App\Models\Staff_model->get_mem('1280')
#3 /homepages/36/d117019790/htdocs/mdarc-dev/app/Controllers/Master.php(29): App\Models\Member_model->search('kulisek')
#4 /homepages/36/d117019790/htdocs/mdarc-dev/system/CodeIgniter.php(824): App\Controllers\Master->search()
#5 /homepages/36/d117019790/htdocs/mdarc-dev/system/CodeIgniter.php(410): CodeIgniter\CodeIgniter->runController(Object(App\Controllers\Master))
#6 /homepages/36/d117019790/htdocs/mdarc-dev/system/CodeIgniter.php(318): CodeIgniter\CodeIgniter->handleRequest(NULL, Object(Config\Cache), false)
#7 /homepages/36/d117019790/htdocs/mdarc-dev/public/index.php(37): CodeIgniter\CodeIgniter->run()
#8 {main}
CRITICAL - 2022-01-28 00:17:52 --> array_push() expects parameter 1 to be array, null given
#0 [internal function]: CodeIgniter\Debug\Exceptions->errorHandler(2, 'array_push() ex...', '/homepages/36/d...', 320, Array)
#1 /homepages/36/d117019790/htdocs/mdarc-dev/app/Models/Staff_model.php(320): array_push(NULL, Array)
#2 /homepages/36/d117019790/htdocs/mdarc-dev/app/Models/Member_model.php(144): App\Models\Staff_model->get_mem('1280')
#3 /homepages/36/d117019790/htdocs/mdarc-dev/app/Controllers/Master.php(29): App\Models\Member_model->search('kulisek')
#4 /homepages/36/d117019790/htdocs/mdarc-dev/system/CodeIgniter.php(824): App\Controllers\Master->search()
#5 /homepages/36/d117019790/htdocs/mdarc-dev/system/CodeIgniter.php(410): CodeIgniter\CodeIgniter->runController(Object(App\Controllers\Master))
#6 /homepages/36/d117019790/htdocs/mdarc-dev/system/CodeIgniter.php(318): CodeIgniter\CodeIgniter->handleRequest(NULL, Object(Config\Cache), false)
#7 /homepages/36/d117019790/htdocs/mdarc-dev/public/index.php(37): CodeIgniter\CodeIgniter->run()
#8 {main}
CRITICAL - 2022-01-28 00:26:25 --> Undefined index: 
#0 /homepages/36/d117019790/htdocs/mdarc-dev/app/Views/master/modal_update_user.php(64): CodeIgniter\Debug\Exceptions->errorHandler(8, 'Undefined index...', '/homepages/36/d...', 64, Array)
#1 /homepages/36/d117019790/htdocs/mdarc-dev/app/Views/master/edit_users_view.php(32): include('/homepages/36/d...')
#2 /homepages/36/d117019790/htdocs/mdarc-dev/system/View/View.php(214): include('/homepages/36/d...')
#3 /homepages/36/d117019790/htdocs/mdarc-dev/system/View/View.php(217): CodeIgniter\View\View->CodeIgniter\View\{closure}()
#4 /homepages/36/d117019790/htdocs/mdarc-dev/system/Common.php(1097): CodeIgniter\View\View->render('master/edit_use...', Array, true)
#5 /homepages/36/d117019790/htdocs/mdarc-dev/app/Controllers/Master.php(301): view('master/edit_use...', Array)
#6 /homepages/36/d117019790/htdocs/mdarc-dev/system/CodeIgniter.php(824): App\Controllers\Master->edit_users()
#7 /homepages/36/d117019790/htdocs/mdarc-dev/system/CodeIgniter.php(410): CodeIgniter\CodeIgniter->runController(Object(App\Controllers\Master))
#8 /homepages/36/d117019790/htdocs/mdarc-dev/system/CodeIgniter.php(318): CodeIgniter\CodeIgniter->handleRequest(NULL, Object(Config\Cache), false)
#9 /homepages/36/d117019790/htdocs/mdarc-dev/public/index.php(37): CodeIgniter\CodeIgniter->run()
#10 {main}
CRITICAL - 2022-01-28 00:28:55 --> Undefined index: 
#0 /homepages/36/d117019790/htdocs/mdarc-dev/app/Views/master/modal_update_user.php(64): CodeIgniter\Debug\Exceptions->errorHandler(8, 'Undefined index...', '/homepages/36/d...', 64, Array)
#1 /homepages/36/d117019790/htdocs/mdarc-dev/app/Views/master/edit_users_view.php(32): include('/homepages/36/d...')
#2 /homepages/36/d117019790/htdocs/mdarc-dev/system/View/View.php(214): include('/homepages/36/d...')
#3 /homepages/36/d117019790/htdocs/mdarc-dev/system/View/View.php(217): CodeIgniter\View\View->CodeIgniter\View\{closure}()
#4 /homepages/36/d117019790/htdocs/mdarc-dev/system/Common.php(1097): CodeIgniter\View\View->render('master/edit_use...', Array, true)
#5 /homepages/36/d117019790/htdocs/mdarc-dev/app/Controllers/Master.php(301): view('master/edit_use...', Array)
#6 /homepages/36/d117019790/htdocs/mdarc-dev/system/CodeIgniter.php(824): App\Controllers\Master->edit_users()
#7 /homepages/36/d117019790/htdocs/mdarc-dev/system/CodeIgniter.php(410): CodeIgniter\CodeIgniter->runController(Object(App\Controllers\Master))
#8 /homepages/36/d117019790/htdocs/mdarc-dev/system/CodeIgniter.php(318): CodeIgniter\CodeIgniter->handleRequest(NULL, Object(Config\Cache), false)
#9 /homepages/36/d117019790/htdocs/mdarc-dev/public/index.php(37): CodeIgniter\CodeIgniter->run()
#10 {main}
CRITICAL - 2022-01-28 00:31:23 --> Undefined index: 
#0 /homepages/36/d117019790/htdocs/mdarc-dev/app/Views/master/modal_update_user.php(64): CodeIgniter\Debug\Exceptions->errorHandler(8, 'Undefined index...', '/homepages/36/d...', 64, Array)
#1 /homepages/36/d117019790/htdocs/mdarc-dev/app/Views/master/edit_users_view.php(32): include('/homepages/36/d...')
#2 /homepages/36/d117019790/htdocs/mdarc-dev/system/View/View.php(214): include('/homepages/36/d...')
#3 /homepages/36/d117019790/htdocs/mdarc-dev/system/View/View.php(217): CodeIgniter\View\View->CodeIgniter\View\{closure}()
#4 /homepages/36/d117019790/htdocs/mdarc-dev/system/Common.php(1097): CodeIgniter\View\View->render('master/edit_use...', Array, true)
#5 /homepages/36/d117019790/htdocs/mdarc-dev/app/Controllers/Master.php(301): view('master/edit_use...', Array)
#6 /homepages/36/d117019790/htdocs/mdarc-dev/system/CodeIgniter.php(824): App\Controllers\Master->edit_users()
#7 /homepages/36/d117019790/htdocs/mdarc-dev/system/CodeIgniter.php(410): CodeIgniter\CodeIgniter->runController(Object(App\Controllers\Master))
#8 /homepages/36/d117019790/htdocs/mdarc-dev/system/CodeIgniter.php(318): CodeIgniter\CodeIgniter->handleRequest(NULL, Object(Config\Cache), false)
#9 /homepages/36/d117019790/htdocs/mdarc-dev/public/index.php(37): CodeIgniter\CodeIgniter->run()
#10 {main}
CRITICAL - 2022-01-28 00:33:04 --> Undefined index: 
#0 /homepages/36/d117019790/htdocs/mdarc-dev/app/Views/master/modal_update_user.php(64): CodeIgniter\Debug\Exceptions->errorHandler(8, 'Undefined index...', '/homepages/36/d...', 64, Array)
#1 /homepages/36/d117019790/htdocs/mdarc-dev/app/Views/master/edit_users_view.php(32): include('/homepages/36/d...')
#2 /homepages/36/d117019790/htdocs/mdarc-dev/system/View/View.php(214): include('/homepages/36/d...')
#3 /homepages/36/d117019790/htdocs/mdarc-dev/system/View/View.php(217): CodeIgniter\View\View->CodeIgniter\View\{closure}()
#4 /homepages/36/d117019790/htdocs/mdarc-dev/system/Common.php(1097): CodeIgniter\View\View->render('master/edit_use...', Array, true)
#5 /homepages/36/d117019790/htdocs/mdarc-dev/app/Controllers/Master.php(301): view('master/edit_use...', Array)
#6 /homepages/36/d117019790/htdocs/mdarc-dev/system/CodeIgniter.php(824): App\Controllers\Master->edit_users()
#7 /homepages/36/d117019790/htdocs/mdarc-dev/system/CodeIgniter.php(410): CodeIgniter\CodeIgniter->runController(Object(App\Controllers\Master))
#8 /homepages/36/d117019790/htdocs/mdarc-dev/system/CodeIgniter.php(318): CodeIgniter\CodeIgniter->handleRequest(NULL, Object(Config\Cache), false)
#9 /homepages/36/d117019790/htdocs/mdarc-dev/public/index.php(37): CodeIgniter\CodeIgniter->run()
#10 {main}
