CRITICAL - 2021-12-05 20:22:39 --> Invalid file: master/edit_users_view.php
#0 /homepages/36/d117019790/htdocs/ci415/system/View/View.php(198): CodeIgniter\Exceptions\FrameworkException::forInvalidFile('master/edit_use...')
#1 /homepages/36/d117019790/htdocs/ci415/system/Common.php(1097): CodeIgniter\View\View->render('master/edit_use...', Array, true)
#2 /homepages/36/d117019790/htdocs/ci415/app/Controllers/Master.php(60): view('master/edit_use...', Array)
#3 /homepages/36/d117019790/htdocs/ci415/system/CodeIgniter.php(824): App\Controllers\Master->edit_users()
#4 /homepages/36/d117019790/htdocs/ci415/system/CodeIgniter.php(410): CodeIgniter\CodeIgniter->runController(Object(App\Controllers\Master))
#5 /homepages/36/d117019790/htdocs/ci415/system/CodeIgniter.php(318): CodeIgniter\CodeIgniter->handleRequest(NULL, Object(Config\Cache), false)
#6 /homepages/36/d117019790/htdocs/ci415/public/index.php(37): CodeIgniter\CodeIgniter->run()
#7 {main}
CRITICAL - 2021-12-05 21:04:19 --> syntax error, unexpected 'public' (T_PUBLIC)
#0 /homepages/36/d117019790/htdocs/ci415/system/Autoloader/Autoloader.php(241): CodeIgniter\Autoloader\Autoloader->includeFile('/homepages/36/d...')
#1 /homepages/36/d117019790/htdocs/ci415/system/Autoloader/Autoloader.php(219): CodeIgniter\Autoloader\Autoloader->loadInNamespace('App\\Models\\Staf...')
#2 [internal function]: CodeIgniter\Autoloader\Autoloader->loadClass('App\\Models\\Staf...')
#3 /homepages/36/d117019790/htdocs/ci415/app/Controllers/BaseController.php(54): spl_autoload_call('App\\Models\\Staf...')
#4 /homepages/36/d117019790/htdocs/ci415/system/CodeIgniter.php(802): App\Controllers\BaseController->initController(Object(CodeIgniter\HTTP\IncomingRequest), Object(CodeIgniter\HTTP\Response), Object(CodeIgniter\Log\Logger))
#5 /homepages/36/d117019790/htdocs/ci415/system/CodeIgniter.php(401): CodeIgniter\CodeIgniter->createController()
#6 /homepages/36/d117019790/htdocs/ci415/system/CodeIgniter.php(318): CodeIgniter\CodeIgniter->handleRequest(NULL, Object(Config\Cache), false)
#7 /homepages/36/d117019790/htdocs/ci415/public/index.php(37): CodeIgniter\CodeIgniter->run()
#8 {main}
CRITICAL - 2021-12-05 21:05:31 --> array_push() expects parameter 1 to be array, null given
#0 [internal function]: CodeIgniter\Debug\Exceptions->errorHandler(2, 'array_push() ex...', '/homepages/36/d...', 132, Array)
#1 /homepages/36/d117019790/htdocs/ci415/app/Models/Staff_model.php(132): array_push(NULL, 'brunk@ix.netcom...')
#2 /homepages/36/d117019790/htdocs/ci415/app/Controllers/Staff.php(30): App\Models\Staff_model->get_mems(Array)
#3 /homepages/36/d117019790/htdocs/ci415/system/CodeIgniter.php(824): App\Controllers\Staff->show_members()
#4 /homepages/36/d117019790/htdocs/ci415/system/CodeIgniter.php(410): CodeIgniter\CodeIgniter->runController(Object(App\Controllers\Staff))
#5 /homepages/36/d117019790/htdocs/ci415/system/CodeIgniter.php(318): CodeIgniter\CodeIgniter->handleRequest(NULL, Object(Config\Cache), false)
#6 /homepages/36/d117019790/htdocs/ci415/public/index.php(37): CodeIgniter\CodeIgniter->run()
#7 {main}
CRITICAL - 2021-12-05 21:06:17 --> array_push() expects parameter 1 to be array, null given
#0 [internal function]: CodeIgniter\Debug\Exceptions->errorHandler(2, 'array_push() ex...', '/homepages/36/d...', 132, Array)
#1 /homepages/36/d117019790/htdocs/ci415/app/Models/Staff_model.php(132): array_push(NULL, 'brunk@ix.netcom...')
#2 /homepages/36/d117019790/htdocs/ci415/app/Controllers/Staff.php(30): App\Models\Staff_model->get_mems(Array)
#3 /homepages/36/d117019790/htdocs/ci415/system/CodeIgniter.php(824): App\Controllers\Staff->show_members()
#4 /homepages/36/d117019790/htdocs/ci415/system/CodeIgniter.php(410): CodeIgniter\CodeIgniter->runController(Object(App\Controllers\Staff))
#5 /homepages/36/d117019790/htdocs/ci415/system/CodeIgniter.php(318): CodeIgniter\CodeIgniter->handleRequest(NULL, Object(Config\Cache), false)
#6 /homepages/36/d117019790/htdocs/ci415/public/index.php(37): CodeIgniter\CodeIgniter->run()
#7 {main}
CRITICAL - 2021-12-05 23:16:06 --> Invalid file: staff/staff_report_view.php
#0 /homepages/36/d117019790/htdocs/ci415/system/View/View.php(198): CodeIgniter\Exceptions\FrameworkException::forInvalidFile('staff/staff_rep...')
#1 /homepages/36/d117019790/htdocs/ci415/system/Common.php(1097): CodeIgniter\View\View->render('staff/staff_rep...', Array, true)
#2 /homepages/36/d117019790/htdocs/ci415/app/Controllers/Staff.php(253): view('staff/staff_rep...', Array)
#3 /homepages/36/d117019790/htdocs/ci415/system/CodeIgniter.php(824): App\Controllers\Staff->staff_report()
#4 /homepages/36/d117019790/htdocs/ci415/system/CodeIgniter.php(410): CodeIgniter\CodeIgniter->runController(Object(App\Controllers\Staff))
#5 /homepages/36/d117019790/htdocs/ci415/system/CodeIgniter.php(318): CodeIgniter\CodeIgniter->handleRequest(NULL, Object(Config\Cache), false)
#6 /homepages/36/d117019790/htdocs/ci415/public/index.php(37): CodeIgniter\CodeIgniter->run()
#7 {main}
