CRITICAL - 2021-12-19 22:14:58 --> include(mod-confirm-mem.php): failed to open stream: No such file or directory
#0 /homepages/36/d117019790/htdocs/ci415/app/Views/template/footer.php(18): CodeIgniter\Debug\Exceptions->errorHandler(2, 'include(mod-con...', '/homepages/36/d...', 18, Array)
#1 /homepages/36/d117019790/htdocs/ci415/app/Views/template/footer.php(18): include()
#2 /homepages/36/d117019790/htdocs/ci415/system/View/View.php(214): include('/homepages/36/d...')
#3 /homepages/36/d117019790/htdocs/ci415/system/View/View.php(217): CodeIgniter\View\View->CodeIgniter\View\{closure}()
#4 /homepages/36/d117019790/htdocs/ci415/system/Common.php(1097): CodeIgniter\View\View->render('template/footer', Array, true)
#5 /homepages/36/d117019790/htdocs/ci415/app/Controllers/Home.php(239): view('template/footer')
#6 /homepages/36/d117019790/htdocs/ci415/system/CodeIgniter.php(824): App\Controllers\Home->logout()
#7 /homepages/36/d117019790/htdocs/ci415/system/CodeIgniter.php(410): CodeIgniter\CodeIgniter->runController(Object(App\Controllers\Home))
#8 /homepages/36/d117019790/htdocs/ci415/system/CodeIgniter.php(318): CodeIgniter\CodeIgniter->handleRequest(NULL, Object(Config\Cache), false)
#9 /homepages/36/d117019790/htdocs/ci415/public/index.php(37): CodeIgniter\CodeIgniter->run()
#10 {main}
CRITICAL - 2021-12-19 22:15:29 --> include(mod-confirm-mem.php): failed to open stream: No such file or directory
#0 /homepages/36/d117019790/htdocs/ci415/app/Views/template/footer.php(18): CodeIgniter\Debug\Exceptions->errorHandler(2, 'include(mod-con...', '/homepages/36/d...', 18, Array)
#1 /homepages/36/d117019790/htdocs/ci415/app/Views/template/footer.php(18): include()
#2 /homepages/36/d117019790/htdocs/ci415/system/View/View.php(214): include('/homepages/36/d...')
#3 /homepages/36/d117019790/htdocs/ci415/system/View/View.php(217): CodeIgniter\View\View->CodeIgniter\View\{closure}()
#4 /homepages/36/d117019790/htdocs/ci415/system/Common.php(1097): CodeIgniter\View\View->render('template/footer', Array, true)
#5 /homepages/36/d117019790/htdocs/ci415/app/Controllers/Home.php(239): view('template/footer')
#6 /homepages/36/d117019790/htdocs/ci415/system/CodeIgniter.php(824): App\Controllers\Home->logout()
#7 /homepages/36/d117019790/htdocs/ci415/system/CodeIgniter.php(410): CodeIgniter\CodeIgniter->runController(Object(App\Controllers\Home))
#8 /homepages/36/d117019790/htdocs/ci415/system/CodeIgniter.php(318): CodeIgniter\CodeIgniter->handleRequest(NULL, Object(Config\Cache), false)
#9 /homepages/36/d117019790/htdocs/ci415/public/index.php(37): CodeIgniter\CodeIgniter->run()
#10 {main}
CRITICAL - 2021-12-19 22:15:52 --> include(mod-confirm-mem.php): failed to open stream: No such file or directory
#0 /homepages/36/d117019790/htdocs/ci415/app/Views/template/footer.php(18): CodeIgniter\Debug\Exceptions->errorHandler(2, 'include(mod-con...', '/homepages/36/d...', 18, Array)
#1 /homepages/36/d117019790/htdocs/ci415/app/Views/template/footer.php(18): include()
#2 /homepages/36/d117019790/htdocs/ci415/system/View/View.php(214): include('/homepages/36/d...')
#3 /homepages/36/d117019790/htdocs/ci415/system/View/View.php(217): CodeIgniter\View\View->CodeIgniter\View\{closure}()
#4 /homepages/36/d117019790/htdocs/ci415/system/Common.php(1097): CodeIgniter\View\View->render('template/footer', Array, true)
#5 /homepages/36/d117019790/htdocs/ci415/app/Controllers/Home.php(239): view('template/footer')
#6 /homepages/36/d117019790/htdocs/ci415/system/CodeIgniter.php(824): App\Controllers\Home->logout()
#7 /homepages/36/d117019790/htdocs/ci415/system/CodeIgniter.php(410): CodeIgniter\CodeIgniter->runController(Object(App\Controllers\Home))
#8 /homepages/36/d117019790/htdocs/ci415/system/CodeIgniter.php(318): CodeIgniter\CodeIgniter->handleRequest(NULL, Object(Config\Cache), false)
#9 /homepages/36/d117019790/htdocs/ci415/public/index.php(37): CodeIgniter\CodeIgniter->run()
#10 {main}
CRITICAL - 2021-12-19 22:17:26 --> include(mod-confirm-mem.php): failed to open stream: No such file or directory
#0 /homepages/36/d117019790/htdocs/ci415/app/Views/template/footer.php(18): CodeIgniter\Debug\Exceptions->errorHandler(2, 'include(mod-con...', '/homepages/36/d...', 18, Array)
#1 /homepages/36/d117019790/htdocs/ci415/app/Views/template/footer.php(18): include()
#2 /homepages/36/d117019790/htdocs/ci415/system/View/View.php(214): include('/homepages/36/d...')
#3 /homepages/36/d117019790/htdocs/ci415/system/View/View.php(217): CodeIgniter\View\View->CodeIgniter\View\{closure}()
#4 /homepages/36/d117019790/htdocs/ci415/system/Common.php(1097): CodeIgniter\View\View->render('template/footer', Array, true)
#5 /homepages/36/d117019790/htdocs/ci415/app/Controllers/Home.php(239): view('template/footer')
#6 /homepages/36/d117019790/htdocs/ci415/system/CodeIgniter.php(824): App\Controllers\Home->logout()
#7 /homepages/36/d117019790/htdocs/ci415/system/CodeIgniter.php(410): CodeIgniter\CodeIgniter->runController(Object(App\Controllers\Home))
#8 /homepages/36/d117019790/htdocs/ci415/system/CodeIgniter.php(318): CodeIgniter\CodeIgniter->handleRequest(NULL, Object(Config\Cache), false)
#9 /homepages/36/d117019790/htdocs/ci415/public/index.php(37): CodeIgniter\CodeIgniter->run()
#10 {main}
CRITICAL - 2021-12-19 22:18:30 --> include(mod-confirm-mem.php): failed to open stream: No such file or directory
#0 /homepages/36/d117019790/htdocs/ci415/app/Views/template/footer.php(18): CodeIgniter\Debug\Exceptions->errorHandler(2, 'include(mod-con...', '/homepages/36/d...', 18, Array)
#1 /homepages/36/d117019790/htdocs/ci415/app/Views/template/footer.php(18): include()
#2 /homepages/36/d117019790/htdocs/ci415/system/View/View.php(214): include('/homepages/36/d...')
#3 /homepages/36/d117019790/htdocs/ci415/system/View/View.php(217): CodeIgniter\View\View->CodeIgniter\View\{closure}()
#4 /homepages/36/d117019790/htdocs/ci415/system/Common.php(1097): CodeIgniter\View\View->render('template/footer', Array, true)
#5 /homepages/36/d117019790/htdocs/ci415/app/Controllers/Home.php(239): view('template/footer')
#6 /homepages/36/d117019790/htdocs/ci415/system/CodeIgniter.php(824): App\Controllers\Home->logout()
#7 /homepages/36/d117019790/htdocs/ci415/system/CodeIgniter.php(410): CodeIgniter\CodeIgniter->runController(Object(App\Controllers\Home))
#8 /homepages/36/d117019790/htdocs/ci415/system/CodeIgniter.php(318): CodeIgniter\CodeIgniter->handleRequest(NULL, Object(Config\Cache), false)
#9 /homepages/36/d117019790/htdocs/ci415/public/index.php(37): CodeIgniter\CodeIgniter->run()
#10 {main}
CRITICAL - 2021-12-19 22:18:53 --> include(mod-confirm-mem.php): failed to open stream: No such file or directory
#0 /homepages/36/d117019790/htdocs/ci415/app/Views/template/footer.php(18): CodeIgniter\Debug\Exceptions->errorHandler(2, 'include(mod-con...', '/homepages/36/d...', 18, Array)
#1 /homepages/36/d117019790/htdocs/ci415/app/Views/template/footer.php(18): include()
#2 /homepages/36/d117019790/htdocs/ci415/system/View/View.php(214): include('/homepages/36/d...')
#3 /homepages/36/d117019790/htdocs/ci415/system/View/View.php(217): CodeIgniter\View\View->CodeIgniter\View\{closure}()
#4 /homepages/36/d117019790/htdocs/ci415/system/Common.php(1097): CodeIgniter\View\View->render('template/footer', Array, true)
#5 /homepages/36/d117019790/htdocs/ci415/app/Controllers/Home.php(239): view('template/footer')
#6 /homepages/36/d117019790/htdocs/ci415/system/CodeIgniter.php(824): App\Controllers\Home->logout()
#7 /homepages/36/d117019790/htdocs/ci415/system/CodeIgniter.php(410): CodeIgniter\CodeIgniter->runController(Object(App\Controllers\Home))
#8 /homepages/36/d117019790/htdocs/ci415/system/CodeIgniter.php(318): CodeIgniter\CodeIgniter->handleRequest(NULL, Object(Config\Cache), false)
#9 /homepages/36/d117019790/htdocs/ci415/public/index.php(37): CodeIgniter\CodeIgniter->run()
#10 {main}
CRITICAL - 2021-12-19 22:19:49 --> include(mod-confirm-mem.php): failed to open stream: No such file or directory
#0 /homepages/36/d117019790/htdocs/ci415/app/Views/template/footer.php(18): CodeIgniter\Debug\Exceptions->errorHandler(2, 'include(mod-con...', '/homepages/36/d...', 18, Array)
#1 /homepages/36/d117019790/htdocs/ci415/app/Views/template/footer.php(18): include()
#2 /homepages/36/d117019790/htdocs/ci415/system/View/View.php(214): include('/homepages/36/d...')
#3 /homepages/36/d117019790/htdocs/ci415/system/View/View.php(217): CodeIgniter\View\View->CodeIgniter\View\{closure}()
#4 /homepages/36/d117019790/htdocs/ci415/system/Common.php(1097): CodeIgniter\View\View->render('template/footer', Array, true)
#5 /homepages/36/d117019790/htdocs/ci415/app/Controllers/Home.php(239): view('template/footer')
#6 /homepages/36/d117019790/htdocs/ci415/system/CodeIgniter.php(824): App\Controllers\Home->logout()
#7 /homepages/36/d117019790/htdocs/ci415/system/CodeIgniter.php(410): CodeIgniter\CodeIgniter->runController(Object(App\Controllers\Home))
#8 /homepages/36/d117019790/htdocs/ci415/system/CodeIgniter.php(318): CodeIgniter\CodeIgniter->handleRequest(NULL, Object(Config\Cache), false)
#9 /homepages/36/d117019790/htdocs/ci415/public/index.php(37): CodeIgniter\CodeIgniter->run()
#10 {main}
CRITICAL - 2021-12-19 22:20:16 --> include(mod-confirm-mem.php): failed to open stream: No such file or directory
#0 /homepages/36/d117019790/htdocs/ci415/app/Views/template/footer.php(18): CodeIgniter\Debug\Exceptions->errorHandler(2, 'include(mod-con...', '/homepages/36/d...', 18, Array)
#1 /homepages/36/d117019790/htdocs/ci415/app/Views/template/footer.php(18): include()
#2 /homepages/36/d117019790/htdocs/ci415/system/View/View.php(214): include('/homepages/36/d...')
#3 /homepages/36/d117019790/htdocs/ci415/system/View/View.php(217): CodeIgniter\View\View->CodeIgniter\View\{closure}()
#4 /homepages/36/d117019790/htdocs/ci415/system/Common.php(1097): CodeIgniter\View\View->render('template/footer', Array, true)
#5 /homepages/36/d117019790/htdocs/ci415/app/Controllers/Home.php(239): view('template/footer')
#6 /homepages/36/d117019790/htdocs/ci415/system/CodeIgniter.php(824): App\Controllers\Home->logout()
#7 /homepages/36/d117019790/htdocs/ci415/system/CodeIgniter.php(410): CodeIgniter\CodeIgniter->runController(Object(App\Controllers\Home))
#8 /homepages/36/d117019790/htdocs/ci415/system/CodeIgniter.php(318): CodeIgniter\CodeIgniter->handleRequest(NULL, Object(Config\Cache), false)
#9 /homepages/36/d117019790/htdocs/ci415/public/index.php(37): CodeIgniter\CodeIgniter->run()
#10 {main}
