ERROR - 2022-01-06 20:17:08 --> Error connecting to the database: Access denied for user '****'@'infong1549.perfora.net' (using password: YES)
CRITICAL - 2022-01-06 20:17:08 --> Unable to connect to the database.
Main connection [MySQLi]: Access denied for user '****'@'infong1549.perfora.net' (using password: YES)
#0 /homepages/36/d117019790/htdocs/mdarc-dev/system/Database/BaseConnection.php(577): CodeIgniter\Database\BaseConnection->initialize()
#1 /homepages/36/d117019790/htdocs/mdarc-dev/system/Database/BaseBuilder.php(1443): CodeIgniter\Database\BaseConnection->query('SELECT *\nFROM `...', Array, false)
#2 /homepages/36/d117019790/htdocs/mdarc-dev/app/Models/Login_model.php(71): CodeIgniter\Database\BaseBuilder->get()
#3 /homepages/36/d117019790/htdocs/mdarc-dev/app/Controllers/Login.php(46): App\Models\Login_model->check_credentials(Array)
#4 /homepages/36/d117019790/htdocs/mdarc-dev/app/Controllers/Login.php(10): App\Controllers\Login->validate_credentials()
#5 /homepages/36/d117019790/htdocs/mdarc-dev/system/CodeIgniter.php(824): App\Controllers\Login->index()
#6 /homepages/36/d117019790/htdocs/mdarc-dev/system/CodeIgniter.php(410): CodeIgniter\CodeIgniter->runController(Object(App\Controllers\Login))
#7 /homepages/36/d117019790/htdocs/mdarc-dev/system/CodeIgniter.php(318): CodeIgniter\CodeIgniter->handleRequest(NULL, Object(Config\Cache), false)
#8 /homepages/36/d117019790/htdocs/mdarc-dev/public/index.php(37): CodeIgniter\CodeIgniter->run()
#9 {main}
ERROR - 2022-01-06 20:27:18 --> Error connecting to the database: Access denied for user '****'@'infong1549.perfora.net' (using password: YES)
CRITICAL - 2022-01-06 20:27:18 --> Unable to connect to the database.
Main connection [MySQLi]: Access denied for user '****'@'infong1549.perfora.net' (using password: YES)
#0 /homepages/36/d117019790/htdocs/mdarc-dev/system/Database/BaseConnection.php(577): CodeIgniter\Database\BaseConnection->initialize()
#1 /homepages/36/d117019790/htdocs/mdarc-dev/system/Database/BaseBuilder.php(1443): CodeIgniter\Database\BaseConnection->query('SELECT *\nFROM `...', Array, false)
#2 /homepages/36/d117019790/htdocs/mdarc-dev/app/Models/Login_model.php(71): CodeIgniter\Database\BaseBuilder->get()
#3 /homepages/36/d117019790/htdocs/mdarc-dev/app/Controllers/Login.php(41): App\Models\Login_model->check_credentials(Array)
#4 /homepages/36/d117019790/htdocs/mdarc-dev/app/Controllers/Login.php(9): App\Controllers\Login->validate_credentials()
#5 /homepages/36/d117019790/htdocs/mdarc-dev/system/CodeIgniter.php(824): App\Controllers\Login->index()
#6 /homepages/36/d117019790/htdocs/mdarc-dev/system/CodeIgniter.php(410): CodeIgniter\CodeIgniter->runController(Object(App\Controllers\Login))
#7 /homepages/36/d117019790/htdocs/mdarc-dev/system/CodeIgniter.php(318): CodeIgniter\CodeIgniter->handleRequest(NULL, Object(Config\Cache), false)
#8 /homepages/36/d117019790/htdocs/mdarc-dev/public/index.php(37): CodeIgniter\CodeIgniter->run()
#9 {main}
ERROR - 2022-01-06 20:28:16 --> Error connecting to the database: Access denied for user '****'@'infong1549.perfora.net' (using password: YES)
CRITICAL - 2022-01-06 20:28:16 --> Unable to connect to the database.
Main connection [MySQLi]: Access denied for user '****'@'infong1549.perfora.net' (using password: YES)
#0 /homepages/36/d117019790/htdocs/mdarc-dev/system/Database/BaseConnection.php(577): CodeIgniter\Database\BaseConnection->initialize()
#1 /homepages/36/d117019790/htdocs/mdarc-dev/system/Database/BaseBuilder.php(1443): CodeIgniter\Database\BaseConnection->query('SELECT *\nFROM `...', Array, false)
#2 /homepages/36/d117019790/htdocs/mdarc-dev/app/Models/Login_model.php(71): CodeIgniter\Database\BaseBuilder->get()
#3 /homepages/36/d117019790/htdocs/mdarc-dev/app/Controllers/Login.php(41): App\Models\Login_model->check_credentials(Array)
#4 /homepages/36/d117019790/htdocs/mdarc-dev/app/Controllers/Login.php(9): App\Controllers\Login->validate_credentials()
#5 /homepages/36/d117019790/htdocs/mdarc-dev/system/CodeIgniter.php(824): App\Controllers\Login->index()
#6 /homepages/36/d117019790/htdocs/mdarc-dev/system/CodeIgniter.php(410): CodeIgniter\CodeIgniter->runController(Object(App\Controllers\Login))
#7 /homepages/36/d117019790/htdocs/mdarc-dev/system/CodeIgniter.php(318): CodeIgniter\CodeIgniter->handleRequest(NULL, Object(Config\Cache), false)
#8 /homepages/36/d117019790/htdocs/mdarc-dev/public/index.php(37): CodeIgniter\CodeIgniter->run()
#9 {main}
ERROR - 2022-01-06 20:30:15 --> Error connecting to the database: Access denied for user '****'@'infong1549.perfora.net' (using password: YES)
CRITICAL - 2022-01-06 20:30:15 --> Unable to connect to the database.
Main connection [MySQLi]: Access denied for user '****'@'infong1549.perfora.net' (using password: YES)
#0 /homepages/36/d117019790/htdocs/mdarc-dev/system/Database/BaseConnection.php(577): CodeIgniter\Database\BaseConnection->initialize()
#1 /homepages/36/d117019790/htdocs/mdarc-dev/system/Database/BaseBuilder.php(1443): CodeIgniter\Database\BaseConnection->query('SELECT *\nFROM `...', Array, false)
#2 /homepages/36/d117019790/htdocs/mdarc-dev/app/Models/Login_model.php(71): CodeIgniter\Database\BaseBuilder->get()
#3 /homepages/36/d117019790/htdocs/mdarc-dev/app/Controllers/Login.php(44): App\Models\Login_model->check_credentials(Array)
#4 /homepages/36/d117019790/htdocs/mdarc-dev/app/Controllers/Login.php(9): App\Controllers\Login->validate_credentials()
#5 /homepages/36/d117019790/htdocs/mdarc-dev/system/CodeIgniter.php(824): App\Controllers\Login->index()
#6 /homepages/36/d117019790/htdocs/mdarc-dev/system/CodeIgniter.php(410): CodeIgniter\CodeIgniter->runController(Object(App\Controllers\Login))
#7 /homepages/36/d117019790/htdocs/mdarc-dev/system/CodeIgniter.php(318): CodeIgniter\CodeIgniter->handleRequest(NULL, Object(Config\Cache), false)
#8 /homepages/36/d117019790/htdocs/mdarc-dev/public/index.php(37): CodeIgniter\CodeIgniter->run()
#9 {main}
ERROR - 2022-01-06 20:31:46 --> Error connecting to the database: Access denied for user '****'@'infong1549.perfora.net' (using password: YES)
CRITICAL - 2022-01-06 20:31:46 --> Unable to connect to the database.
Main connection [MySQLi]: Access denied for user '****'@'infong1549.perfora.net' (using password: YES)
#0 /homepages/36/d117019790/htdocs/mdarc-dev/system/Database/BaseConnection.php(577): CodeIgniter\Database\BaseConnection->initialize()
#1 /homepages/36/d117019790/htdocs/mdarc-dev/system/Database/BaseBuilder.php(1443): CodeIgniter\Database\BaseConnection->query('SELECT *\nFROM `...', Array, false)
#2 /homepages/36/d117019790/htdocs/mdarc-dev/app/Models/Login_model.php(71): CodeIgniter\Database\BaseBuilder->get()
#3 /homepages/36/d117019790/htdocs/mdarc-dev/app/Controllers/Login.php(41): App\Models\Login_model->check_credentials(Array)
#4 /homepages/36/d117019790/htdocs/mdarc-dev/app/Controllers/Login.php(8): App\Controllers\Login->validate_credentials()
#5 /homepages/36/d117019790/htdocs/mdarc-dev/system/CodeIgniter.php(824): App\Controllers\Login->index()
#6 /homepages/36/d117019790/htdocs/mdarc-dev/system/CodeIgniter.php(410): CodeIgniter\CodeIgniter->runController(Object(App\Controllers\Login))
#7 /homepages/36/d117019790/htdocs/mdarc-dev/system/CodeIgniter.php(318): CodeIgniter\CodeIgniter->handleRequest(NULL, Object(Config\Cache), false)
#8 /homepages/36/d117019790/htdocs/mdarc-dev/public/index.php(37): CodeIgniter\CodeIgniter->run()
#9 {main}
CRITICAL - 2022-01-06 20:35:22 --> syntax error, unexpected '*'
#0 /homepages/36/d117019790/htdocs/mdarc-dev/system/Autoloader/Autoloader.php(241): CodeIgniter\Autoloader\Autoloader->includeFile('/homepages/36/d...')
#1 /homepages/36/d117019790/htdocs/mdarc-dev/system/Autoloader/Autoloader.php(219): CodeIgniter\Autoloader\Autoloader->loadInNamespace('App\\Controllers...')
#2 [internal function]: CodeIgniter\Autoloader\Autoloader->loadClass('App\\Controllers...')
#3 [internal function]: spl_autoload_call('App\\Controllers...')
#4 /homepages/36/d117019790/htdocs/mdarc-dev/system/CodeIgniter.php(789): class_exists('\\App\\Controller...', true)
#5 /homepages/36/d117019790/htdocs/mdarc-dev/system/CodeIgniter.php(397): CodeIgniter\CodeIgniter->startController()
#6 /homepages/36/d117019790/htdocs/mdarc-dev/system/CodeIgniter.php(318): CodeIgniter\CodeIgniter->handleRequest(NULL, Object(Config\Cache), false)
#7 /homepages/36/d117019790/htdocs/mdarc-dev/public/index.php(37): CodeIgniter\CodeIgniter->run()
#8 {main}
ERROR - 2022-01-06 20:39:08 --> Error connecting to the database: Access denied for user '****'@'infong1549.perfora.net' (using password: YES)
CRITICAL - 2022-01-06 20:39:08 --> Unable to connect to the database.
Main connection [MySQLi]: Access denied for user '****'@'infong1549.perfora.net' (using password: YES)
#0 /homepages/36/d117019790/htdocs/mdarc-dev/system/Database/BaseConnection.php(577): CodeIgniter\Database\BaseConnection->initialize()
#1 /homepages/36/d117019790/htdocs/mdarc-dev/system/Database/BaseBuilder.php(1443): CodeIgniter\Database\BaseConnection->query('SELECT *\nFROM `...', Array, false)
#2 /homepages/36/d117019790/htdocs/mdarc-dev/app/Models/Login_model.php(71): CodeIgniter\Database\BaseBuilder->get()
#3 /homepages/36/d117019790/htdocs/mdarc-dev/app/Controllers/Login.php(42): App\Models\Login_model->check_credentials(Array)
#4 /homepages/36/d117019790/htdocs/mdarc-dev/app/Controllers/Login.php(9): App\Controllers\Login->validate_credentials()
#5 /homepages/36/d117019790/htdocs/mdarc-dev/system/CodeIgniter.php(824): App\Controllers\Login->index()
#6 /homepages/36/d117019790/htdocs/mdarc-dev/system/CodeIgniter.php(410): CodeIgniter\CodeIgniter->runController(Object(App\Controllers\Login))
#7 /homepages/36/d117019790/htdocs/mdarc-dev/system/CodeIgniter.php(318): CodeIgniter\CodeIgniter->handleRequest(NULL, Object(Config\Cache), false)
#8 /homepages/36/d117019790/htdocs/mdarc-dev/public/index.php(37): CodeIgniter\CodeIgniter->run()
#9 {main}
ERROR - 2022-01-06 20:41:58 --> Error connecting to the database: Access denied for user '****'@'infong1549.perfora.net' (using password: YES)
CRITICAL - 2022-01-06 20:41:58 --> Unable to connect to the database.
Main connection [MySQLi]: Access denied for user '****'@'infong1549.perfora.net' (using password: YES)
#0 /homepages/36/d117019790/htdocs/mdarc-dev/system/Database/BaseConnection.php(577): CodeIgniter\Database\BaseConnection->initialize()
#1 /homepages/36/d117019790/htdocs/mdarc-dev/system/Database/BaseBuilder.php(1443): CodeIgniter\Database\BaseConnection->query('SELECT *\nFROM `...', Array, false)
#2 /homepages/36/d117019790/htdocs/mdarc-dev/app/Models/Login_model.php(71): CodeIgniter\Database\BaseBuilder->get()
#3 /homepages/36/d117019790/htdocs/mdarc-dev/app/Controllers/Login.php(42): App\Models\Login_model->check_credentials(Array)
#4 /homepages/36/d117019790/htdocs/mdarc-dev/app/Controllers/Login.php(9): App\Controllers\Login->validate_credentials()
#5 /homepages/36/d117019790/htdocs/mdarc-dev/system/CodeIgniter.php(824): App\Controllers\Login->index()
#6 /homepages/36/d117019790/htdocs/mdarc-dev/system/CodeIgniter.php(410): CodeIgniter\CodeIgniter->runController(Object(App\Controllers\Login))
#7 /homepages/36/d117019790/htdocs/mdarc-dev/system/CodeIgniter.php(318): CodeIgniter\CodeIgniter->handleRequest(NULL, Object(Config\Cache), false)
#8 /homepages/36/d117019790/htdocs/mdarc-dev/public/index.php(37): CodeIgniter\CodeIgniter->run()
#9 {main}
ERROR - 2022-01-06 20:49:49 --> Error connecting to the database: Access denied for user '****'@'infong1549.perfora.net' (using password: YES)
CRITICAL - 2022-01-06 20:49:49 --> Unable to connect to the database.
Main connection [MySQLi]: Access denied for user '****'@'infong1549.perfora.net' (using password: YES)
#0 /homepages/36/d117019790/htdocs/mdarc-dev/system/Database/BaseConnection.php(577): CodeIgniter\Database\BaseConnection->initialize()
#1 /homepages/36/d117019790/htdocs/mdarc-dev/system/Database/BaseBuilder.php(1443): CodeIgniter\Database\BaseConnection->query('SELECT *\nFROM `...', Array, false)
#2 /homepages/36/d117019790/htdocs/mdarc-dev/app/Models/Login_model.php(71): CodeIgniter\Database\BaseBuilder->get()
#3 /homepages/36/d117019790/htdocs/mdarc-dev/app/Controllers/Login.php(42): App\Models\Login_model->check_credentials(Array)
#4 /homepages/36/d117019790/htdocs/mdarc-dev/app/Controllers/Login.php(9): App\Controllers\Login->validate_credentials()
#5 /homepages/36/d117019790/htdocs/mdarc-dev/system/CodeIgniter.php(824): App\Controllers\Login->index()
#6 /homepages/36/d117019790/htdocs/mdarc-dev/system/CodeIgniter.php(410): CodeIgniter\CodeIgniter->runController(Object(App\Controllers\Login))
#7 /homepages/36/d117019790/htdocs/mdarc-dev/system/CodeIgniter.php(318): CodeIgniter\CodeIgniter->handleRequest(NULL, Object(Config\Cache), false)
#8 /homepages/36/d117019790/htdocs/mdarc-dev/public/index.php(37): CodeIgniter\CodeIgniter->run()
#9 {main}
ERROR - 2022-01-06 20:50:55 --> Error connecting to the database: Access denied for user '****'@'infong1549.perfora.net' (using password: YES)
CRITICAL - 2022-01-06 20:50:55 --> Unable to connect to the database.
Main connection [MySQLi]: Access denied for user '****'@'infong1549.perfora.net' (using password: YES)
#0 /homepages/36/d117019790/htdocs/mdarc-dev/system/Database/BaseConnection.php(577): CodeIgniter\Database\BaseConnection->initialize()
#1 /homepages/36/d117019790/htdocs/mdarc-dev/system/Database/BaseBuilder.php(1443): CodeIgniter\Database\BaseConnection->query('SELECT *\nFROM `...', Array, false)
#2 /homepages/36/d117019790/htdocs/mdarc-dev/app/Models/Login_model.php(71): CodeIgniter\Database\BaseBuilder->get()
#3 /homepages/36/d117019790/htdocs/mdarc-dev/app/Controllers/Login.php(42): App\Models\Login_model->check_credentials(Array)
#4 /homepages/36/d117019790/htdocs/mdarc-dev/app/Controllers/Login.php(9): App\Controllers\Login->validate_credentials()
#5 /homepages/36/d117019790/htdocs/mdarc-dev/system/CodeIgniter.php(824): App\Controllers\Login->index()
#6 /homepages/36/d117019790/htdocs/mdarc-dev/system/CodeIgniter.php(410): CodeIgniter\CodeIgniter->runController(Object(App\Controllers\Login))
#7 /homepages/36/d117019790/htdocs/mdarc-dev/system/CodeIgniter.php(318): CodeIgniter\CodeIgniter->handleRequest(NULL, Object(Config\Cache), false)
#8 /homepages/36/d117019790/htdocs/mdarc-dev/public/index.php(37): CodeIgniter\CodeIgniter->run()
#9 {main}
ERROR - 2022-01-06 20:51:31 --> Error connecting to the database: Access denied for user '****'@'infong1549.perfora.net' (using password: YES)
CRITICAL - 2022-01-06 20:51:31 --> Unable to connect to the database.
Main connection [MySQLi]: Access denied for user '****'@'infong1549.perfora.net' (using password: YES)
#0 /homepages/36/d117019790/htdocs/mdarc-dev/system/Database/BaseConnection.php(577): CodeIgniter\Database\BaseConnection->initialize()
#1 /homepages/36/d117019790/htdocs/mdarc-dev/system/Database/BaseBuilder.php(1443): CodeIgniter\Database\BaseConnection->query('SELECT *\nFROM `...', Array, false)
#2 /homepages/36/d117019790/htdocs/mdarc-dev/app/Models/Login_model.php(71): CodeIgniter\Database\BaseBuilder->get()
#3 /homepages/36/d117019790/htdocs/mdarc-dev/app/Controllers/Login.php(42): App\Models\Login_model->check_credentials(Array)
#4 /homepages/36/d117019790/htdocs/mdarc-dev/app/Controllers/Login.php(9): App\Controllers\Login->validate_credentials()
#5 /homepages/36/d117019790/htdocs/mdarc-dev/system/CodeIgniter.php(824): App\Controllers\Login->index()
#6 /homepages/36/d117019790/htdocs/mdarc-dev/system/CodeIgniter.php(410): CodeIgniter\CodeIgniter->runController(Object(App\Controllers\Login))
#7 /homepages/36/d117019790/htdocs/mdarc-dev/system/CodeIgniter.php(318): CodeIgniter\CodeIgniter->handleRequest(NULL, Object(Config\Cache), false)
#8 /homepages/36/d117019790/htdocs/mdarc-dev/public/index.php(37): CodeIgniter\CodeIgniter->run()
#9 {main}
ERROR - 2022-01-06 20:56:13 --> Error connecting to the database: Access denied for user '****'@'infong1549.perfora.net' (using password: YES)
CRITICAL - 2022-01-06 20:56:13 --> Unable to connect to the database.
Main connection [MySQLi]: Access denied for user '****'@'infong1549.perfora.net' (using password: YES)
#0 /homepages/36/d117019790/htdocs/mdarc-dev/system/Database/BaseConnection.php(577): CodeIgniter\Database\BaseConnection->initialize()
#1 /homepages/36/d117019790/htdocs/mdarc-dev/system/Database/BaseBuilder.php(1443): CodeIgniter\Database\BaseConnection->query('SELECT *\nFROM `...', Array, false)
#2 /homepages/36/d117019790/htdocs/mdarc-dev/app/Models/Login_model.php(71): CodeIgniter\Database\BaseBuilder->get()
#3 /homepages/36/d117019790/htdocs/mdarc-dev/app/Controllers/Login.php(42): App\Models\Login_model->check_credentials(Array)
#4 /homepages/36/d117019790/htdocs/mdarc-dev/app/Controllers/Login.php(9): App\Controllers\Login->validate_credentials()
#5 /homepages/36/d117019790/htdocs/mdarc-dev/system/CodeIgniter.php(824): App\Controllers\Login->index()
#6 /homepages/36/d117019790/htdocs/mdarc-dev/system/CodeIgniter.php(410): CodeIgniter\CodeIgniter->runController(Object(App\Controllers\Login))
#7 /homepages/36/d117019790/htdocs/mdarc-dev/system/CodeIgniter.php(318): CodeIgniter\CodeIgniter->handleRequest(NULL, Object(Config\Cache), false)
#8 /homepages/36/d117019790/htdocs/mdarc-dev/public/index.php(37): CodeIgniter\CodeIgniter->run()
#9 {main}
ERROR - 2022-01-06 20:57:31 --> Error connecting to the database: Access denied for user '****'@'infong1549.perfora.net' (using password: YES)
CRITICAL - 2022-01-06 20:57:31 --> Unable to connect to the database.
Main connection [MySQLi]: Access denied for user '****'@'infong1549.perfora.net' (using password: YES)
#0 /homepages/36/d117019790/htdocs/mdarc-dev/system/Database/BaseConnection.php(577): CodeIgniter\Database\BaseConnection->initialize()
#1 /homepages/36/d117019790/htdocs/mdarc-dev/system/Database/BaseBuilder.php(1443): CodeIgniter\Database\BaseConnection->query('SELECT *\nFROM `...', Array, false)
#2 /homepages/36/d117019790/htdocs/mdarc-dev/app/Models/Login_model.php(71): CodeIgniter\Database\BaseBuilder->get()
#3 /homepages/36/d117019790/htdocs/mdarc-dev/app/Controllers/Login.php(42): App\Models\Login_model->check_credentials(Array)
#4 /homepages/36/d117019790/htdocs/mdarc-dev/app/Controllers/Login.php(9): App\Controllers\Login->validate_credentials()
#5 /homepages/36/d117019790/htdocs/mdarc-dev/system/CodeIgniter.php(824): App\Controllers\Login->index()
#6 /homepages/36/d117019790/htdocs/mdarc-dev/system/CodeIgniter.php(410): CodeIgniter\CodeIgniter->runController(Object(App\Controllers\Login))
#7 /homepages/36/d117019790/htdocs/mdarc-dev/system/CodeIgniter.php(318): CodeIgniter\CodeIgniter->handleRequest(NULL, Object(Config\Cache), false)
#8 /homepages/36/d117019790/htdocs/mdarc-dev/public/index.php(37): CodeIgniter\CodeIgniter->run()
#9 {main}
ERROR - 2022-01-06 20:57:44 --> Error connecting to the database: Access denied for user '****'@'infong1549.perfora.net' (using password: YES)
CRITICAL - 2022-01-06 20:57:44 --> Unable to connect to the database.
Main connection [MySQLi]: Access denied for user '****'@'infong1549.perfora.net' (using password: YES)
#0 /homepages/36/d117019790/htdocs/mdarc-dev/system/Database/BaseConnection.php(577): CodeIgniter\Database\BaseConnection->initialize()
#1 /homepages/36/d117019790/htdocs/mdarc-dev/system/Database/BaseBuilder.php(1443): CodeIgniter\Database\BaseConnection->query('SELECT *\nFROM `...', Array, false)
#2 /homepages/36/d117019790/htdocs/mdarc-dev/app/Models/Login_model.php(71): CodeIgniter\Database\BaseBuilder->get()
#3 /homepages/36/d117019790/htdocs/mdarc-dev/app/Controllers/Login.php(42): App\Models\Login_model->check_credentials(Array)
#4 /homepages/36/d117019790/htdocs/mdarc-dev/app/Controllers/Login.php(9): App\Controllers\Login->validate_credentials()
#5 /homepages/36/d117019790/htdocs/mdarc-dev/system/CodeIgniter.php(824): App\Controllers\Login->index()
#6 /homepages/36/d117019790/htdocs/mdarc-dev/system/CodeIgniter.php(410): CodeIgniter\CodeIgniter->runController(Object(App\Controllers\Login))
#7 /homepages/36/d117019790/htdocs/mdarc-dev/system/CodeIgniter.php(318): CodeIgniter\CodeIgniter->handleRequest(NULL, Object(Config\Cache), false)
#8 /homepages/36/d117019790/htdocs/mdarc-dev/public/index.php(37): CodeIgniter\CodeIgniter->run()
#9 {main}
ERROR - 2022-01-06 20:57:55 --> Error connecting to the database: Access denied for user '****'@'infong1549.perfora.net' (using password: YES)
CRITICAL - 2022-01-06 20:57:55 --> Unable to connect to the database.
Main connection [MySQLi]: Access denied for user '****'@'infong1549.perfora.net' (using password: YES)
#0 /homepages/36/d117019790/htdocs/mdarc-dev/system/Database/BaseConnection.php(577): CodeIgniter\Database\BaseConnection->initialize()
#1 /homepages/36/d117019790/htdocs/mdarc-dev/system/Database/BaseBuilder.php(1443): CodeIgniter\Database\BaseConnection->query('SELECT *\nFROM `...', Array, false)
#2 /homepages/36/d117019790/htdocs/mdarc-dev/app/Models/Login_model.php(71): CodeIgniter\Database\BaseBuilder->get()
#3 /homepages/36/d117019790/htdocs/mdarc-dev/app/Controllers/Login.php(42): App\Models\Login_model->check_credentials(Array)
#4 /homepages/36/d117019790/htdocs/mdarc-dev/app/Controllers/Login.php(9): App\Controllers\Login->validate_credentials()
#5 /homepages/36/d117019790/htdocs/mdarc-dev/system/CodeIgniter.php(824): App\Controllers\Login->index()
#6 /homepages/36/d117019790/htdocs/mdarc-dev/system/CodeIgniter.php(410): CodeIgniter\CodeIgniter->runController(Object(App\Controllers\Login))
#7 /homepages/36/d117019790/htdocs/mdarc-dev/system/CodeIgniter.php(318): CodeIgniter\CodeIgniter->handleRequest(NULL, Object(Config\Cache), false)
#8 /homepages/36/d117019790/htdocs/mdarc-dev/public/index.php(37): CodeIgniter\CodeIgniter->run()
#9 {main}
ERROR - 2022-01-06 20:58:04 --> Error connecting to the database: Access denied for user '****'@'infong1549.perfora.net' (using password: YES)
CRITICAL - 2022-01-06 20:58:04 --> Unable to connect to the database.
Main connection [MySQLi]: Access denied for user '****'@'infong1549.perfora.net' (using password: YES)
#0 /homepages/36/d117019790/htdocs/mdarc-dev/system/Database/BaseConnection.php(577): CodeIgniter\Database\BaseConnection->initialize()
#1 /homepages/36/d117019790/htdocs/mdarc-dev/system/Database/BaseBuilder.php(1443): CodeIgniter\Database\BaseConnection->query('SELECT *\nFROM `...', Array, false)
#2 /homepages/36/d117019790/htdocs/mdarc-dev/app/Models/Login_model.php(71): CodeIgniter\Database\BaseBuilder->get()
#3 /homepages/36/d117019790/htdocs/mdarc-dev/app/Controllers/Login.php(42): App\Models\Login_model->check_credentials(Array)
#4 /homepages/36/d117019790/htdocs/mdarc-dev/app/Controllers/Login.php(9): App\Controllers\Login->validate_credentials()
#5 /homepages/36/d117019790/htdocs/mdarc-dev/system/CodeIgniter.php(824): App\Controllers\Login->index()
#6 /homepages/36/d117019790/htdocs/mdarc-dev/system/CodeIgniter.php(410): CodeIgniter\CodeIgniter->runController(Object(App\Controllers\Login))
#7 /homepages/36/d117019790/htdocs/mdarc-dev/system/CodeIgniter.php(318): CodeIgniter\CodeIgniter->handleRequest(NULL, Object(Config\Cache), false)
#8 /homepages/36/d117019790/htdocs/mdarc-dev/public/index.php(37): CodeIgniter\CodeIgniter->run()
#9 {main}
ERROR - 2022-01-06 20:58:19 --> Error connecting to the database: Access denied for user '****'@'infong1549.perfora.net' (using password: YES)
CRITICAL - 2022-01-06 20:58:19 --> Unable to connect to the database.
Main connection [MySQLi]: Access denied for user '****'@'infong1549.perfora.net' (using password: YES)
#0 /homepages/36/d117019790/htdocs/mdarc-dev/system/Database/BaseConnection.php(577): CodeIgniter\Database\BaseConnection->initialize()
#1 /homepages/36/d117019790/htdocs/mdarc-dev/system/Database/BaseBuilder.php(1443): CodeIgniter\Database\BaseConnection->query('SELECT *\nFROM `...', Array, false)
#2 /homepages/36/d117019790/htdocs/mdarc-dev/app/Models/Login_model.php(71): CodeIgniter\Database\BaseBuilder->get()
#3 /homepages/36/d117019790/htdocs/mdarc-dev/app/Controllers/Login.php(42): App\Models\Login_model->check_credentials(Array)
#4 /homepages/36/d117019790/htdocs/mdarc-dev/app/Controllers/Login.php(9): App\Controllers\Login->validate_credentials()
#5 /homepages/36/d117019790/htdocs/mdarc-dev/system/CodeIgniter.php(824): App\Controllers\Login->index()
#6 /homepages/36/d117019790/htdocs/mdarc-dev/system/CodeIgniter.php(410): CodeIgniter\CodeIgniter->runController(Object(App\Controllers\Login))
#7 /homepages/36/d117019790/htdocs/mdarc-dev/system/CodeIgniter.php(318): CodeIgniter\CodeIgniter->handleRequest(NULL, Object(Config\Cache), false)
#8 /homepages/36/d117019790/htdocs/mdarc-dev/public/index.php(37): CodeIgniter\CodeIgniter->run()
#9 {main}
CRITICAL - 2022-01-06 23:31:08 --> Undefined variable: mem
#0 /homepages/36/d117019790/htdocs/mdarc-dev/app/Views/staff/add_mem_view.php(83): CodeIgniter\Debug\Exceptions->errorHandler(8, 'Undefined varia...', '/homepages/36/d...', 83, Array)
#1 /homepages/36/d117019790/htdocs/mdarc-dev/system/View/View.php(214): include('/homepages/36/d...')
#2 /homepages/36/d117019790/htdocs/mdarc-dev/system/View/View.php(217): CodeIgniter\View\View->CodeIgniter\View\{closure}()
#3 /homepages/36/d117019790/htdocs/mdarc-dev/system/Common.php(1097): CodeIgniter\View\View->render('staff/add_mem_v...', Array, true)
#4 /homepages/36/d117019790/htdocs/mdarc-dev/app/Controllers/Staff.php(44): view('staff/add_mem_v...', Array)
#5 /homepages/36/d117019790/htdocs/mdarc-dev/system/CodeIgniter.php(824): App\Controllers\Staff->add_mem()
#6 /homepages/36/d117019790/htdocs/mdarc-dev/system/CodeIgniter.php(410): CodeIgniter\CodeIgniter->runController(Object(App\Controllers\Staff))
#7 /homepages/36/d117019790/htdocs/mdarc-dev/system/CodeIgniter.php(318): CodeIgniter\CodeIgniter->handleRequest(NULL, Object(Config\Cache), false)
#8 /homepages/36/d117019790/htdocs/mdarc-dev/public/index.php(37): CodeIgniter\CodeIgniter->run()
#9 {main}
CRITICAL - 2022-01-06 23:37:51 --> Undefined variable: mem
#0 /homepages/36/d117019790/htdocs/mdarc-dev/app/Views/master/add_mem_view.php(83): CodeIgniter\Debug\Exceptions->errorHandler(8, 'Undefined varia...', '/homepages/36/d...', 83, Array)
#1 /homepages/36/d117019790/htdocs/mdarc-dev/system/View/View.php(214): include('/homepages/36/d...')
#2 /homepages/36/d117019790/htdocs/mdarc-dev/system/View/View.php(217): CodeIgniter\View\View->CodeIgniter\View\{closure}()
#3 /homepages/36/d117019790/htdocs/mdarc-dev/system/Common.php(1097): CodeIgniter\View\View->render('master/add_mem_...', Array, true)
#4 /homepages/36/d117019790/htdocs/mdarc-dev/app/Controllers/Master.php(249): view('master/add_mem_...', Array)
#5 /homepages/36/d117019790/htdocs/mdarc-dev/system/CodeIgniter.php(824): App\Controllers\Master->add_mem()
#6 /homepages/36/d117019790/htdocs/mdarc-dev/system/CodeIgniter.php(410): CodeIgniter\CodeIgniter->runController(Object(App\Controllers\Master))
#7 /homepages/36/d117019790/htdocs/mdarc-dev/system/CodeIgniter.php(318): CodeIgniter\CodeIgniter->handleRequest(NULL, Object(Config\Cache), false)
#8 /homepages/36/d117019790/htdocs/mdarc-dev/public/index.php(37): CodeIgniter\CodeIgniter->run()
#9 {main}
CRITICAL - 2022-01-06 23:41:07 --> Undefined variable: mem
#0 /homepages/36/d117019790/htdocs/mdarc-dev/app/Views/master/add_mem_view.php(83): CodeIgniter\Debug\Exceptions->errorHandler(8, 'Undefined varia...', '/homepages/36/d...', 83, Array)
#1 /homepages/36/d117019790/htdocs/mdarc-dev/system/View/View.php(214): include('/homepages/36/d...')
#2 /homepages/36/d117019790/htdocs/mdarc-dev/system/View/View.php(217): CodeIgniter\View\View->CodeIgniter\View\{closure}()
#3 /homepages/36/d117019790/htdocs/mdarc-dev/system/Common.php(1097): CodeIgniter\View\View->render('master/add_mem_...', Array, true)
#4 /homepages/36/d117019790/htdocs/mdarc-dev/app/Controllers/Master.php(247): view('master/add_mem_...', Array)
#5 /homepages/36/d117019790/htdocs/mdarc-dev/system/CodeIgniter.php(824): App\Controllers\Master->add_mem()
#6 /homepages/36/d117019790/htdocs/mdarc-dev/system/CodeIgniter.php(410): CodeIgniter\CodeIgniter->runController(Object(App\Controllers\Master))
#7 /homepages/36/d117019790/htdocs/mdarc-dev/system/CodeIgniter.php(318): CodeIgniter\CodeIgniter->handleRequest(NULL, Object(Config\Cache), false)
#8 /homepages/36/d117019790/htdocs/mdarc-dev/public/index.php(37): CodeIgniter\CodeIgniter->run()
#9 {main}
CRITICAL - 2022-01-06 23:42:44 --> Undefined variable: mem
#0 /homepages/36/d117019790/htdocs/mdarc-dev/app/Views/master/add_mem_view.php(83): CodeIgniter\Debug\Exceptions->errorHandler(8, 'Undefined varia...', '/homepages/36/d...', 83, Array)
#1 /homepages/36/d117019790/htdocs/mdarc-dev/system/View/View.php(214): include('/homepages/36/d...')
#2 /homepages/36/d117019790/htdocs/mdarc-dev/system/View/View.php(217): CodeIgniter\View\View->CodeIgniter\View\{closure}()
#3 /homepages/36/d117019790/htdocs/mdarc-dev/system/Common.php(1097): CodeIgniter\View\View->render('master/add_mem_...', Array, true)
#4 /homepages/36/d117019790/htdocs/mdarc-dev/app/Controllers/Master.php(247): view('master/add_mem_...', Array)
#5 /homepages/36/d117019790/htdocs/mdarc-dev/system/CodeIgniter.php(824): App\Controllers\Master->add_mem()
#6 /homepages/36/d117019790/htdocs/mdarc-dev/system/CodeIgniter.php(410): CodeIgniter\CodeIgniter->runController(Object(App\Controllers\Master))
#7 /homepages/36/d117019790/htdocs/mdarc-dev/system/CodeIgniter.php(318): CodeIgniter\CodeIgniter->handleRequest(NULL, Object(Config\Cache), false)
#8 /homepages/36/d117019790/htdocs/mdarc-dev/public/index.php(37): CodeIgniter\CodeIgniter->run()
#9 {main}
CRITICAL - 2022-01-06 23:44:00 --> Undefined variable: mem
#0 /homepages/36/d117019790/htdocs/mdarc-dev/app/Views/master/add_mem_view.php(83): CodeIgniter\Debug\Exceptions->errorHandler(8, 'Undefined varia...', '/homepages/36/d...', 83, Array)
#1 /homepages/36/d117019790/htdocs/mdarc-dev/system/View/View.php(214): include('/homepages/36/d...')
#2 /homepages/36/d117019790/htdocs/mdarc-dev/system/View/View.php(217): CodeIgniter\View\View->CodeIgniter\View\{closure}()
#3 /homepages/36/d117019790/htdocs/mdarc-dev/system/Common.php(1097): CodeIgniter\View\View->render('master/add_mem_...', Array, true)
#4 /homepages/36/d117019790/htdocs/mdarc-dev/app/Controllers/Master.php(247): view('master/add_mem_...', Array)
#5 /homepages/36/d117019790/htdocs/mdarc-dev/system/CodeIgniter.php(824): App\Controllers\Master->add_mem()
#6 /homepages/36/d117019790/htdocs/mdarc-dev/system/CodeIgniter.php(410): CodeIgniter\CodeIgniter->runController(Object(App\Controllers\Master))
#7 /homepages/36/d117019790/htdocs/mdarc-dev/system/CodeIgniter.php(318): CodeIgniter\CodeIgniter->handleRequest(NULL, Object(Config\Cache), false)
#8 /homepages/36/d117019790/htdocs/mdarc-dev/public/index.php(37): CodeIgniter\CodeIgniter->run()
#9 {main}
CRITICAL - 2022-01-06 23:44:50 --> Undefined variable: mem
#0 /homepages/36/d117019790/htdocs/mdarc-dev/app/Views/master/add_mem_view.php(83): CodeIgniter\Debug\Exceptions->errorHandler(8, 'Undefined varia...', '/homepages/36/d...', 83, Array)
#1 /homepages/36/d117019790/htdocs/mdarc-dev/system/View/View.php(214): include('/homepages/36/d...')
#2 /homepages/36/d117019790/htdocs/mdarc-dev/system/View/View.php(217): CodeIgniter\View\View->CodeIgniter\View\{closure}()
#3 /homepages/36/d117019790/htdocs/mdarc-dev/system/Common.php(1097): CodeIgniter\View\View->render('master/add_mem_...', Array, true)
#4 /homepages/36/d117019790/htdocs/mdarc-dev/app/Controllers/Master.php(247): view('master/add_mem_...', Array)
#5 /homepages/36/d117019790/htdocs/mdarc-dev/system/CodeIgniter.php(824): App\Controllers\Master->add_mem()
#6 /homepages/36/d117019790/htdocs/mdarc-dev/system/CodeIgniter.php(410): CodeIgniter\CodeIgniter->runController(Object(App\Controllers\Master))
#7 /homepages/36/d117019790/htdocs/mdarc-dev/system/CodeIgniter.php(318): CodeIgniter\CodeIgniter->handleRequest(NULL, Object(Config\Cache), false)
#8 /homepages/36/d117019790/htdocs/mdarc-dev/public/index.php(37): CodeIgniter\CodeIgniter->run()
#9 {main}
CRITICAL - 2022-01-06 23:45:57 --> Undefined variable: mem
#0 /homepages/36/d117019790/htdocs/mdarc-dev/app/Views/master/add_mem_view.php(123): CodeIgniter\Debug\Exceptions->errorHandler(8, 'Undefined varia...', '/homepages/36/d...', 123, Array)
#1 /homepages/36/d117019790/htdocs/mdarc-dev/system/View/View.php(214): include('/homepages/36/d...')
#2 /homepages/36/d117019790/htdocs/mdarc-dev/system/View/View.php(217): CodeIgniter\View\View->CodeIgniter\View\{closure}()
#3 /homepages/36/d117019790/htdocs/mdarc-dev/system/Common.php(1097): CodeIgniter\View\View->render('master/add_mem_...', Array, true)
#4 /homepages/36/d117019790/htdocs/mdarc-dev/app/Controllers/Master.php(247): view('master/add_mem_...', Array)
#5 /homepages/36/d117019790/htdocs/mdarc-dev/system/CodeIgniter.php(824): App\Controllers\Master->add_mem()
#6 /homepages/36/d117019790/htdocs/mdarc-dev/system/CodeIgniter.php(410): CodeIgniter\CodeIgniter->runController(Object(App\Controllers\Master))
#7 /homepages/36/d117019790/htdocs/mdarc-dev/system/CodeIgniter.php(318): CodeIgniter\CodeIgniter->handleRequest(NULL, Object(Config\Cache), false)
#8 /homepages/36/d117019790/htdocs/mdarc-dev/public/index.php(37): CodeIgniter\CodeIgniter->run()
#9 {main}
CRITICAL - 2022-01-06 23:51:08 --> Undefined property: stdClass::$id_type_code
#0 /homepages/36/d117019790/htdocs/mdarc-dev/app/Models/Master_model.php(61): CodeIgniter\Debug\Exceptions->errorHandler(8, 'Undefined prope...', '/homepages/36/d...', 61, Array)
#1 /homepages/36/d117019790/htdocs/mdarc-dev/app/Controllers/Master.php(72): App\Models\Master_model->get_users_data()
#2 /homepages/36/d117019790/htdocs/mdarc-dev/system/CodeIgniter.php(824): App\Controllers\Master->edit_users()
#3 /homepages/36/d117019790/htdocs/mdarc-dev/system/CodeIgniter.php(410): CodeIgniter\CodeIgniter->runController(Object(App\Controllers\Master))
#4 /homepages/36/d117019790/htdocs/mdarc-dev/system/CodeIgniter.php(318): CodeIgniter\CodeIgniter->handleRequest(NULL, Object(Config\Cache), false)
#5 /homepages/36/d117019790/htdocs/mdarc-dev/public/index.php(37): CodeIgniter\CodeIgniter->run()
#6 {main}
CRITICAL - 2022-01-06 23:58:45 --> Undefined index: type_code
#0 /homepages/36/d117019790/htdocs/mdarc-dev/app/Models/Master_model.php(138): CodeIgniter\Debug\Exceptions->errorHandler(8, 'Undefined index...', '/homepages/36/d...', 138, Array)
#1 /homepages/36/d117019790/htdocs/mdarc-dev/app/Controllers/Master.php(108): App\Models\Master_model->load_admin(Array)
#2 /homepages/36/d117019790/htdocs/mdarc-dev/system/CodeIgniter.php(824): App\Controllers\Master->load_admin()
#3 /homepages/36/d117019790/htdocs/mdarc-dev/system/CodeIgniter.php(410): CodeIgniter\CodeIgniter->runController(Object(App\Controllers\Master))
#4 /homepages/36/d117019790/htdocs/mdarc-dev/system/CodeIgniter.php(318): CodeIgniter\CodeIgniter->handleRequest(NULL, Object(Config\Cache), false)
#5 /homepages/36/d117019790/htdocs/mdarc-dev/public/index.php(37): CodeIgniter\CodeIgniter->run()
#6 {main}
