ERROR - 2022-01-19 00:19:28 --> Operand should contain 1 column(s)
CRITICAL - 2022-01-19 00:19:28 --> Operand should contain 1 column(s)
#0 /homepages/36/d117019790/htdocs/mdarc-2/system/Database/MySQLi/Connection.php(292): mysqli->query('INSERT INTO `tM...', 0)
#1 /homepages/36/d117019790/htdocs/mdarc-2/system/Database/BaseConnection.php(670): CodeIgniter\Database\MySQLi\Connection->execute('INSERT INTO `tM...')
#2 /homepages/36/d117019790/htdocs/mdarc-2/system/Database/BaseConnection.php(598): CodeIgniter\Database\BaseConnection->simpleQuery('INSERT INTO `tM...')
#3 /homepages/36/d117019790/htdocs/mdarc-2/system/Database/BaseBuilder.php(1759): CodeIgniter\Database\BaseConnection->query('INSERT INTO `tM...', Array, false)
#4 /homepages/36/d117019790/htdocs/mdarc-2/app/Models/Member_model.php(232): CodeIgniter\Database\BaseBuilder->insert(Array)
#5 /homepages/36/d117019790/htdocs/mdarc-2/app/Controllers/Member.php(112): App\Models\Member_model->add_fam_mem(Array)
#6 /homepages/36/d117019790/htdocs/mdarc-2/system/CodeIgniter.php(824): App\Controllers\Member->add_fam_mem()
#7 /homepages/36/d117019790/htdocs/mdarc-2/system/CodeIgniter.php(410): CodeIgniter\CodeIgniter->runController(Object(App\Controllers\Member))
#8 /homepages/36/d117019790/htdocs/mdarc-2/system/CodeIgniter.php(318): CodeIgniter\CodeIgniter->handleRequest(NULL, Object(Config\Cache), false)
#9 /homepages/36/d117019790/htdocs/mdarc-2/public/index.php(37): CodeIgniter\CodeIgniter->run()
#10 {main}
CRITICAL - 2022-01-19 00:25:23 --> strlen() expects parameter 1 to be string, array given
#0 [internal function]: CodeIgniter\Debug\Exceptions->errorHandler(2, 'strlen() expect...', '/homepages/36/d...', 297, Array)
#1 /homepages/36/d117019790/htdocs/mdarc-2/app/Models/Member_model.php(297): strlen(Array)
#2 /homepages/36/d117019790/htdocs/mdarc-2/app/Models/Member_model.php(109): App\Models\Member_model->do_phone(Array)
#3 /homepages/36/d117019790/htdocs/mdarc-2/app/Controllers/Member.php(77): App\Models\Member_model->update_mem(Array)
#4 /homepages/36/d117019790/htdocs/mdarc-2/system/CodeIgniter.php(824): App\Controllers\Member->update_mem()
#5 /homepages/36/d117019790/htdocs/mdarc-2/system/CodeIgniter.php(410): CodeIgniter\CodeIgniter->runController(Object(App\Controllers\Member))
#6 /homepages/36/d117019790/htdocs/mdarc-2/system/CodeIgniter.php(318): CodeIgniter\CodeIgniter->handleRequest(NULL, Object(Config\Cache), false)
#7 /homepages/36/d117019790/htdocs/mdarc-2/public/index.php(37): CodeIgniter\CodeIgniter->run()
#8 {main}
CRITICAL - 2022-01-19 00:26:10 --> strlen() expects parameter 1 to be string, array given
#0 [internal function]: CodeIgniter\Debug\Exceptions->errorHandler(2, 'strlen() expect...', '/homepages/36/d...', 297, Array)
#1 /homepages/36/d117019790/htdocs/mdarc-2/app/Models/Member_model.php(297): strlen(Array)
#2 /homepages/36/d117019790/htdocs/mdarc-2/app/Models/Member_model.php(109): App\Models\Member_model->do_phone(Array)
#3 /homepages/36/d117019790/htdocs/mdarc-2/app/Controllers/Member.php(77): App\Models\Member_model->update_mem(Array)
#4 /homepages/36/d117019790/htdocs/mdarc-2/system/CodeIgniter.php(824): App\Controllers\Member->update_mem()
#5 /homepages/36/d117019790/htdocs/mdarc-2/system/CodeIgniter.php(410): CodeIgniter\CodeIgniter->runController(Object(App\Controllers\Member))
#6 /homepages/36/d117019790/htdocs/mdarc-2/system/CodeIgniter.php(318): CodeIgniter\CodeIgniter->handleRequest(NULL, Object(Config\Cache), false)
#7 /homepages/36/d117019790/htdocs/mdarc-2/public/index.php(37): CodeIgniter\CodeIgniter->run()
#8 {main}
CRITICAL - 2022-01-19 00:27:28 --> strlen() expects parameter 1 to be string, array given
#0 [internal function]: CodeIgniter\Debug\Exceptions->errorHandler(2, 'strlen() expect...', '/homepages/36/d...', 297, Array)
#1 /homepages/36/d117019790/htdocs/mdarc-2/app/Models/Member_model.php(297): strlen(Array)
#2 /homepages/36/d117019790/htdocs/mdarc-2/app/Models/Member_model.php(109): App\Models\Member_model->do_phone(Array)
#3 /homepages/36/d117019790/htdocs/mdarc-2/app/Controllers/Member.php(77): App\Models\Member_model->update_mem(Array)
#4 /homepages/36/d117019790/htdocs/mdarc-2/system/CodeIgniter.php(824): App\Controllers\Member->update_mem()
#5 /homepages/36/d117019790/htdocs/mdarc-2/system/CodeIgniter.php(410): CodeIgniter\CodeIgniter->runController(Object(App\Controllers\Member))
#6 /homepages/36/d117019790/htdocs/mdarc-2/system/CodeIgniter.php(318): CodeIgniter\CodeIgniter->handleRequest(NULL, Object(Config\Cache), false)
#7 /homepages/36/d117019790/htdocs/mdarc-2/public/index.php(37): CodeIgniter\CodeIgniter->run()
#8 {main}
CRITICAL - 2022-01-19 00:27:57 --> strlen() expects parameter 1 to be string, array given
#0 [internal function]: CodeIgniter\Debug\Exceptions->errorHandler(2, 'strlen() expect...', '/homepages/36/d...', 297, Array)
#1 /homepages/36/d117019790/htdocs/mdarc-2/app/Models/Member_model.php(297): strlen(Array)
#2 /homepages/36/d117019790/htdocs/mdarc-2/app/Models/Member_model.php(109): App\Models\Member_model->do_phone(Array)
#3 /homepages/36/d117019790/htdocs/mdarc-2/app/Controllers/Member.php(77): App\Models\Member_model->update_mem(Array)
#4 /homepages/36/d117019790/htdocs/mdarc-2/system/CodeIgniter.php(824): App\Controllers\Member->update_mem()
#5 /homepages/36/d117019790/htdocs/mdarc-2/system/CodeIgniter.php(410): CodeIgniter\CodeIgniter->runController(Object(App\Controllers\Member))
#6 /homepages/36/d117019790/htdocs/mdarc-2/system/CodeIgniter.php(318): CodeIgniter\CodeIgniter->handleRequest(NULL, Object(Config\Cache), false)
#7 /homepages/36/d117019790/htdocs/mdarc-2/public/index.php(37): CodeIgniter\CodeIgniter->run()
#8 {main}
CRITICAL - 2022-01-19 00:29:15 --> syntax error, unexpected end of file
#0 /homepages/36/d117019790/htdocs/mdarc-2/system/Autoloader/Autoloader.php(241): CodeIgniter\Autoloader\Autoloader->includeFile('/homepages/36/d...')
#1 /homepages/36/d117019790/htdocs/mdarc-2/system/Autoloader/Autoloader.php(219): CodeIgniter\Autoloader\Autoloader->loadInNamespace('App\\Controllers...')
#2 [internal function]: CodeIgniter\Autoloader\Autoloader->loadClass('App\\Controllers...')
#3 [internal function]: spl_autoload_call('App\\Controllers...')
#4 /homepages/36/d117019790/htdocs/mdarc-2/system/CodeIgniter.php(789): class_exists('\\App\\Controller...', true)
#5 /homepages/36/d117019790/htdocs/mdarc-2/system/CodeIgniter.php(397): CodeIgniter\CodeIgniter->startController()
#6 /homepages/36/d117019790/htdocs/mdarc-2/system/CodeIgniter.php(318): CodeIgniter\CodeIgniter->handleRequest(NULL, Object(Config\Cache), false)
#7 /homepages/36/d117019790/htdocs/mdarc-2/public/index.php(37): CodeIgniter\CodeIgniter->run()
#8 {main}
CRITICAL - 2022-01-19 00:29:29 --> syntax error, unexpected end of file
#0 /homepages/36/d117019790/htdocs/mdarc-2/system/Autoloader/Autoloader.php(241): CodeIgniter\Autoloader\Autoloader->includeFile('/homepages/36/d...')
#1 /homepages/36/d117019790/htdocs/mdarc-2/system/Autoloader/Autoloader.php(219): CodeIgniter\Autoloader\Autoloader->loadInNamespace('App\\Controllers...')
#2 [internal function]: CodeIgniter\Autoloader\Autoloader->loadClass('App\\Controllers...')
#3 [internal function]: spl_autoload_call('App\\Controllers...')
#4 /homepages/36/d117019790/htdocs/mdarc-2/system/CodeIgniter.php(789): class_exists('\\App\\Controller...', true)
#5 /homepages/36/d117019790/htdocs/mdarc-2/system/CodeIgniter.php(397): CodeIgniter\CodeIgniter->startController()
#6 /homepages/36/d117019790/htdocs/mdarc-2/system/CodeIgniter.php(318): CodeIgniter\CodeIgniter->handleRequest(NULL, Object(Config\Cache), false)
#7 /homepages/36/d117019790/htdocs/mdarc-2/public/index.php(37): CodeIgniter\CodeIgniter->run()
#8 {main}
CRITICAL - 2022-01-19 00:29:58 --> strlen() expects parameter 1 to be string, array given
#0 [internal function]: CodeIgniter\Debug\Exceptions->errorHandler(2, 'strlen() expect...', '/homepages/36/d...', 297, Array)
#1 /homepages/36/d117019790/htdocs/mdarc-2/app/Models/Member_model.php(297): strlen(Array)
#2 /homepages/36/d117019790/htdocs/mdarc-2/app/Models/Member_model.php(109): App\Models\Member_model->do_phone(Array)
#3 /homepages/36/d117019790/htdocs/mdarc-2/app/Controllers/Member.php(77): App\Models\Member_model->update_mem(Array)
#4 /homepages/36/d117019790/htdocs/mdarc-2/system/CodeIgniter.php(824): App\Controllers\Member->update_mem()
#5 /homepages/36/d117019790/htdocs/mdarc-2/system/CodeIgniter.php(410): CodeIgniter\CodeIgniter->runController(Object(App\Controllers\Member))
#6 /homepages/36/d117019790/htdocs/mdarc-2/system/CodeIgniter.php(318): CodeIgniter\CodeIgniter->handleRequest(NULL, Object(Config\Cache), false)
#7 /homepages/36/d117019790/htdocs/mdarc-2/public/index.php(37): CodeIgniter\CodeIgniter->run()
#8 {main}
CRITICAL - 2022-01-19 00:30:55 --> strlen() expects parameter 1 to be string, array given
#0 [internal function]: CodeIgniter\Debug\Exceptions->errorHandler(2, 'strlen() expect...', '/homepages/36/d...', 297, Array)
#1 /homepages/36/d117019790/htdocs/mdarc-2/app/Models/Member_model.php(297): strlen(Array)
#2 /homepages/36/d117019790/htdocs/mdarc-2/app/Models/Member_model.php(109): App\Models\Member_model->do_phone(Array)
#3 /homepages/36/d117019790/htdocs/mdarc-2/app/Controllers/Member.php(77): App\Models\Member_model->update_mem(Array)
#4 /homepages/36/d117019790/htdocs/mdarc-2/system/CodeIgniter.php(824): App\Controllers\Member->update_mem()
#5 /homepages/36/d117019790/htdocs/mdarc-2/system/CodeIgniter.php(410): CodeIgniter\CodeIgniter->runController(Object(App\Controllers\Member))
#6 /homepages/36/d117019790/htdocs/mdarc-2/system/CodeIgniter.php(318): CodeIgniter\CodeIgniter->handleRequest(NULL, Object(Config\Cache), false)
#7 /homepages/36/d117019790/htdocs/mdarc-2/public/index.php(37): CodeIgniter\CodeIgniter->run()
#8 {main}
ERROR - 2022-01-19 00:33:48 --> Operand should contain 1 column(s)
CRITICAL - 2022-01-19 00:33:48 --> Operand should contain 1 column(s)
#0 /homepages/36/d117019790/htdocs/mdarc-2/system/Database/MySQLi/Connection.php(292): mysqli->query('UPDATE `tMember...', 0)
#1 /homepages/36/d117019790/htdocs/mdarc-2/system/Database/BaseConnection.php(670): CodeIgniter\Database\MySQLi\Connection->execute('UPDATE `tMember...')
#2 /homepages/36/d117019790/htdocs/mdarc-2/system/Database/BaseConnection.php(598): CodeIgniter\Database\BaseConnection->simpleQuery('UPDATE `tMember...')
#3 /homepages/36/d117019790/htdocs/mdarc-2/system/Database/BaseBuilder.php(1901): CodeIgniter\Database\BaseConnection->query('UPDATE `tMember...', Array, false)
#4 /homepages/36/d117019790/htdocs/mdarc-2/app/Models/Member_model.php(262): CodeIgniter\Database\BaseBuilder->update(Array, Array)
#5 /homepages/36/d117019790/htdocs/mdarc-2/app/Controllers/Member.php(151): App\Models\Member_model->edit_fam_mem(Array)
#6 /homepages/36/d117019790/htdocs/mdarc-2/system/CodeIgniter.php(824): App\Controllers\Member->edit_fam_mem()
#7 /homepages/36/d117019790/htdocs/mdarc-2/system/CodeIgniter.php(410): CodeIgniter\CodeIgniter->runController(Object(App\Controllers\Member))
#8 /homepages/36/d117019790/htdocs/mdarc-2/system/CodeIgniter.php(318): CodeIgniter\CodeIgniter->handleRequest(NULL, Object(Config\Cache), false)
#9 /homepages/36/d117019790/htdocs/mdarc-2/public/index.php(37): CodeIgniter\CodeIgniter->run()
#10 {main}
ERROR - 2022-01-19 00:34:03 --> Operand should contain 1 column(s)
CRITICAL - 2022-01-19 00:34:03 --> Operand should contain 1 column(s)
#0 /homepages/36/d117019790/htdocs/mdarc-2/system/Database/MySQLi/Connection.php(292): mysqli->query('UPDATE `tMember...', 0)
#1 /homepages/36/d117019790/htdocs/mdarc-2/system/Database/BaseConnection.php(670): CodeIgniter\Database\MySQLi\Connection->execute('UPDATE `tMember...')
#2 /homepages/36/d117019790/htdocs/mdarc-2/system/Database/BaseConnection.php(598): CodeIgniter\Database\BaseConnection->simpleQuery('UPDATE `tMember...')
#3 /homepages/36/d117019790/htdocs/mdarc-2/system/Database/BaseBuilder.php(1901): CodeIgniter\Database\BaseConnection->query('UPDATE `tMember...', Array, false)
#4 /homepages/36/d117019790/htdocs/mdarc-2/app/Models/Member_model.php(262): CodeIgniter\Database\BaseBuilder->update(Array, Array)
#5 /homepages/36/d117019790/htdocs/mdarc-2/app/Controllers/Member.php(151): App\Models\Member_model->edit_fam_mem(Array)
#6 /homepages/36/d117019790/htdocs/mdarc-2/system/CodeIgniter.php(824): App\Controllers\Member->edit_fam_mem()
#7 /homepages/36/d117019790/htdocs/mdarc-2/system/CodeIgniter.php(410): CodeIgniter\CodeIgniter->runController(Object(App\Controllers\Member))
#8 /homepages/36/d117019790/htdocs/mdarc-2/system/CodeIgniter.php(318): CodeIgniter\CodeIgniter->handleRequest(NULL, Object(Config\Cache), false)
#9 /homepages/36/d117019790/htdocs/mdarc-2/public/index.php(37): CodeIgniter\CodeIgniter->run()
#10 {main}
ERROR - 2022-01-19 00:34:14 --> Operand should contain 1 column(s)
CRITICAL - 2022-01-19 00:34:14 --> Operand should contain 1 column(s)
#0 /homepages/36/d117019790/htdocs/mdarc-2/system/Database/MySQLi/Connection.php(292): mysqli->query('UPDATE `tMember...', 0)
#1 /homepages/36/d117019790/htdocs/mdarc-2/system/Database/BaseConnection.php(670): CodeIgniter\Database\MySQLi\Connection->execute('UPDATE `tMember...')
#2 /homepages/36/d117019790/htdocs/mdarc-2/system/Database/BaseConnection.php(598): CodeIgniter\Database\BaseConnection->simpleQuery('UPDATE `tMember...')
#3 /homepages/36/d117019790/htdocs/mdarc-2/system/Database/BaseBuilder.php(1901): CodeIgniter\Database\BaseConnection->query('UPDATE `tMember...', Array, false)
#4 /homepages/36/d117019790/htdocs/mdarc-2/app/Models/Member_model.php(262): CodeIgniter\Database\BaseBuilder->update(Array, Array)
#5 /homepages/36/d117019790/htdocs/mdarc-2/app/Controllers/Member.php(151): App\Models\Member_model->edit_fam_mem(Array)
#6 /homepages/36/d117019790/htdocs/mdarc-2/system/CodeIgniter.php(824): App\Controllers\Member->edit_fam_mem()
#7 /homepages/36/d117019790/htdocs/mdarc-2/system/CodeIgniter.php(410): CodeIgniter\CodeIgniter->runController(Object(App\Controllers\Member))
#8 /homepages/36/d117019790/htdocs/mdarc-2/system/CodeIgniter.php(318): CodeIgniter\CodeIgniter->handleRequest(NULL, Object(Config\Cache), false)
#9 /homepages/36/d117019790/htdocs/mdarc-2/public/index.php(37): CodeIgniter\CodeIgniter->run()
#10 {main}
ERROR - 2022-01-19 00:37:16 --> Operand should contain 1 column(s)
CRITICAL - 2022-01-19 00:37:16 --> Operand should contain 1 column(s)
#0 /homepages/36/d117019790/htdocs/mdarc-2/system/Database/MySQLi/Connection.php(292): mysqli->query('UPDATE `tMember...', 0)
#1 /homepages/36/d117019790/htdocs/mdarc-2/system/Database/BaseConnection.php(670): CodeIgniter\Database\MySQLi\Connection->execute('UPDATE `tMember...')
#2 /homepages/36/d117019790/htdocs/mdarc-2/system/Database/BaseConnection.php(598): CodeIgniter\Database\BaseConnection->simpleQuery('UPDATE `tMember...')
#3 /homepages/36/d117019790/htdocs/mdarc-2/system/Database/BaseBuilder.php(1901): CodeIgniter\Database\BaseConnection->query('UPDATE `tMember...', Array, false)
#4 /homepages/36/d117019790/htdocs/mdarc-2/app/Models/Member_model.php(262): CodeIgniter\Database\BaseBuilder->update(Array, Array)
#5 /homepages/36/d117019790/htdocs/mdarc-2/app/Controllers/Member.php(150): App\Models\Member_model->edit_fam_mem(Array)
#6 /homepages/36/d117019790/htdocs/mdarc-2/system/CodeIgniter.php(824): App\Controllers\Member->edit_fam_mem()
#7 /homepages/36/d117019790/htdocs/mdarc-2/system/CodeIgniter.php(410): CodeIgniter\CodeIgniter->runController(Object(App\Controllers\Member))
#8 /homepages/36/d117019790/htdocs/mdarc-2/system/CodeIgniter.php(318): CodeIgniter\CodeIgniter->handleRequest(NULL, Object(Config\Cache), false)
#9 /homepages/36/d117019790/htdocs/mdarc-2/public/index.php(37): CodeIgniter\CodeIgniter->run()
#10 {main}
CRITICAL - 2022-01-19 00:38:03 --> Illegal string offset 'phone'
#0 /homepages/36/d117019790/htdocs/mdarc-2/app/Controllers/Member.php(141): CodeIgniter\Debug\Exceptions->errorHandler(2, 'Illegal string ...', '/homepages/36/d...', 141, Array)
#1 /homepages/36/d117019790/htdocs/mdarc-2/system/CodeIgniter.php(824): App\Controllers\Member->edit_fam_mem()
#2 /homepages/36/d117019790/htdocs/mdarc-2/system/CodeIgniter.php(410): CodeIgniter\CodeIgniter->runController(Object(App\Controllers\Member))
#3 /homepages/36/d117019790/htdocs/mdarc-2/system/CodeIgniter.php(318): CodeIgniter\CodeIgniter->handleRequest(NULL, Object(Config\Cache), false)
#4 /homepages/36/d117019790/htdocs/mdarc-2/public/index.php(37): CodeIgniter\CodeIgniter->run()
#5 {main}
CRITICAL - 2022-01-19 20:08:54 --> Call to undefined function App\Controllers\do_phone()
#0 /homepages/36/d117019790/htdocs/mdarc-2/system/CodeIgniter.php(824): App\Controllers\Member->edit_fam_mem()
#1 /homepages/36/d117019790/htdocs/mdarc-2/system/CodeIgniter.php(410): CodeIgniter\CodeIgniter->runController(Object(App\Controllers\Member))
#2 /homepages/36/d117019790/htdocs/mdarc-2/system/CodeIgniter.php(318): CodeIgniter\CodeIgniter->handleRequest(NULL, Object(Config\Cache), false)
#3 /homepages/36/d117019790/htdocs/mdarc-2/public/index.php(37): CodeIgniter\CodeIgniter->run()
#4 {main}
CRITICAL - 2022-01-19 20:40:58 --> Undefined variable: w_home
#0 /homepages/36/d117019790/htdocs/mdarc-2/app/Models/Member_model.php(111): CodeIgniter\Debug\Exceptions->errorHandler(8, 'Undefined varia...', '/homepages/36/d...', 111, Array)
#1 /homepages/36/d117019790/htdocs/mdarc-2/app/Controllers/Member.php(77): App\Models\Member_model->update_mem(Array)
#2 /homepages/36/d117019790/htdocs/mdarc-2/system/CodeIgniter.php(824): App\Controllers\Member->update_mem()
#3 /homepages/36/d117019790/htdocs/mdarc-2/system/CodeIgniter.php(410): CodeIgniter\CodeIgniter->runController(Object(App\Controllers\Member))
#4 /homepages/36/d117019790/htdocs/mdarc-2/system/CodeIgniter.php(318): CodeIgniter\CodeIgniter->handleRequest(NULL, Object(Config\Cache), false)
#5 /homepages/36/d117019790/htdocs/mdarc-2/public/index.php(37): CodeIgniter\CodeIgniter->run()
#6 {main}
CRITICAL - 2022-01-19 23:16:16 --> syntax error, unexpected end of file
#0 /homepages/36/d117019790/htdocs/mdarc-2/system/View/View.php(217): CodeIgniter\View\View->CodeIgniter\View\{closure}()
#1 /homepages/36/d117019790/htdocs/mdarc-2/system/Common.php(1097): CodeIgniter\View\View->render('members/pers_da...', Array, true)
#2 /homepages/36/d117019790/htdocs/mdarc-2/app/Controllers/Member.php(46): view('members/pers_da...', Array)
#3 /homepages/36/d117019790/htdocs/mdarc-2/system/CodeIgniter.php(824): App\Controllers\Member->pers_data()
#4 /homepages/36/d117019790/htdocs/mdarc-2/system/CodeIgniter.php(410): CodeIgniter\CodeIgniter->runController(Object(App\Controllers\Member))
#5 /homepages/36/d117019790/htdocs/mdarc-2/system/CodeIgniter.php(318): CodeIgniter\CodeIgniter->handleRequest(NULL, Object(Config\Cache), false)
#6 /homepages/36/d117019790/htdocs/mdarc-2/public/index.php(37): CodeIgniter\CodeIgniter->run()
#7 {main}
CRITICAL - 2022-01-19 23:17:27 --> Array to string conversion
#0 /homepages/36/d117019790/htdocs/mdarc-2/app/Views/members/pers_data_view.php(206): CodeIgniter\Debug\Exceptions->errorHandler(8, 'Array to string...', '/homepages/36/d...', 206, Array)
#1 /homepages/36/d117019790/htdocs/mdarc-2/system/View/View.php(214): include('/homepages/36/d...')
#2 /homepages/36/d117019790/htdocs/mdarc-2/system/View/View.php(217): CodeIgniter\View\View->CodeIgniter\View\{closure}()
#3 /homepages/36/d117019790/htdocs/mdarc-2/system/Common.php(1097): CodeIgniter\View\View->render('members/pers_da...', Array, true)
#4 /homepages/36/d117019790/htdocs/mdarc-2/app/Controllers/Member.php(46): view('members/pers_da...', Array)
#5 /homepages/36/d117019790/htdocs/mdarc-2/system/CodeIgniter.php(824): App\Controllers\Member->pers_data()
#6 /homepages/36/d117019790/htdocs/mdarc-2/system/CodeIgniter.php(410): CodeIgniter\CodeIgniter->runController(Object(App\Controllers\Member))
#7 /homepages/36/d117019790/htdocs/mdarc-2/system/CodeIgniter.php(318): CodeIgniter\CodeIgniter->handleRequest(NULL, Object(Config\Cache), false)
#8 /homepages/36/d117019790/htdocs/mdarc-2/public/index.php(37): CodeIgniter\CodeIgniter->run()
#9 {main}
CRITICAL - 2022-01-19 23:18:15 --> Array to string conversion
#0 /homepages/36/d117019790/htdocs/mdarc-2/app/Views/members/pers_data_view.php(206): CodeIgniter\Debug\Exceptions->errorHandler(8, 'Array to string...', '/homepages/36/d...', 206, Array)
#1 /homepages/36/d117019790/htdocs/mdarc-2/system/View/View.php(214): include('/homepages/36/d...')
#2 /homepages/36/d117019790/htdocs/mdarc-2/system/View/View.php(217): CodeIgniter\View\View->CodeIgniter\View\{closure}()
#3 /homepages/36/d117019790/htdocs/mdarc-2/system/Common.php(1097): CodeIgniter\View\View->render('members/pers_da...', Array, true)
#4 /homepages/36/d117019790/htdocs/mdarc-2/app/Controllers/Member.php(46): view('members/pers_da...', Array)
#5 /homepages/36/d117019790/htdocs/mdarc-2/system/CodeIgniter.php(824): App\Controllers\Member->pers_data()
#6 /homepages/36/d117019790/htdocs/mdarc-2/system/CodeIgniter.php(410): CodeIgniter\CodeIgniter->runController(Object(App\Controllers\Member))
#7 /homepages/36/d117019790/htdocs/mdarc-2/system/CodeIgniter.php(318): CodeIgniter\CodeIgniter->handleRequest(NULL, Object(Config\Cache), false)
#8 /homepages/36/d117019790/htdocs/mdarc-2/public/index.php(37): CodeIgniter\CodeIgniter->run()
#9 {main}
CRITICAL - 2022-01-19 23:42:14 --> Undefined index: parent_primary
#0 /homepages/36/d117019790/htdocs/mdarc-2/app/Models/Member_model.php(264): CodeIgniter\Debug\Exceptions->errorHandler(8, 'Undefined index...', '/homepages/36/d...', 264, Array)
#1 /homepages/36/d117019790/htdocs/mdarc-2/app/Models/Member_model.php(273): App\Models\Member_model->check_dup(Array)
#2 /homepages/36/d117019790/htdocs/mdarc-2/app/Controllers/Member.php(169): App\Models\Member_model->edit_fam_mem(Array)
#3 /homepages/36/d117019790/htdocs/mdarc-2/system/CodeIgniter.php(824): App\Controllers\Member->edit_fam_mem()
#4 /homepages/36/d117019790/htdocs/mdarc-2/system/CodeIgniter.php(410): CodeIgniter\CodeIgniter->runController(Object(App\Controllers\Member))
#5 /homepages/36/d117019790/htdocs/mdarc-2/system/CodeIgniter.php(318): CodeIgniter\CodeIgniter->handleRequest(NULL, Object(Config\Cache), false)
#6 /homepages/36/d117019790/htdocs/mdarc-2/public/index.php(37): CodeIgniter\CodeIgniter->run()
#7 {main}
