CRITICAL - 2023-10-18 14:18:03 --> Undefined variable: mem
#0 /homepages/36/d117019790/htdocs/mdarc-dev/app/Views/members/member_view.php(19): CodeIgniter\Debug\Exceptions->errorHandler()
#1 /homepages/36/d117019790/htdocs/mdarc-dev/system/View/View.php(214): include('/homepages/36/d...')
#2 /homepages/36/d117019790/htdocs/mdarc-dev/system/View/View.php(217): CodeIgniter\View\View->CodeIgniter\View\{closure}()
#3 /homepages/36/d117019790/htdocs/mdarc-dev/system/Common.php(1097): CodeIgniter\View\View->render()
#4 /homepages/36/d117019790/htdocs/mdarc-dev/app/Controllers/Member.php(16): view()
#5 /homepages/36/d117019790/htdocs/mdarc-dev/system/CodeIgniter.php(824): App\Controllers\Member->index()
#6 /homepages/36/d117019790/htdocs/mdarc-dev/system/CodeIgniter.php(410): CodeIgniter\CodeIgniter->runController()
#7 /homepages/36/d117019790/htdocs/mdarc-dev/system/CodeIgniter.php(318): CodeIgniter\CodeIgniter->handleRequest()
#8 /homepages/36/d117019790/htdocs/mdarc-dev/public/index.php(37): CodeIgniter\CodeIgniter->run()
#9 {main}
CRITICAL - 2023-10-18 14:18:06 --> Undefined variable: mem
#0 /homepages/36/d117019790/htdocs/mdarc-dev/app/Views/members/member_view.php(19): CodeIgniter\Debug\Exceptions->errorHandler()
#1 /homepages/36/d117019790/htdocs/mdarc-dev/system/View/View.php(214): include('/homepages/36/d...')
#2 /homepages/36/d117019790/htdocs/mdarc-dev/system/View/View.php(217): CodeIgniter\View\View->CodeIgniter\View\{closure}()
#3 /homepages/36/d117019790/htdocs/mdarc-dev/system/Common.php(1097): CodeIgniter\View\View->render()
#4 /homepages/36/d117019790/htdocs/mdarc-dev/app/Controllers/Member.php(16): view()
#5 /homepages/36/d117019790/htdocs/mdarc-dev/system/CodeIgniter.php(824): App\Controllers\Member->index()
#6 /homepages/36/d117019790/htdocs/mdarc-dev/system/CodeIgniter.php(410): CodeIgniter\CodeIgniter->runController()
#7 /homepages/36/d117019790/htdocs/mdarc-dev/system/CodeIgniter.php(318): CodeIgniter\CodeIgniter->handleRequest()
#8 /homepages/36/d117019790/htdocs/mdarc-dev/public/index.php(37): CodeIgniter\CodeIgniter->run()
#9 {main}
CRITICAL - 2023-10-18 14:18:08 --> Undefined variable: mem
#0 /homepages/36/d117019790/htdocs/mdarc-dev/app/Views/members/member_view.php(19): CodeIgniter\Debug\Exceptions->errorHandler()
#1 /homepages/36/d117019790/htdocs/mdarc-dev/system/View/View.php(214): include('/homepages/36/d...')
#2 /homepages/36/d117019790/htdocs/mdarc-dev/system/View/View.php(217): CodeIgniter\View\View->CodeIgniter\View\{closure}()
#3 /homepages/36/d117019790/htdocs/mdarc-dev/system/Common.php(1097): CodeIgniter\View\View->render()
#4 /homepages/36/d117019790/htdocs/mdarc-dev/app/Controllers/Member.php(16): view()
#5 /homepages/36/d117019790/htdocs/mdarc-dev/system/CodeIgniter.php(824): App\Controllers\Member->index()
#6 /homepages/36/d117019790/htdocs/mdarc-dev/system/CodeIgniter.php(410): CodeIgniter\CodeIgniter->runController()
#7 /homepages/36/d117019790/htdocs/mdarc-dev/system/CodeIgniter.php(318): CodeIgniter\CodeIgniter->handleRequest()
#8 /homepages/36/d117019790/htdocs/mdarc-dev/public/index.php(37): CodeIgniter\CodeIgniter->run()
#9 {main}
CRITICAL - 2023-10-18 14:18:09 --> Undefined variable: mem
#0 /homepages/36/d117019790/htdocs/mdarc-dev/app/Views/members/member_view.php(19): CodeIgniter\Debug\Exceptions->errorHandler()
#1 /homepages/36/d117019790/htdocs/mdarc-dev/system/View/View.php(214): include('/homepages/36/d...')
#2 /homepages/36/d117019790/htdocs/mdarc-dev/system/View/View.php(217): CodeIgniter\View\View->CodeIgniter\View\{closure}()
#3 /homepages/36/d117019790/htdocs/mdarc-dev/system/Common.php(1097): CodeIgniter\View\View->render()
#4 /homepages/36/d117019790/htdocs/mdarc-dev/app/Controllers/Member.php(16): view()
#5 /homepages/36/d117019790/htdocs/mdarc-dev/system/CodeIgniter.php(824): App\Controllers\Member->index()
#6 /homepages/36/d117019790/htdocs/mdarc-dev/system/CodeIgniter.php(410): CodeIgniter\CodeIgniter->runController()
#7 /homepages/36/d117019790/htdocs/mdarc-dev/system/CodeIgniter.php(318): CodeIgniter\CodeIgniter->handleRequest()
#8 /homepages/36/d117019790/htdocs/mdarc-dev/public/index.php(37): CodeIgniter\CodeIgniter->run()
#9 {main}
CRITICAL - 2023-10-18 14:18:22 --> Undefined variable: mem
#0 /homepages/36/d117019790/htdocs/mdarc-dev/app/Views/members/member_view.php(19): CodeIgniter\Debug\Exceptions->errorHandler()
#1 /homepages/36/d117019790/htdocs/mdarc-dev/system/View/View.php(214): include('/homepages/36/d...')
#2 /homepages/36/d117019790/htdocs/mdarc-dev/system/View/View.php(217): CodeIgniter\View\View->CodeIgniter\View\{closure}()
#3 /homepages/36/d117019790/htdocs/mdarc-dev/system/Common.php(1097): CodeIgniter\View\View->render()
#4 /homepages/36/d117019790/htdocs/mdarc-dev/app/Controllers/Member.php(16): view()
#5 /homepages/36/d117019790/htdocs/mdarc-dev/system/CodeIgniter.php(824): App\Controllers\Member->index()
#6 /homepages/36/d117019790/htdocs/mdarc-dev/system/CodeIgniter.php(410): CodeIgniter\CodeIgniter->runController()
#7 /homepages/36/d117019790/htdocs/mdarc-dev/system/CodeIgniter.php(318): CodeIgniter\CodeIgniter->handleRequest()
#8 /homepages/36/d117019790/htdocs/mdarc-dev/public/index.php(37): CodeIgniter\CodeIgniter->run()
#9 {main}
