CRITICAL - 2023-01-13 08:37:53 --> Invalid file: public/reset_pass_view.php
#0 /homepages/36/d117019790/htdocs/mdarc-7/system/View/View.php(198): CodeIgniter\Exceptions\FrameworkException::forInvalidFile('public/reset_pa...')
#1 /homepages/36/d117019790/htdocs/mdarc-7/system/Common.php(1097): CodeIgniter\View\View->render('public/reset_pa...', Array, true)
#2 /homepages/36/d117019790/htdocs/mdarc-7/app/Controllers/Home.php(209): view('public/reset_pa...', Array)
#3 /homepages/36/d117019790/htdocs/mdarc-7/system/CodeIgniter.php(824): App\Controllers\Home->reset_password()
#4 /homepages/36/d117019790/htdocs/mdarc-7/system/CodeIgniter.php(410): CodeIgniter\CodeIgniter->runController(Object(App\Controllers\Home))
#5 /homepages/36/d117019790/htdocs/mdarc-7/system/CodeIgniter.php(318): CodeIgniter\CodeIgniter->handleRequest(NULL, Object(Config\Cache), false)
#6 /homepages/36/d117019790/htdocs/mdarc-7/public/index.php(37): CodeIgniter\CodeIgniter->run()
#7 {main}
CRITICAL - 2023-01-13 14:07:20 --> Undefined index: 
#0 /homepages/36/d117019790/htdocs/mdarc-7/app/Views/public/register_view.php(58): CodeIgniter\Debug\Exceptions->errorHandler(8, 'Undefined index...', '/homepages/36/d...', 58, Array)
#1 /homepages/36/d117019790/htdocs/mdarc-7/system/View/View.php(214): include('/homepages/36/d...')
#2 /homepages/36/d117019790/htdocs/mdarc-7/system/View/View.php(217): CodeIgniter\View\View->CodeIgniter\View\{closure}()
#3 /homepages/36/d117019790/htdocs/mdarc-7/system/Common.php(1097): CodeIgniter\View\View->render('public/register...', Array, true)
#4 /homepages/36/d117019790/htdocs/mdarc-7/app/Controllers/Home.php(157): view('public/register...', Array)
#5 /homepages/36/d117019790/htdocs/mdarc-7/system/CodeIgniter.php(824): App\Controllers\Home->send_reg()
#6 /homepages/36/d117019790/htdocs/mdarc-7/system/CodeIgniter.php(410): CodeIgniter\CodeIgniter->runController(Object(App\Controllers\Home))
#7 /homepages/36/d117019790/htdocs/mdarc-7/system/CodeIgniter.php(318): CodeIgniter\CodeIgniter->handleRequest(NULL, Object(Config\Cache), false)
#8 /homepages/36/d117019790/htdocs/mdarc-7/public/index.php(37): CodeIgniter\CodeIgniter->run()
#9 {main}
