CRITICAL - 2022-01-10 14:33:55 --> Undefined variable: member_types
#0 /homepages/36/d117019790/htdocs/mdarc-dev/app/Views/master/modal_add_fams.php(53): CodeIgniter\Debug\Exceptions->errorHandler(8, 'Undefined varia...', '/homepages/36/d...', 53, Array)
#1 /homepages/36/d117019790/htdocs/mdarc-dev/app/Views/master/members_view.php(66): include('/homepages/36/d...')
#2 /homepages/36/d117019790/htdocs/mdarc-dev/system/View/View.php(214): include('/homepages/36/d...')
#3 /homepages/36/d117019790/htdocs/mdarc-dev/system/View/View.php(217): CodeIgniter\View\View->CodeIgniter\View\{closure}()
#4 /homepages/36/d117019790/htdocs/mdarc-dev/system/Common.php(1097): CodeIgniter\View\View->render('master/members_...', Array, true)
#5 /homepages/36/d117019790/htdocs/mdarc-dev/app/Controllers/Master.php(32): view('master/members_...', Array)
#6 /homepages/36/d117019790/htdocs/mdarc-dev/system/CodeIgniter.php(824): App\Controllers\Master->show_members()
#7 /homepages/36/d117019790/htdocs/mdarc-dev/system/CodeIgniter.php(410): CodeIgniter\CodeIgniter->runController(Object(App\Controllers\Master))
#8 /homepages/36/d117019790/htdocs/mdarc-dev/system/CodeIgniter.php(318): CodeIgniter\CodeIgniter->handleRequest(NULL, Object(Config\Cache), false)
#9 /homepages/36/d117019790/htdocs/mdarc-dev/public/index.php(37): CodeIgniter\CodeIgniter->run()
#10 {main}
CRITICAL - 2022-01-10 14:40:47 --> Undefined index: mem_types
#0 /homepages/36/d117019790/htdocs/mdarc-dev/app/Views/master/modal_add_fams.php(53): CodeIgniter\Debug\Exceptions->errorHandler(8, 'Undefined index...', '/homepages/36/d...', 53, Array)
#1 /homepages/36/d117019790/htdocs/mdarc-dev/app/Views/master/members_view.php(66): include('/homepages/36/d...')
#2 /homepages/36/d117019790/htdocs/mdarc-dev/system/View/View.php(214): include('/homepages/36/d...')
#3 /homepages/36/d117019790/htdocs/mdarc-dev/system/View/View.php(217): CodeIgniter\View\View->CodeIgniter\View\{closure}()
#4 /homepages/36/d117019790/htdocs/mdarc-dev/system/Common.php(1097): CodeIgniter\View\View->render('master/members_...', Array, true)
#5 /homepages/36/d117019790/htdocs/mdarc-dev/app/Controllers/Master.php(32): view('master/members_...', Array)
#6 /homepages/36/d117019790/htdocs/mdarc-dev/system/CodeIgniter.php(824): App\Controllers\Master->show_members()
#7 /homepages/36/d117019790/htdocs/mdarc-dev/system/CodeIgniter.php(410): CodeIgniter\CodeIgniter->runController(Object(App\Controllers\Master))
#8 /homepages/36/d117019790/htdocs/mdarc-dev/system/CodeIgniter.php(318): CodeIgniter\CodeIgniter->handleRequest(NULL, Object(Config\Cache), false)
#9 /homepages/36/d117019790/htdocs/mdarc-dev/public/index.php(37): CodeIgniter\CodeIgniter->run()
#10 {main}
CRITICAL - 2022-01-10 14:42:50 --> Undefined index: mem_types
#0 /homepages/36/d117019790/htdocs/mdarc-dev/app/Views/master/modal_add_fams.php(53): CodeIgniter\Debug\Exceptions->errorHandler(8, 'Undefined index...', '/homepages/36/d...', 53, Array)
#1 /homepages/36/d117019790/htdocs/mdarc-dev/app/Views/master/members_view.php(66): include('/homepages/36/d...')
#2 /homepages/36/d117019790/htdocs/mdarc-dev/system/View/View.php(214): include('/homepages/36/d...')
#3 /homepages/36/d117019790/htdocs/mdarc-dev/system/View/View.php(217): CodeIgniter\View\View->CodeIgniter\View\{closure}()
#4 /homepages/36/d117019790/htdocs/mdarc-dev/system/Common.php(1097): CodeIgniter\View\View->render('master/members_...', Array, true)
#5 /homepages/36/d117019790/htdocs/mdarc-dev/app/Controllers/Master.php(32): view('master/members_...', Array)
#6 /homepages/36/d117019790/htdocs/mdarc-dev/system/CodeIgniter.php(824): App\Controllers\Master->show_members()
#7 /homepages/36/d117019790/htdocs/mdarc-dev/system/CodeIgniter.php(410): CodeIgniter\CodeIgniter->runController(Object(App\Controllers\Master))
#8 /homepages/36/d117019790/htdocs/mdarc-dev/system/CodeIgniter.php(318): CodeIgniter\CodeIgniter->handleRequest(NULL, Object(Config\Cache), false)
#9 /homepages/36/d117019790/htdocs/mdarc-dev/public/index.php(37): CodeIgniter\CodeIgniter->run()
#10 {main}
CRITICAL - 2022-01-10 15:01:07 --> Undefined index: member_types
#0 /homepages/36/d117019790/htdocs/mdarc-dev/app/Models/Staff_model.php(97): CodeIgniter\Debug\Exceptions->errorHandler(8, 'Undefined index...', '/homepages/36/d...', 97, Array)
#1 /homepages/36/d117019790/htdocs/mdarc-dev/app/Controllers/Master.php(32): App\Models\Staff_model->get_mems(Array)
#2 /homepages/36/d117019790/htdocs/mdarc-dev/system/CodeIgniter.php(824): App\Controllers\Master->show_members()
#3 /homepages/36/d117019790/htdocs/mdarc-dev/system/CodeIgniter.php(410): CodeIgniter\CodeIgniter->runController(Object(App\Controllers\Master))
#4 /homepages/36/d117019790/htdocs/mdarc-dev/system/CodeIgniter.php(318): CodeIgniter\CodeIgniter->handleRequest(NULL, Object(Config\Cache), false)
#5 /homepages/36/d117019790/htdocs/mdarc-dev/public/index.php(37): CodeIgniter\CodeIgniter->run()
#6 {main}
CRITICAL - 2022-01-10 15:02:19 --> Undefined index: member_types
#0 /homepages/36/d117019790/htdocs/mdarc-dev/app/Models/Staff_model.php(97): CodeIgniter\Debug\Exceptions->errorHandler(8, 'Undefined index...', '/homepages/36/d...', 97, Array)
#1 /homepages/36/d117019790/htdocs/mdarc-dev/app/Controllers/Master.php(32): App\Models\Staff_model->get_mems(Array)
#2 /homepages/36/d117019790/htdocs/mdarc-dev/system/CodeIgniter.php(824): App\Controllers\Master->show_members()
#3 /homepages/36/d117019790/htdocs/mdarc-dev/system/CodeIgniter.php(410): CodeIgniter\CodeIgniter->runController(Object(App\Controllers\Master))
#4 /homepages/36/d117019790/htdocs/mdarc-dev/system/CodeIgniter.php(318): CodeIgniter\CodeIgniter->handleRequest(NULL, Object(Config\Cache), false)
#5 /homepages/36/d117019790/htdocs/mdarc-dev/public/index.php(37): CodeIgniter\CodeIgniter->run()
#6 {main}
CRITICAL - 2022-01-10 15:03:27 --> Undefined index: member_types
#0 /homepages/36/d117019790/htdocs/mdarc-dev/app/Views/master/modal_update_mem.php(45): CodeIgniter\Debug\Exceptions->errorHandler(8, 'Undefined index...', '/homepages/36/d...', 45, Array)
#1 /homepages/36/d117019790/htdocs/mdarc-dev/app/Views/master/members_view.php(57): include('/homepages/36/d...')
#2 /homepages/36/d117019790/htdocs/mdarc-dev/system/View/View.php(214): include('/homepages/36/d...')
#3 /homepages/36/d117019790/htdocs/mdarc-dev/system/View/View.php(217): CodeIgniter\View\View->CodeIgniter\View\{closure}()
#4 /homepages/36/d117019790/htdocs/mdarc-dev/system/Common.php(1097): CodeIgniter\View\View->render('master/members_...', Array, true)
#5 /homepages/36/d117019790/htdocs/mdarc-dev/app/Controllers/Master.php(32): view('master/members_...', Array)
#6 /homepages/36/d117019790/htdocs/mdarc-dev/system/CodeIgniter.php(824): App\Controllers\Master->show_members()
#7 /homepages/36/d117019790/htdocs/mdarc-dev/system/CodeIgniter.php(410): CodeIgniter\CodeIgniter->runController(Object(App\Controllers\Master))
#8 /homepages/36/d117019790/htdocs/mdarc-dev/system/CodeIgniter.php(318): CodeIgniter\CodeIgniter->handleRequest(NULL, Object(Config\Cache), false)
#9 /homepages/36/d117019790/htdocs/mdarc-dev/public/index.php(37): CodeIgniter\CodeIgniter->run()
#10 {main}
CRITICAL - 2022-01-10 15:07:28 --> Illegal string offset 'description'
#0 /homepages/36/d117019790/htdocs/mdarc-dev/app/Views/master/modal_update_mem.php(46): CodeIgniter\Debug\Exceptions->errorHandler(2, 'Illegal string ...', '/homepages/36/d...', 46, Array)
#1 /homepages/36/d117019790/htdocs/mdarc-dev/app/Views/master/members_view.php(57): include('/homepages/36/d...')
#2 /homepages/36/d117019790/htdocs/mdarc-dev/system/View/View.php(214): include('/homepages/36/d...')
#3 /homepages/36/d117019790/htdocs/mdarc-dev/system/View/View.php(217): CodeIgniter\View\View->CodeIgniter\View\{closure}()
#4 /homepages/36/d117019790/htdocs/mdarc-dev/system/Common.php(1097): CodeIgniter\View\View->render('master/members_...', Array, true)
#5 /homepages/36/d117019790/htdocs/mdarc-dev/app/Controllers/Master.php(32): view('master/members_...', Array)
#6 /homepages/36/d117019790/htdocs/mdarc-dev/system/CodeIgniter.php(824): App\Controllers\Master->show_members()
#7 /homepages/36/d117019790/htdocs/mdarc-dev/system/CodeIgniter.php(410): CodeIgniter\CodeIgniter->runController(Object(App\Controllers\Master))
#8 /homepages/36/d117019790/htdocs/mdarc-dev/system/CodeIgniter.php(318): CodeIgniter\CodeIgniter->handleRequest(NULL, Object(Config\Cache), false)
#9 /homepages/36/d117019790/htdocs/mdarc-dev/public/index.php(37): CodeIgniter\CodeIgniter->run()
#10 {main}
CRITICAL - 2022-01-10 15:13:02 --> Undefined index: member_types
#0 /homepages/36/d117019790/htdocs/mdarc-dev/app/Models/Staff_model.php(96): CodeIgniter\Debug\Exceptions->errorHandler(8, 'Undefined index...', '/homepages/36/d...', 96, Array)
#1 /homepages/36/d117019790/htdocs/mdarc-dev/app/Controllers/Master.php(32): App\Models\Staff_model->get_mems(Array)
#2 /homepages/36/d117019790/htdocs/mdarc-dev/system/CodeIgniter.php(824): App\Controllers\Master->show_members()
#3 /homepages/36/d117019790/htdocs/mdarc-dev/system/CodeIgniter.php(410): CodeIgniter\CodeIgniter->runController(Object(App\Controllers\Master))
#4 /homepages/36/d117019790/htdocs/mdarc-dev/system/CodeIgniter.php(318): CodeIgniter\CodeIgniter->handleRequest(NULL, Object(Config\Cache), false)
#5 /homepages/36/d117019790/htdocs/mdarc-dev/public/index.php(37): CodeIgniter\CodeIgniter->run()
#6 {main}
CRITICAL - 2022-01-10 15:16:42 --> Illegal string offset 'description'
#0 /homepages/36/d117019790/htdocs/mdarc-dev/app/Views/master/modal_update_mem.php(46): CodeIgniter\Debug\Exceptions->errorHandler(2, 'Illegal string ...', '/homepages/36/d...', 46, Array)
#1 /homepages/36/d117019790/htdocs/mdarc-dev/app/Views/master/members_view.php(57): include('/homepages/36/d...')
#2 /homepages/36/d117019790/htdocs/mdarc-dev/system/View/View.php(214): include('/homepages/36/d...')
#3 /homepages/36/d117019790/htdocs/mdarc-dev/system/View/View.php(217): CodeIgniter\View\View->CodeIgniter\View\{closure}()
#4 /homepages/36/d117019790/htdocs/mdarc-dev/system/Common.php(1097): CodeIgniter\View\View->render('master/members_...', Array, true)
#5 /homepages/36/d117019790/htdocs/mdarc-dev/app/Controllers/Master.php(32): view('master/members_...', Array)
#6 /homepages/36/d117019790/htdocs/mdarc-dev/system/CodeIgniter.php(824): App\Controllers\Master->show_members()
#7 /homepages/36/d117019790/htdocs/mdarc-dev/system/CodeIgniter.php(410): CodeIgniter\CodeIgniter->runController(Object(App\Controllers\Master))
#8 /homepages/36/d117019790/htdocs/mdarc-dev/system/CodeIgniter.php(318): CodeIgniter\CodeIgniter->handleRequest(NULL, Object(Config\Cache), false)
#9 /homepages/36/d117019790/htdocs/mdarc-dev/public/index.php(37): CodeIgniter\CodeIgniter->run()
#10 {main}
CRITICAL - 2022-01-10 15:19:58 --> Undefined index: mem_types
#0 /homepages/36/d117019790/htdocs/mdarc-dev/app/Views/master/modal_update_mem.php(45): CodeIgniter\Debug\Exceptions->errorHandler(8, 'Undefined index...', '/homepages/36/d...', 45, Array)
#1 /homepages/36/d117019790/htdocs/mdarc-dev/app/Views/master/members_view.php(57): include('/homepages/36/d...')
#2 /homepages/36/d117019790/htdocs/mdarc-dev/system/View/View.php(214): include('/homepages/36/d...')
#3 /homepages/36/d117019790/htdocs/mdarc-dev/system/View/View.php(217): CodeIgniter\View\View->CodeIgniter\View\{closure}()
#4 /homepages/36/d117019790/htdocs/mdarc-dev/system/Common.php(1097): CodeIgniter\View\View->render('master/members_...', Array, true)
#5 /homepages/36/d117019790/htdocs/mdarc-dev/app/Controllers/Master.php(32): view('master/members_...', Array)
#6 /homepages/36/d117019790/htdocs/mdarc-dev/system/CodeIgniter.php(824): App\Controllers\Master->show_members()
#7 /homepages/36/d117019790/htdocs/mdarc-dev/system/CodeIgniter.php(410): CodeIgniter\CodeIgniter->runController(Object(App\Controllers\Master))
#8 /homepages/36/d117019790/htdocs/mdarc-dev/system/CodeIgniter.php(318): CodeIgniter\CodeIgniter->handleRequest(NULL, Object(Config\Cache), false)
#9 /homepages/36/d117019790/htdocs/mdarc-dev/public/index.php(37): CodeIgniter\CodeIgniter->run()
#10 {main}
CRITICAL - 2022-01-10 15:23:29 --> Illegal string offset 'description'
#0 /homepages/36/d117019790/htdocs/mdarc-dev/app/Views/master/modal_update_mem.php(46): CodeIgniter\Debug\Exceptions->errorHandler(2, 'Illegal string ...', '/homepages/36/d...', 46, Array)
#1 /homepages/36/d117019790/htdocs/mdarc-dev/app/Views/master/members_view.php(57): include('/homepages/36/d...')
#2 /homepages/36/d117019790/htdocs/mdarc-dev/system/View/View.php(214): include('/homepages/36/d...')
#3 /homepages/36/d117019790/htdocs/mdarc-dev/system/View/View.php(217): CodeIgniter\View\View->CodeIgniter\View\{closure}()
#4 /homepages/36/d117019790/htdocs/mdarc-dev/system/Common.php(1097): CodeIgniter\View\View->render('master/members_...', Array, true)
#5 /homepages/36/d117019790/htdocs/mdarc-dev/app/Controllers/Master.php(32): view('master/members_...', Array)
#6 /homepages/36/d117019790/htdocs/mdarc-dev/system/CodeIgniter.php(824): App\Controllers\Master->show_members()
#7 /homepages/36/d117019790/htdocs/mdarc-dev/system/CodeIgniter.php(410): CodeIgniter\CodeIgniter->runController(Object(App\Controllers\Master))
#8 /homepages/36/d117019790/htdocs/mdarc-dev/system/CodeIgniter.php(318): CodeIgniter\CodeIgniter->handleRequest(NULL, Object(Config\Cache), false)
#9 /homepages/36/d117019790/htdocs/mdarc-dev/public/index.php(37): CodeIgniter\CodeIgniter->run()
#10 {main}
CRITICAL - 2022-01-10 15:32:28 --> Trying to get property 'description' of non-object
#0 /homepages/36/d117019790/htdocs/mdarc-dev/app/Views/master/modal_update_mem.php(46): CodeIgniter\Debug\Exceptions->errorHandler(8, 'Trying to get p...', '/homepages/36/d...', 46, Array)
#1 /homepages/36/d117019790/htdocs/mdarc-dev/app/Views/master/members_view.php(57): include('/homepages/36/d...')
#2 /homepages/36/d117019790/htdocs/mdarc-dev/system/View/View.php(214): include('/homepages/36/d...')
#3 /homepages/36/d117019790/htdocs/mdarc-dev/system/View/View.php(217): CodeIgniter\View\View->CodeIgniter\View\{closure}()
#4 /homepages/36/d117019790/htdocs/mdarc-dev/system/Common.php(1097): CodeIgniter\View\View->render('master/members_...', Array, true)
#5 /homepages/36/d117019790/htdocs/mdarc-dev/app/Controllers/Master.php(32): view('master/members_...', Array)
#6 /homepages/36/d117019790/htdocs/mdarc-dev/system/CodeIgniter.php(824): App\Controllers\Master->show_members()
#7 /homepages/36/d117019790/htdocs/mdarc-dev/system/CodeIgniter.php(410): CodeIgniter\CodeIgniter->runController(Object(App\Controllers\Master))
#8 /homepages/36/d117019790/htdocs/mdarc-dev/system/CodeIgniter.php(318): CodeIgniter\CodeIgniter->handleRequest(NULL, Object(Config\Cache), false)
#9 /homepages/36/d117019790/htdocs/mdarc-dev/public/index.php(37): CodeIgniter\CodeIgniter->run()
#10 {main}
CRITICAL - 2022-01-10 15:48:25 --> Illegal string offset 'description'
#0 /homepages/36/d117019790/htdocs/mdarc-dev/app/Views/master/modal_update_mem.php(46): CodeIgniter\Debug\Exceptions->errorHandler(2, 'Illegal string ...', '/homepages/36/d...', 46, Array)
#1 /homepages/36/d117019790/htdocs/mdarc-dev/app/Views/master/members_view.php(57): include('/homepages/36/d...')
#2 /homepages/36/d117019790/htdocs/mdarc-dev/system/View/View.php(214): include('/homepages/36/d...')
#3 /homepages/36/d117019790/htdocs/mdarc-dev/system/View/View.php(217): CodeIgniter\View\View->CodeIgniter\View\{closure}()
#4 /homepages/36/d117019790/htdocs/mdarc-dev/system/Common.php(1097): CodeIgniter\View\View->render('master/members_...', Array, true)
#5 /homepages/36/d117019790/htdocs/mdarc-dev/app/Controllers/Master.php(32): view('master/members_...', Array)
#6 /homepages/36/d117019790/htdocs/mdarc-dev/system/CodeIgniter.php(824): App\Controllers\Master->show_members()
#7 /homepages/36/d117019790/htdocs/mdarc-dev/system/CodeIgniter.php(410): CodeIgniter\CodeIgniter->runController(Object(App\Controllers\Master))
#8 /homepages/36/d117019790/htdocs/mdarc-dev/system/CodeIgniter.php(318): CodeIgniter\CodeIgniter->handleRequest(NULL, Object(Config\Cache), false)
#9 /homepages/36/d117019790/htdocs/mdarc-dev/public/index.php(37): CodeIgniter\CodeIgniter->run()
#10 {main}
CRITICAL - 2022-01-10 15:58:54 --> Illegal string offset 'description'
#0 /homepages/36/d117019790/htdocs/mdarc-dev/app/Views/master/modal_update_mem.php(46): CodeIgniter\Debug\Exceptions->errorHandler(2, 'Illegal string ...', '/homepages/36/d...', 46, Array)
#1 /homepages/36/d117019790/htdocs/mdarc-dev/app/Views/master/members_view.php(57): include('/homepages/36/d...')
#2 /homepages/36/d117019790/htdocs/mdarc-dev/system/View/View.php(214): include('/homepages/36/d...')
#3 /homepages/36/d117019790/htdocs/mdarc-dev/system/View/View.php(217): CodeIgniter\View\View->CodeIgniter\View\{closure}()
#4 /homepages/36/d117019790/htdocs/mdarc-dev/system/Common.php(1097): CodeIgniter\View\View->render('master/members_...', Array, true)
#5 /homepages/36/d117019790/htdocs/mdarc-dev/app/Controllers/Master.php(32): view('master/members_...', Array)
#6 /homepages/36/d117019790/htdocs/mdarc-dev/system/CodeIgniter.php(824): App\Controllers\Master->show_members()
#7 /homepages/36/d117019790/htdocs/mdarc-dev/system/CodeIgniter.php(410): CodeIgniter\CodeIgniter->runController(Object(App\Controllers\Master))
#8 /homepages/36/d117019790/htdocs/mdarc-dev/system/CodeIgniter.php(318): CodeIgniter\CodeIgniter->handleRequest(NULL, Object(Config\Cache), false)
#9 /homepages/36/d117019790/htdocs/mdarc-dev/public/index.php(37): CodeIgniter\CodeIgniter->run()
#10 {main}
CRITICAL - 2022-01-10 16:02:33 --> Illegal string offset 'description'
#0 /homepages/36/d117019790/htdocs/mdarc-dev/app/Views/master/modal_update_mem.php(46): CodeIgniter\Debug\Exceptions->errorHandler(2, 'Illegal string ...', '/homepages/36/d...', 46, Array)
#1 /homepages/36/d117019790/htdocs/mdarc-dev/app/Views/master/members_view.php(57): include('/homepages/36/d...')
#2 /homepages/36/d117019790/htdocs/mdarc-dev/system/View/View.php(214): include('/homepages/36/d...')
#3 /homepages/36/d117019790/htdocs/mdarc-dev/system/View/View.php(217): CodeIgniter\View\View->CodeIgniter\View\{closure}()
#4 /homepages/36/d117019790/htdocs/mdarc-dev/system/Common.php(1097): CodeIgniter\View\View->render('master/members_...', Array, true)
#5 /homepages/36/d117019790/htdocs/mdarc-dev/app/Controllers/Master.php(32): view('master/members_...', Array)
#6 /homepages/36/d117019790/htdocs/mdarc-dev/system/CodeIgniter.php(824): App\Controllers\Master->show_members()
#7 /homepages/36/d117019790/htdocs/mdarc-dev/system/CodeIgniter.php(410): CodeIgniter\CodeIgniter->runController(Object(App\Controllers\Master))
#8 /homepages/36/d117019790/htdocs/mdarc-dev/system/CodeIgniter.php(318): CodeIgniter\CodeIgniter->handleRequest(NULL, Object(Config\Cache), false)
#9 /homepages/36/d117019790/htdocs/mdarc-dev/public/index.php(37): CodeIgniter\CodeIgniter->run()
#10 {main}
CRITICAL - 2022-01-10 16:08:49 --> Illegal string offset 'id'
#0 /homepages/36/d117019790/htdocs/mdarc-dev/app/Views/master/modal_add_fams.php(54): CodeIgniter\Debug\Exceptions->errorHandler(2, 'Illegal string ...', '/homepages/36/d...', 54, Array)
#1 /homepages/36/d117019790/htdocs/mdarc-dev/app/Views/master/members_view.php(66): include('/homepages/36/d...')
#2 /homepages/36/d117019790/htdocs/mdarc-dev/system/View/View.php(214): include('/homepages/36/d...')
#3 /homepages/36/d117019790/htdocs/mdarc-dev/system/View/View.php(217): CodeIgniter\View\View->CodeIgniter\View\{closure}()
#4 /homepages/36/d117019790/htdocs/mdarc-dev/system/Common.php(1097): CodeIgniter\View\View->render('master/members_...', Array, true)
#5 /homepages/36/d117019790/htdocs/mdarc-dev/app/Controllers/Master.php(32): view('master/members_...', Array)
#6 /homepages/36/d117019790/htdocs/mdarc-dev/system/CodeIgniter.php(824): App\Controllers\Master->show_members()
#7 /homepages/36/d117019790/htdocs/mdarc-dev/system/CodeIgniter.php(410): CodeIgniter\CodeIgniter->runController(Object(App\Controllers\Master))
#8 /homepages/36/d117019790/htdocs/mdarc-dev/system/CodeIgniter.php(318): CodeIgniter\CodeIgniter->handleRequest(NULL, Object(Config\Cache), false)
#9 /homepages/36/d117019790/htdocs/mdarc-dev/public/index.php(37): CodeIgniter\CodeIgniter->run()
#10 {main}
CRITICAL - 2022-01-10 16:17:47 --> Illegal string offset 'description'
#0 /homepages/36/d117019790/htdocs/mdarc-dev/app/Views/master/modal_update_mem.php(46): CodeIgniter\Debug\Exceptions->errorHandler(2, 'Illegal string ...', '/homepages/36/d...', 46, Array)
#1 /homepages/36/d117019790/htdocs/mdarc-dev/app/Views/master/members_view.php(57): include('/homepages/36/d...')
#2 /homepages/36/d117019790/htdocs/mdarc-dev/system/View/View.php(214): include('/homepages/36/d...')
#3 /homepages/36/d117019790/htdocs/mdarc-dev/system/View/View.php(217): CodeIgniter\View\View->CodeIgniter\View\{closure}()
#4 /homepages/36/d117019790/htdocs/mdarc-dev/system/Common.php(1097): CodeIgniter\View\View->render('master/members_...', Array, true)
#5 /homepages/36/d117019790/htdocs/mdarc-dev/app/Controllers/Master.php(32): view('master/members_...', Array)
#6 /homepages/36/d117019790/htdocs/mdarc-dev/system/CodeIgniter.php(824): App\Controllers\Master->show_members()
#7 /homepages/36/d117019790/htdocs/mdarc-dev/system/CodeIgniter.php(410): CodeIgniter\CodeIgniter->runController(Object(App\Controllers\Master))
#8 /homepages/36/d117019790/htdocs/mdarc-dev/system/CodeIgniter.php(318): CodeIgniter\CodeIgniter->handleRequest(NULL, Object(Config\Cache), false)
#9 /homepages/36/d117019790/htdocs/mdarc-dev/public/index.php(37): CodeIgniter\CodeIgniter->run()
#10 {main}
CRITICAL - 2022-01-10 16:21:49 --> Illegal string offset 'description'
#0 /homepages/36/d117019790/htdocs/mdarc-dev/app/Views/master/modal_update_mem.php(46): CodeIgniter\Debug\Exceptions->errorHandler(2, 'Illegal string ...', '/homepages/36/d...', 46, Array)
#1 /homepages/36/d117019790/htdocs/mdarc-dev/app/Views/master/members_view.php(57): include('/homepages/36/d...')
#2 /homepages/36/d117019790/htdocs/mdarc-dev/system/View/View.php(214): include('/homepages/36/d...')
#3 /homepages/36/d117019790/htdocs/mdarc-dev/system/View/View.php(217): CodeIgniter\View\View->CodeIgniter\View\{closure}()
#4 /homepages/36/d117019790/htdocs/mdarc-dev/system/Common.php(1097): CodeIgniter\View\View->render('master/members_...', Array, true)
#5 /homepages/36/d117019790/htdocs/mdarc-dev/app/Controllers/Master.php(32): view('master/members_...', Array)
#6 /homepages/36/d117019790/htdocs/mdarc-dev/system/CodeIgniter.php(824): App\Controllers\Master->show_members()
#7 /homepages/36/d117019790/htdocs/mdarc-dev/system/CodeIgniter.php(410): CodeIgniter\CodeIgniter->runController(Object(App\Controllers\Master))
#8 /homepages/36/d117019790/htdocs/mdarc-dev/system/CodeIgniter.php(318): CodeIgniter\CodeIgniter->handleRequest(NULL, Object(Config\Cache), false)
#9 /homepages/36/d117019790/htdocs/mdarc-dev/public/index.php(37): CodeIgniter\CodeIgniter->run()
#10 {main}
CRITICAL - 2022-01-10 16:30:14 --> syntax error, unexpected 'print_r' (T_STRING)
#0 /homepages/36/d117019790/htdocs/mdarc-dev/system/View/View.php(217): CodeIgniter\View\View->CodeIgniter\View\{closure}()
#1 /homepages/36/d117019790/htdocs/mdarc-dev/system/Common.php(1097): CodeIgniter\View\View->render('master/members_...', Array, true)
#2 /homepages/36/d117019790/htdocs/mdarc-dev/app/Controllers/Master.php(32): view('master/members_...', Array)
#3 /homepages/36/d117019790/htdocs/mdarc-dev/system/CodeIgniter.php(824): App\Controllers\Master->show_members()
#4 /homepages/36/d117019790/htdocs/mdarc-dev/system/CodeIgniter.php(410): CodeIgniter\CodeIgniter->runController(Object(App\Controllers\Master))
#5 /homepages/36/d117019790/htdocs/mdarc-dev/system/CodeIgniter.php(318): CodeIgniter\CodeIgniter->handleRequest(NULL, Object(Config\Cache), false)
#6 /homepages/36/d117019790/htdocs/mdarc-dev/public/index.php(37): CodeIgniter\CodeIgniter->run()
#7 {main}
CRITICAL - 2022-01-10 16:55:07 --> syntax error, unexpected 'private' (T_PRIVATE), expecting end of file
#0 /homepages/36/d117019790/htdocs/mdarc-dev/system/Autoloader/Autoloader.php(241): CodeIgniter\Autoloader\Autoloader->includeFile('/homepages/36/d...')
#1 /homepages/36/d117019790/htdocs/mdarc-dev/system/Autoloader/Autoloader.php(219): CodeIgniter\Autoloader\Autoloader->loadInNamespace('App\\Controllers...')
#2 [internal function]: CodeIgniter\Autoloader\Autoloader->loadClass('App\\Controllers...')
#3 [internal function]: spl_autoload_call('App\\Controllers...')
#4 /homepages/36/d117019790/htdocs/mdarc-dev/system/CodeIgniter.php(789): class_exists('\\App\\Controller...', true)
#5 /homepages/36/d117019790/htdocs/mdarc-dev/system/CodeIgniter.php(397): CodeIgniter\CodeIgniter->startController()
#6 /homepages/36/d117019790/htdocs/mdarc-dev/system/CodeIgniter.php(318): CodeIgniter\CodeIgniter->handleRequest(NULL, Object(Config\Cache), false)
#7 /homepages/36/d117019790/htdocs/mdarc-dev/public/index.php(37): CodeIgniter\CodeIgniter->run()
#8 {main}
CRITICAL - 2022-01-10 16:56:38 --> syntax error, unexpected 'public' (T_PUBLIC), expecting end of file
#0 /homepages/36/d117019790/htdocs/mdarc-dev/system/Autoloader/Autoloader.php(241): CodeIgniter\Autoloader\Autoloader->includeFile('/homepages/36/d...')
#1 /homepages/36/d117019790/htdocs/mdarc-dev/system/Autoloader/Autoloader.php(219): CodeIgniter\Autoloader\Autoloader->loadInNamespace('App\\Controllers...')
#2 [internal function]: CodeIgniter\Autoloader\Autoloader->loadClass('App\\Controllers...')
#3 [internal function]: spl_autoload_call('App\\Controllers...')
#4 /homepages/36/d117019790/htdocs/mdarc-dev/system/CodeIgniter.php(789): class_exists('\\App\\Controller...', true)
#5 /homepages/36/d117019790/htdocs/mdarc-dev/system/CodeIgniter.php(397): CodeIgniter\CodeIgniter->startController()
#6 /homepages/36/d117019790/htdocs/mdarc-dev/system/CodeIgniter.php(318): CodeIgniter\CodeIgniter->handleRequest(NULL, Object(Config\Cache), false)
#7 /homepages/36/d117019790/htdocs/mdarc-dev/public/index.php(37): CodeIgniter\CodeIgniter->run()
#8 {main}
CRITICAL - 2022-01-10 16:56:41 --> syntax error, unexpected 'public' (T_PUBLIC), expecting end of file
#0 /homepages/36/d117019790/htdocs/mdarc-dev/system/Autoloader/Autoloader.php(241): CodeIgniter\Autoloader\Autoloader->includeFile('/homepages/36/d...')
#1 /homepages/36/d117019790/htdocs/mdarc-dev/system/Autoloader/Autoloader.php(219): CodeIgniter\Autoloader\Autoloader->loadInNamespace('App\\Controllers...')
#2 [internal function]: CodeIgniter\Autoloader\Autoloader->loadClass('App\\Controllers...')
#3 [internal function]: spl_autoload_call('App\\Controllers...')
#4 /homepages/36/d117019790/htdocs/mdarc-dev/system/CodeIgniter.php(789): class_exists('\\App\\Controller...', true)
#5 /homepages/36/d117019790/htdocs/mdarc-dev/system/CodeIgniter.php(397): CodeIgniter\CodeIgniter->startController()
#6 /homepages/36/d117019790/htdocs/mdarc-dev/system/CodeIgniter.php(318): CodeIgniter\CodeIgniter->handleRequest(NULL, Object(Config\Cache), false)
#7 /homepages/36/d117019790/htdocs/mdarc-dev/public/index.php(37): CodeIgniter\CodeIgniter->run()
#8 {main}
CRITICAL - 2022-01-10 22:56:18 --> Undefined index: id_members
#0 /homepages/36/d117019790/htdocs/mdarc-dev/app/Views/master/modal_fams.php(18): CodeIgniter\Debug\Exceptions->errorHandler(8, 'Undefined index...', '/homepages/36/d...', 18, Array)
#1 /homepages/36/d117019790/htdocs/mdarc-dev/app/Views/master/members_view.php(62): include('/homepages/36/d...')
#2 /homepages/36/d117019790/htdocs/mdarc-dev/system/View/View.php(214): include('/homepages/36/d...')
#3 /homepages/36/d117019790/htdocs/mdarc-dev/system/View/View.php(217): CodeIgniter\View\View->CodeIgniter\View\{closure}()
#4 /homepages/36/d117019790/htdocs/mdarc-dev/system/Common.php(1097): CodeIgniter\View\View->render('master/members_...', Array, true)
#5 /homepages/36/d117019790/htdocs/mdarc-dev/app/Controllers/Master.php(32): view('master/members_...', Array)
#6 /homepages/36/d117019790/htdocs/mdarc-dev/system/CodeIgniter.php(824): App\Controllers\Master->show_members()
#7 /homepages/36/d117019790/htdocs/mdarc-dev/system/CodeIgniter.php(410): CodeIgniter\CodeIgniter->runController(Object(App\Controllers\Master))
#8 /homepages/36/d117019790/htdocs/mdarc-dev/system/CodeIgniter.php(318): CodeIgniter\CodeIgniter->handleRequest(NULL, Object(Config\Cache), false)
#9 /homepages/36/d117019790/htdocs/mdarc-dev/public/index.php(37): CodeIgniter\CodeIgniter->run()
#10 {main}
CRITICAL - 2022-01-10 23:11:29 --> Undefined index: flag
#0 /homepages/36/d117019790/htdocs/mdarc-dev/app/Views/members/member_view.php(25): CodeIgniter\Debug\Exceptions->errorHandler(8, 'Undefined index...', '/homepages/36/d...', 25, Array)
#1 /homepages/36/d117019790/htdocs/mdarc-dev/system/View/View.php(214): include('/homepages/36/d...')
#2 /homepages/36/d117019790/htdocs/mdarc-dev/system/View/View.php(217): CodeIgniter\View\View->CodeIgniter\View\{closure}()
#3 /homepages/36/d117019790/htdocs/mdarc-dev/system/Common.php(1097): CodeIgniter\View\View->render('members/member_...', Array, true)
#4 /homepages/36/d117019790/htdocs/mdarc-dev/app/Controllers/Member.php(20): view('members/member_...', Array)
#5 /homepages/36/d117019790/htdocs/mdarc-dev/system/CodeIgniter.php(824): App\Controllers\Member->index()
#6 /homepages/36/d117019790/htdocs/mdarc-dev/system/CodeIgniter.php(410): CodeIgniter\CodeIgniter->runController(Object(App\Controllers\Member))
#7 /homepages/36/d117019790/htdocs/mdarc-dev/system/CodeIgniter.php(318): CodeIgniter\CodeIgniter->handleRequest(NULL, Object(Config\Cache), false)
#8 /homepages/36/d117019790/htdocs/mdarc-dev/public/index.php(37): CodeIgniter\CodeIgniter->run()
#9 {main}
CRITICAL - 2022-01-10 23:12:33 --> Undefined index: fam_flag
#0 /homepages/36/d117019790/htdocs/mdarc-dev/app/Views/members/member_view.php(25): CodeIgniter\Debug\Exceptions->errorHandler(8, 'Undefined index...', '/homepages/36/d...', 25, Array)
#1 /homepages/36/d117019790/htdocs/mdarc-dev/system/View/View.php(214): include('/homepages/36/d...')
#2 /homepages/36/d117019790/htdocs/mdarc-dev/system/View/View.php(217): CodeIgniter\View\View->CodeIgniter\View\{closure}()
#3 /homepages/36/d117019790/htdocs/mdarc-dev/system/Common.php(1097): CodeIgniter\View\View->render('members/member_...', Array, true)
#4 /homepages/36/d117019790/htdocs/mdarc-dev/app/Controllers/Member.php(20): view('members/member_...', Array)
#5 /homepages/36/d117019790/htdocs/mdarc-dev/system/CodeIgniter.php(824): App\Controllers\Member->index()
#6 /homepages/36/d117019790/htdocs/mdarc-dev/system/CodeIgniter.php(410): CodeIgniter\CodeIgniter->runController(Object(App\Controllers\Member))
#7 /homepages/36/d117019790/htdocs/mdarc-dev/system/CodeIgniter.php(318): CodeIgniter\CodeIgniter->handleRequest(NULL, Object(Config\Cache), false)
#8 /homepages/36/d117019790/htdocs/mdarc-dev/public/index.php(37): CodeIgniter\CodeIgniter->run()
#9 {main}
CRITICAL - 2022-01-10 23:13:47 --> Undefined index: flag
#0 /homepages/36/d117019790/htdocs/mdarc-dev/app/Views/members/pers_data_view.php(105): CodeIgniter\Debug\Exceptions->errorHandler(8, 'Undefined index...', '/homepages/36/d...', 105, Array)
#1 /homepages/36/d117019790/htdocs/mdarc-dev/system/View/View.php(214): include('/homepages/36/d...')
#2 /homepages/36/d117019790/htdocs/mdarc-dev/system/View/View.php(217): CodeIgniter\View\View->CodeIgniter\View\{closure}()
#3 /homepages/36/d117019790/htdocs/mdarc-dev/system/Common.php(1097): CodeIgniter\View\View->render('members/pers_da...', Array, true)
#4 /homepages/36/d117019790/htdocs/mdarc-dev/app/Controllers/Member.php(48): view('members/pers_da...', Array)
#5 /homepages/36/d117019790/htdocs/mdarc-dev/system/CodeIgniter.php(824): App\Controllers\Member->pers_data()
#6 /homepages/36/d117019790/htdocs/mdarc-dev/system/CodeIgniter.php(410): CodeIgniter\CodeIgniter->runController(Object(App\Controllers\Member))
#7 /homepages/36/d117019790/htdocs/mdarc-dev/system/CodeIgniter.php(318): CodeIgniter\CodeIgniter->handleRequest(NULL, Object(Config\Cache), false)
#8 /homepages/36/d117019790/htdocs/mdarc-dev/public/index.php(37): CodeIgniter\CodeIgniter->run()
#9 {main}
CRITICAL - 2022-01-10 23:14:55 --> Undefined index: fam_mems
#0 /homepages/36/d117019790/htdocs/mdarc-dev/app/Views/master/modal_fams.php(16): CodeIgniter\Debug\Exceptions->errorHandler(8, 'Undefined index...', '/homepages/36/d...', 16, Array)
#1 /homepages/36/d117019790/htdocs/mdarc-dev/app/Views/master/members_view.php(62): include('/homepages/36/d...')
#2 /homepages/36/d117019790/htdocs/mdarc-dev/system/View/View.php(214): include('/homepages/36/d...')
#3 /homepages/36/d117019790/htdocs/mdarc-dev/system/View/View.php(217): CodeIgniter\View\View->CodeIgniter\View\{closure}()
#4 /homepages/36/d117019790/htdocs/mdarc-dev/system/Common.php(1097): CodeIgniter\View\View->render('master/members_...', Array, true)
#5 /homepages/36/d117019790/htdocs/mdarc-dev/app/Controllers/Master.php(32): view('master/members_...', Array)
#6 /homepages/36/d117019790/htdocs/mdarc-dev/system/CodeIgniter.php(824): App\Controllers\Master->show_members()
#7 /homepages/36/d117019790/htdocs/mdarc-dev/system/CodeIgniter.php(410): CodeIgniter\CodeIgniter->runController(Object(App\Controllers\Master))
#8 /homepages/36/d117019790/htdocs/mdarc-dev/system/CodeIgniter.php(318): CodeIgniter\CodeIgniter->handleRequest(NULL, Object(Config\Cache), false)
#9 /homepages/36/d117019790/htdocs/mdarc-dev/public/index.php(37): CodeIgniter\CodeIgniter->run()
#10 {main}
