CRITICAL - 2022-01-22 13:01:36 --> Argument 2 passed to view() must be of the type array, null given, called in /homepages/36/d117019790/htdocs/mdarc-2/app/Controllers/Member.php on line 105
#0 /homepages/36/d117019790/htdocs/mdarc-2/app/Controllers/Member.php(105): view('members/pers_da...', NULL)
#1 /homepages/36/d117019790/htdocs/mdarc-2/system/CodeIgniter.php(824): App\Controllers\Member->update_mem()
#2 /homepages/36/d117019790/htdocs/mdarc-2/system/CodeIgniter.php(410): CodeIgniter\CodeIgniter->runController(Object(App\Controllers\Member))
#3 /homepages/36/d117019790/htdocs/mdarc-2/system/CodeIgniter.php(318): CodeIgniter\CodeIgniter->handleRequest(NULL, Object(Config\Cache), false)
#4 /homepages/36/d117019790/htdocs/mdarc-2/public/index.php(37): CodeIgniter\CodeIgniter->run()
#5 {main}
CRITICAL - 2022-01-22 13:02:04 --> Undefined property: App\Controllers\Member::$get_pers_data
#0 /homepages/36/d117019790/htdocs/mdarc-2/app/Controllers/Member.php(104): CodeIgniter\Debug\Exceptions->errorHandler(8, 'Undefined prope...', '/homepages/36/d...', 104, Array)
#1 /homepages/36/d117019790/htdocs/mdarc-2/system/CodeIgniter.php(824): App\Controllers\Member->update_mem()
#2 /homepages/36/d117019790/htdocs/mdarc-2/system/CodeIgniter.php(410): CodeIgniter\CodeIgniter->runController(Object(App\Controllers\Member))
#3 /homepages/36/d117019790/htdocs/mdarc-2/system/CodeIgniter.php(318): CodeIgniter\CodeIgniter->handleRequest(NULL, Object(Config\Cache), false)
#4 /homepages/36/d117019790/htdocs/mdarc-2/public/index.php(37): CodeIgniter\CodeIgniter->run()
#5 {main}
CRITICAL - 2022-01-22 13:02:29 --> Undefined variable: msg
#0 /homepages/36/d117019790/htdocs/mdarc-2/app/Views/members/pers_data_view.php(9): CodeIgniter\Debug\Exceptions->errorHandler(8, 'Undefined varia...', '/homepages/36/d...', 9, Array)
#1 /homepages/36/d117019790/htdocs/mdarc-2/system/View/View.php(214): include('/homepages/36/d...')
#2 /homepages/36/d117019790/htdocs/mdarc-2/system/View/View.php(217): CodeIgniter\View\View->CodeIgniter\View\{closure}()
#3 /homepages/36/d117019790/htdocs/mdarc-2/system/Common.php(1097): CodeIgniter\View\View->render('members/pers_da...', Array, true)
#4 /homepages/36/d117019790/htdocs/mdarc-2/app/Controllers/Member.php(105): view('members/pers_da...', Array)
#5 /homepages/36/d117019790/htdocs/mdarc-2/system/CodeIgniter.php(824): App\Controllers\Member->update_mem()
#6 /homepages/36/d117019790/htdocs/mdarc-2/system/CodeIgniter.php(410): CodeIgniter\CodeIgniter->runController(Object(App\Controllers\Member))
#7 /homepages/36/d117019790/htdocs/mdarc-2/system/CodeIgniter.php(318): CodeIgniter\CodeIgniter->handleRequest(NULL, Object(Config\Cache), false)
#8 /homepages/36/d117019790/htdocs/mdarc-2/public/index.php(37): CodeIgniter\CodeIgniter->run()
#9 {main}
CRITICAL - 2022-01-22 13:20:58 --> Undefined variable: mem
#0 /homepages/36/d117019790/htdocs/mdarc-2/app/Views/members/pers_data_view.php(6): CodeIgniter\Debug\Exceptions->errorHandler(8, 'Undefined varia...', '/homepages/36/d...', 6, Array)
#1 /homepages/36/d117019790/htdocs/mdarc-2/system/View/View.php(214): include('/homepages/36/d...')
#2 /homepages/36/d117019790/htdocs/mdarc-2/system/View/View.php(217): CodeIgniter\View\View->CodeIgniter\View\{closure}()
#3 /homepages/36/d117019790/htdocs/mdarc-2/system/Common.php(1097): CodeIgniter\View\View->render('members/pers_da...', Array, true)
#4 /homepages/36/d117019790/htdocs/mdarc-2/app/Controllers/Member.php(207): view('members/pers_da...', Array)
#5 /homepages/36/d117019790/htdocs/mdarc-2/system/CodeIgniter.php(824): App\Controllers\Member->edit_fam_mem()
#6 /homepages/36/d117019790/htdocs/mdarc-2/system/CodeIgniter.php(410): CodeIgniter\CodeIgniter->runController(Object(App\Controllers\Member))
#7 /homepages/36/d117019790/htdocs/mdarc-2/system/CodeIgniter.php(318): CodeIgniter\CodeIgniter->handleRequest(NULL, Object(Config\Cache), false)
#8 /homepages/36/d117019790/htdocs/mdarc-2/public/index.php(37): CodeIgniter\CodeIgniter->run()
#9 {main}
CRITICAL - 2022-01-22 13:22:00 --> Undefined variable: mem
#0 /homepages/36/d117019790/htdocs/mdarc-2/app/Views/members/pers_data_view.php(6): CodeIgniter\Debug\Exceptions->errorHandler(8, 'Undefined varia...', '/homepages/36/d...', 6, Array)
#1 /homepages/36/d117019790/htdocs/mdarc-2/system/View/View.php(214): include('/homepages/36/d...')
#2 /homepages/36/d117019790/htdocs/mdarc-2/system/View/View.php(217): CodeIgniter\View\View->CodeIgniter\View\{closure}()
#3 /homepages/36/d117019790/htdocs/mdarc-2/system/Common.php(1097): CodeIgniter\View\View->render('members/pers_da...', Array, true)
#4 /homepages/36/d117019790/htdocs/mdarc-2/app/Controllers/Member.php(207): view('members/pers_da...', Array)
#5 /homepages/36/d117019790/htdocs/mdarc-2/system/CodeIgniter.php(824): App\Controllers\Member->edit_fam_mem()
#6 /homepages/36/d117019790/htdocs/mdarc-2/system/CodeIgniter.php(410): CodeIgniter\CodeIgniter->runController(Object(App\Controllers\Member))
#7 /homepages/36/d117019790/htdocs/mdarc-2/system/CodeIgniter.php(318): CodeIgniter\CodeIgniter->handleRequest(NULL, Object(Config\Cache), false)
#8 /homepages/36/d117019790/htdocs/mdarc-2/public/index.php(37): CodeIgniter\CodeIgniter->run()
#9 {main}
CRITICAL - 2022-01-22 13:36:09 --> Undefined index: 
#0 /homepages/36/d117019790/htdocs/mdarc-2/app/Controllers/Member.php(171): CodeIgniter\Debug\Exceptions->errorHandler(8, 'Undefined index...', '/homepages/36/d...', 171, Array)
#1 /homepages/36/d117019790/htdocs/mdarc-2/system/CodeIgniter.php(824): App\Controllers\Member->edit_fam_mem()
#2 /homepages/36/d117019790/htdocs/mdarc-2/system/CodeIgniter.php(410): CodeIgniter\CodeIgniter->runController(Object(App\Controllers\Member))
#3 /homepages/36/d117019790/htdocs/mdarc-2/system/CodeIgniter.php(318): CodeIgniter\CodeIgniter->handleRequest(NULL, Object(Config\Cache), false)
#4 /homepages/36/d117019790/htdocs/mdarc-2/public/index.php(37): CodeIgniter\CodeIgniter->run()
#5 {main}
CRITICAL - 2022-01-22 13:44:15 --> Trying to access array offset on value of type null
#0 /homepages/36/d117019790/htdocs/mdarc-2/app/Controllers/Member.php(221): CodeIgniter\Debug\Exceptions->errorHandler(8, 'Trying to acces...', '/homepages/36/d...', 221, Array)
#1 /homepages/36/d117019790/htdocs/mdarc-2/app/Controllers/Member.php(159): App\Controllers\Member->check_mem()
#2 /homepages/36/d117019790/htdocs/mdarc-2/system/CodeIgniter.php(824): App\Controllers\Member->edit_fam_mem()
#3 /homepages/36/d117019790/htdocs/mdarc-2/system/CodeIgniter.php(410): CodeIgniter\CodeIgniter->runController(Object(App\Controllers\Member))
#4 /homepages/36/d117019790/htdocs/mdarc-2/system/CodeIgniter.php(318): CodeIgniter\CodeIgniter->handleRequest(NULL, Object(Config\Cache), false)
#5 /homepages/36/d117019790/htdocs/mdarc-2/public/index.php(37): CodeIgniter\CodeIgniter->run()
#6 {main}
CRITICAL - 2022-01-22 14:25:33 --> Undefined variable: primary
#0 /homepages/36/d117019790/htdocs/mdarc-2/app/Views/members/member_view.php(11): CodeIgniter\Debug\Exceptions->errorHandler(8, 'Undefined varia...', '/homepages/36/d...', 11, Array)
#1 /homepages/36/d117019790/htdocs/mdarc-2/system/View/View.php(214): include('/homepages/36/d...')
#2 /homepages/36/d117019790/htdocs/mdarc-2/system/View/View.php(217): CodeIgniter\View\View->CodeIgniter\View\{closure}()
#3 /homepages/36/d117019790/htdocs/mdarc-2/system/Common.php(1097): CodeIgniter\View\View->render('members/member_...', Array, true)
#4 /homepages/36/d117019790/htdocs/mdarc-2/app/Controllers/Member.php(141): view('members/member_...', Array)
#5 /homepages/36/d117019790/htdocs/mdarc-2/system/CodeIgniter.php(824): App\Controllers\Member->add_fam_mem()
#6 /homepages/36/d117019790/htdocs/mdarc-2/system/CodeIgniter.php(410): CodeIgniter\CodeIgniter->runController(Object(App\Controllers\Member))
#7 /homepages/36/d117019790/htdocs/mdarc-2/system/CodeIgniter.php(318): CodeIgniter\CodeIgniter->handleRequest(NULL, Object(Config\Cache), false)
#8 /homepages/36/d117019790/htdocs/mdarc-2/public/index.php(37): CodeIgniter\CodeIgniter->run()
#9 {main}
CRITICAL - 2022-01-22 18:13:11 --> Undefined index: id
#0 /homepages/36/d117019790/htdocs/mdarc-2/app/Models/Member_model.php(441): CodeIgniter\Debug\Exceptions->errorHandler(8, 'Undefined index...', '/homepages/36/d...', 441, Array)
#1 /homepages/36/d117019790/htdocs/mdarc-2/app/Models/Member_model.php(113): App\Models\Member_model->do_email(Array)
#2 /homepages/36/d117019790/htdocs/mdarc-2/app/Controllers/Member.php(89): App\Models\Member_model->update_mem(Array)
#3 /homepages/36/d117019790/htdocs/mdarc-2/system/CodeIgniter.php(824): App\Controllers\Member->update_mem()
#4 /homepages/36/d117019790/htdocs/mdarc-2/system/CodeIgniter.php(410): CodeIgniter\CodeIgniter->runController(Object(App\Controllers\Member))
#5 /homepages/36/d117019790/htdocs/mdarc-2/system/CodeIgniter.php(318): CodeIgniter\CodeIgniter->handleRequest(NULL, Object(Config\Cache), false)
#6 /homepages/36/d117019790/htdocs/mdarc-2/public/index.php(37): CodeIgniter\CodeIgniter->run()
#7 {main}
CRITICAL - 2022-01-22 18:14:55 --> Undefined variable: id
#0 /homepages/36/d117019790/htdocs/mdarc-2/app/Models/Member_model.php(112): CodeIgniter\Debug\Exceptions->errorHandler(8, 'Undefined varia...', '/homepages/36/d...', 112, Array)
#1 /homepages/36/d117019790/htdocs/mdarc-2/app/Controllers/Member.php(89): App\Models\Member_model->update_mem(Array)
#2 /homepages/36/d117019790/htdocs/mdarc-2/system/CodeIgniter.php(824): App\Controllers\Member->update_mem()
#3 /homepages/36/d117019790/htdocs/mdarc-2/system/CodeIgniter.php(410): CodeIgniter\CodeIgniter->runController(Object(App\Controllers\Member))
#4 /homepages/36/d117019790/htdocs/mdarc-2/system/CodeIgniter.php(318): CodeIgniter\CodeIgniter->handleRequest(NULL, Object(Config\Cache), false)
#5 /homepages/36/d117019790/htdocs/mdarc-2/public/index.php(37): CodeIgniter\CodeIgniter->run()
#6 {main}
CRITICAL - 2022-01-22 18:18:16 --> Illegal string offset 'email'
#0 /homepages/36/d117019790/htdocs/mdarc-2/app/Models/Member_model.php(458): CodeIgniter\Debug\Exceptions->errorHandler(2, 'Illegal string ...', '/homepages/36/d...', 458, Array)
#1 /homepages/36/d117019790/htdocs/mdarc-2/app/Models/Member_model.php(111): App\Models\Member_model->do_email(Array)
#2 /homepages/36/d117019790/htdocs/mdarc-2/app/Controllers/Member.php(89): App\Models\Member_model->update_mem(Array)
#3 /homepages/36/d117019790/htdocs/mdarc-2/system/CodeIgniter.php(824): App\Controllers\Member->update_mem()
#4 /homepages/36/d117019790/htdocs/mdarc-2/system/CodeIgniter.php(410): CodeIgniter\CodeIgniter->runController(Object(App\Controllers\Member))
#5 /homepages/36/d117019790/htdocs/mdarc-2/system/CodeIgniter.php(318): CodeIgniter\CodeIgniter->handleRequest(NULL, Object(Config\Cache), false)
#6 /homepages/36/d117019790/htdocs/mdarc-2/public/index.php(37): CodeIgniter\CodeIgniter->run()
#7 {main}
CRITICAL - 2022-01-22 19:59:37 --> Undefined variable: errors
#0 /homepages/36/d117019790/htdocs/mdarc-2/app/Views/members/pers_data_view.php(74): CodeIgniter\Debug\Exceptions->errorHandler(8, 'Undefined varia...', '/homepages/36/d...', 74, Array)
#1 /homepages/36/d117019790/htdocs/mdarc-2/system/View/View.php(214): include('/homepages/36/d...')
#2 /homepages/36/d117019790/htdocs/mdarc-2/system/View/View.php(217): CodeIgniter\View\View->CodeIgniter\View\{closure}()
#3 /homepages/36/d117019790/htdocs/mdarc-2/system/Common.php(1097): CodeIgniter\View\View->render('members/pers_da...', Array, true)
#4 /homepages/36/d117019790/htdocs/mdarc-2/app/Controllers/Member.php(46): view('members/pers_da...', Array)
#5 /homepages/36/d117019790/htdocs/mdarc-2/system/CodeIgniter.php(824): App\Controllers\Member->pers_data()
#6 /homepages/36/d117019790/htdocs/mdarc-2/system/CodeIgniter.php(410): CodeIgniter\CodeIgniter->runController(Object(App\Controllers\Member))
#7 /homepages/36/d117019790/htdocs/mdarc-2/system/CodeIgniter.php(318): CodeIgniter\CodeIgniter->handleRequest(NULL, Object(Config\Cache), false)
#8 /homepages/36/d117019790/htdocs/mdarc-2/public/index.php(37): CodeIgniter\CodeIgniter->run()
#9 {main}
CRITICAL - 2022-01-22 20:00:41 --> Trying to access array offset on value of type null
#0 /homepages/36/d117019790/htdocs/mdarc-2/app/Views/members/pers_data_view.php(74): CodeIgniter\Debug\Exceptions->errorHandler(8, 'Trying to acces...', '/homepages/36/d...', 74, Array)
#1 /homepages/36/d117019790/htdocs/mdarc-2/system/View/View.php(214): include('/homepages/36/d...')
#2 /homepages/36/d117019790/htdocs/mdarc-2/system/View/View.php(217): CodeIgniter\View\View->CodeIgniter\View\{closure}()
#3 /homepages/36/d117019790/htdocs/mdarc-2/system/Common.php(1097): CodeIgniter\View\View->render('members/pers_da...', Array, true)
#4 /homepages/36/d117019790/htdocs/mdarc-2/app/Controllers/Member.php(47): view('members/pers_da...', Array)
#5 /homepages/36/d117019790/htdocs/mdarc-2/system/CodeIgniter.php(824): App\Controllers\Member->pers_data()
#6 /homepages/36/d117019790/htdocs/mdarc-2/system/CodeIgniter.php(410): CodeIgniter\CodeIgniter->runController(Object(App\Controllers\Member))
#7 /homepages/36/d117019790/htdocs/mdarc-2/system/CodeIgniter.php(318): CodeIgniter\CodeIgniter->handleRequest(NULL, Object(Config\Cache), false)
#8 /homepages/36/d117019790/htdocs/mdarc-2/public/index.php(37): CodeIgniter\CodeIgniter->run()
#9 {main}
CRITICAL - 2022-01-22 20:00:45 --> Trying to access array offset on value of type null
#0 /homepages/36/d117019790/htdocs/mdarc-2/app/Views/members/pers_data_view.php(74): CodeIgniter\Debug\Exceptions->errorHandler(8, 'Trying to acces...', '/homepages/36/d...', 74, Array)
#1 /homepages/36/d117019790/htdocs/mdarc-2/system/View/View.php(214): include('/homepages/36/d...')
#2 /homepages/36/d117019790/htdocs/mdarc-2/system/View/View.php(217): CodeIgniter\View\View->CodeIgniter\View\{closure}()
#3 /homepages/36/d117019790/htdocs/mdarc-2/system/Common.php(1097): CodeIgniter\View\View->render('members/pers_da...', Array, true)
#4 /homepages/36/d117019790/htdocs/mdarc-2/app/Controllers/Member.php(47): view('members/pers_da...', Array)
#5 /homepages/36/d117019790/htdocs/mdarc-2/system/CodeIgniter.php(824): App\Controllers\Member->pers_data()
#6 /homepages/36/d117019790/htdocs/mdarc-2/system/CodeIgniter.php(410): CodeIgniter\CodeIgniter->runController(Object(App\Controllers\Member))
#7 /homepages/36/d117019790/htdocs/mdarc-2/system/CodeIgniter.php(318): CodeIgniter\CodeIgniter->handleRequest(NULL, Object(Config\Cache), false)
#8 /homepages/36/d117019790/htdocs/mdarc-2/public/index.php(37): CodeIgniter\CodeIgniter->run()
#9 {main}
CRITICAL - 2022-01-22 20:01:37 --> Undefined index: cell
#0 /homepages/36/d117019790/htdocs/mdarc-2/app/Views/members/pers_data_view.php(74): CodeIgniter\Debug\Exceptions->errorHandler(8, 'Undefined index...', '/homepages/36/d...', 74, Array)
#1 /homepages/36/d117019790/htdocs/mdarc-2/system/View/View.php(214): include('/homepages/36/d...')
#2 /homepages/36/d117019790/htdocs/mdarc-2/system/View/View.php(217): CodeIgniter\View\View->CodeIgniter\View\{closure}()
#3 /homepages/36/d117019790/htdocs/mdarc-2/system/Common.php(1097): CodeIgniter\View\View->render('members/pers_da...', Array, true)
#4 /homepages/36/d117019790/htdocs/mdarc-2/app/Controllers/Member.php(47): view('members/pers_da...', Array)
#5 /homepages/36/d117019790/htdocs/mdarc-2/system/CodeIgniter.php(824): App\Controllers\Member->pers_data()
#6 /homepages/36/d117019790/htdocs/mdarc-2/system/CodeIgniter.php(410): CodeIgniter\CodeIgniter->runController(Object(App\Controllers\Member))
#7 /homepages/36/d117019790/htdocs/mdarc-2/system/CodeIgniter.php(318): CodeIgniter\CodeIgniter->handleRequest(NULL, Object(Config\Cache), false)
#8 /homepages/36/d117019790/htdocs/mdarc-2/public/index.php(37): CodeIgniter\CodeIgniter->run()
#9 {main}
CRITICAL - 2022-01-22 20:04:38 --> Undefined index: cell
#0 /homepages/36/d117019790/htdocs/mdarc-2/app/Views/members/pers_data_view.php(73): CodeIgniter\Debug\Exceptions->errorHandler(8, 'Undefined index...', '/homepages/36/d...', 73, Array)
#1 /homepages/36/d117019790/htdocs/mdarc-2/system/View/View.php(214): include('/homepages/36/d...')
#2 /homepages/36/d117019790/htdocs/mdarc-2/system/View/View.php(217): CodeIgniter\View\View->CodeIgniter\View\{closure}()
#3 /homepages/36/d117019790/htdocs/mdarc-2/system/Common.php(1097): CodeIgniter\View\View->render('members/pers_da...', Array, true)
#4 /homepages/36/d117019790/htdocs/mdarc-2/app/Controllers/Member.php(103): view('members/pers_da...', Array)
#5 /homepages/36/d117019790/htdocs/mdarc-2/system/CodeIgniter.php(824): App\Controllers\Member->update_mem()
#6 /homepages/36/d117019790/htdocs/mdarc-2/system/CodeIgniter.php(410): CodeIgniter\CodeIgniter->runController(Object(App\Controllers\Member))
#7 /homepages/36/d117019790/htdocs/mdarc-2/system/CodeIgniter.php(318): CodeIgniter\CodeIgniter->handleRequest(NULL, Object(Config\Cache), false)
#8 /homepages/36/d117019790/htdocs/mdarc-2/public/index.php(37): CodeIgniter\CodeIgniter->run()
#9 {main}
CRITICAL - 2022-01-22 20:44:04 --> Undefined index: cell
#0 /homepages/36/d117019790/htdocs/mdarc-2/app/Views/members/pers_data_view.php(75): CodeIgniter\Debug\Exceptions->errorHandler(8, 'Undefined index...', '/homepages/36/d...', 75, Array)
#1 /homepages/36/d117019790/htdocs/mdarc-2/system/View/View.php(214): include('/homepages/36/d...')
#2 /homepages/36/d117019790/htdocs/mdarc-2/system/View/View.php(217): CodeIgniter\View\View->CodeIgniter\View\{closure}()
#3 /homepages/36/d117019790/htdocs/mdarc-2/system/Common.php(1097): CodeIgniter\View\View->render('members/pers_da...', Array, true)
#4 /homepages/36/d117019790/htdocs/mdarc-2/app/Controllers/Member.php(103): view('members/pers_da...', Array)
#5 /homepages/36/d117019790/htdocs/mdarc-2/system/CodeIgniter.php(824): App\Controllers\Member->update_mem()
#6 /homepages/36/d117019790/htdocs/mdarc-2/system/CodeIgniter.php(410): CodeIgniter\CodeIgniter->runController(Object(App\Controllers\Member))
#7 /homepages/36/d117019790/htdocs/mdarc-2/system/CodeIgniter.php(318): CodeIgniter\CodeIgniter->handleRequest(NULL, Object(Config\Cache), false)
#8 /homepages/36/d117019790/htdocs/mdarc-2/public/index.php(37): CodeIgniter\CodeIgniter->run()
#9 {main}
CRITICAL - 2022-01-22 20:46:02 --> Undefined index: phone
#0 /homepages/36/d117019790/htdocs/mdarc-2/app/Views/members/pers_data_view.php(75): CodeIgniter\Debug\Exceptions->errorHandler(8, 'Undefined index...', '/homepages/36/d...', 75, Array)
#1 /homepages/36/d117019790/htdocs/mdarc-2/system/View/View.php(214): include('/homepages/36/d...')
#2 /homepages/36/d117019790/htdocs/mdarc-2/system/View/View.php(217): CodeIgniter\View\View->CodeIgniter\View\{closure}()
#3 /homepages/36/d117019790/htdocs/mdarc-2/system/Common.php(1097): CodeIgniter\View\View->render('members/pers_da...', Array, true)
#4 /homepages/36/d117019790/htdocs/mdarc-2/app/Controllers/Member.php(48): view('members/pers_da...', Array)
#5 /homepages/36/d117019790/htdocs/mdarc-2/system/CodeIgniter.php(824): App\Controllers\Member->pers_data()
#6 /homepages/36/d117019790/htdocs/mdarc-2/system/CodeIgniter.php(410): CodeIgniter\CodeIgniter->runController(Object(App\Controllers\Member))
#7 /homepages/36/d117019790/htdocs/mdarc-2/system/CodeIgniter.php(318): CodeIgniter\CodeIgniter->handleRequest(NULL, Object(Config\Cache), false)
#8 /homepages/36/d117019790/htdocs/mdarc-2/public/index.php(37): CodeIgniter\CodeIgniter->run()
#9 {main}
CRITICAL - 2022-01-22 20:51:48 --> Undefined index: cell
#0 /homepages/36/d117019790/htdocs/mdarc-2/app/Views/members/pers_data_view.php(71): CodeIgniter\Debug\Exceptions->errorHandler(8, 'Undefined index...', '/homepages/36/d...', 71, Array)
#1 /homepages/36/d117019790/htdocs/mdarc-2/system/View/View.php(214): include('/homepages/36/d...')
#2 /homepages/36/d117019790/htdocs/mdarc-2/system/View/View.php(217): CodeIgniter\View\View->CodeIgniter\View\{closure}()
#3 /homepages/36/d117019790/htdocs/mdarc-2/system/Common.php(1097): CodeIgniter\View\View->render('members/pers_da...', Array, true)
#4 /homepages/36/d117019790/htdocs/mdarc-2/app/Controllers/Member.php(104): view('members/pers_da...', Array)
#5 /homepages/36/d117019790/htdocs/mdarc-2/system/CodeIgniter.php(824): App\Controllers\Member->update_mem()
#6 /homepages/36/d117019790/htdocs/mdarc-2/system/CodeIgniter.php(410): CodeIgniter\CodeIgniter->runController(Object(App\Controllers\Member))
#7 /homepages/36/d117019790/htdocs/mdarc-2/system/CodeIgniter.php(318): CodeIgniter\CodeIgniter->handleRequest(NULL, Object(Config\Cache), false)
#8 /homepages/36/d117019790/htdocs/mdarc-2/public/index.php(37): CodeIgniter\CodeIgniter->run()
#9 {main}
CRITICAL - 2022-01-22 21:11:00 --> Undefined variable: errors
#0 /homepages/36/d117019790/htdocs/mdarc-2/app/Views/members/pers_data_view.php(65): CodeIgniter\Debug\Exceptions->errorHandler(8, 'Undefined varia...', '/homepages/36/d...', 65, Array)
#1 /homepages/36/d117019790/htdocs/mdarc-2/system/View/View.php(214): include('/homepages/36/d...')
#2 /homepages/36/d117019790/htdocs/mdarc-2/system/View/View.php(217): CodeIgniter\View\View->CodeIgniter\View\{closure}()
#3 /homepages/36/d117019790/htdocs/mdarc-2/system/Common.php(1097): CodeIgniter\View\View->render('members/pers_da...', Array, true)
#4 /homepages/36/d117019790/htdocs/mdarc-2/app/Controllers/Member.php(213): view('members/pers_da...', Array)
#5 /homepages/36/d117019790/htdocs/mdarc-2/system/CodeIgniter.php(824): App\Controllers\Member->edit_fam_mem()
#6 /homepages/36/d117019790/htdocs/mdarc-2/system/CodeIgniter.php(410): CodeIgniter\CodeIgniter->runController(Object(App\Controllers\Member))
#7 /homepages/36/d117019790/htdocs/mdarc-2/system/CodeIgniter.php(318): CodeIgniter\CodeIgniter->handleRequest(NULL, Object(Config\Cache), false)
#8 /homepages/36/d117019790/htdocs/mdarc-2/public/index.php(37): CodeIgniter\CodeIgniter->run()
#9 {main}
CRITICAL - 2022-01-22 21:14:13 --> Undefined index: callsign
#0 /homepages/36/d117019790/htdocs/mdarc-2/app/Views/members/pers_data_view.php(65): CodeIgniter\Debug\Exceptions->errorHandler(8, 'Undefined index...', '/homepages/36/d...', 65, Array)
#1 /homepages/36/d117019790/htdocs/mdarc-2/system/View/View.php(214): include('/homepages/36/d...')
#2 /homepages/36/d117019790/htdocs/mdarc-2/system/View/View.php(217): CodeIgniter\View\View->CodeIgniter\View\{closure}()
#3 /homepages/36/d117019790/htdocs/mdarc-2/system/Common.php(1097): CodeIgniter\View\View->render('members/pers_da...', Array, true)
#4 /homepages/36/d117019790/htdocs/mdarc-2/app/Controllers/Member.php(49): view('members/pers_da...', Array)
#5 /homepages/36/d117019790/htdocs/mdarc-2/system/CodeIgniter.php(824): App\Controllers\Member->pers_data()
#6 /homepages/36/d117019790/htdocs/mdarc-2/system/CodeIgniter.php(410): CodeIgniter\CodeIgniter->runController(Object(App\Controllers\Member))
#7 /homepages/36/d117019790/htdocs/mdarc-2/system/CodeIgniter.php(318): CodeIgniter\CodeIgniter->handleRequest(NULL, Object(Config\Cache), false)
#8 /homepages/36/d117019790/htdocs/mdarc-2/public/index.php(37): CodeIgniter\CodeIgniter->run()
#9 {main}
CRITICAL - 2022-01-22 21:17:40 --> Undefined index: callsign
#0 /homepages/36/d117019790/htdocs/mdarc-2/app/Views/members/pers_data_view.php(65): CodeIgniter\Debug\Exceptions->errorHandler(8, 'Undefined index...', '/homepages/36/d...', 65, Array)
#1 /homepages/36/d117019790/htdocs/mdarc-2/system/View/View.php(214): include('/homepages/36/d...')
#2 /homepages/36/d117019790/htdocs/mdarc-2/system/View/View.php(217): CodeIgniter\View\View->CodeIgniter\View\{closure}()
#3 /homepages/36/d117019790/htdocs/mdarc-2/system/Common.php(1097): CodeIgniter\View\View->render('members/pers_da...', Array, true)
#4 /homepages/36/d117019790/htdocs/mdarc-2/app/Controllers/Member.php(50): view('members/pers_da...', Array)
#5 /homepages/36/d117019790/htdocs/mdarc-2/system/CodeIgniter.php(824): App\Controllers\Member->pers_data()
#6 /homepages/36/d117019790/htdocs/mdarc-2/system/CodeIgniter.php(410): CodeIgniter\CodeIgniter->runController(Object(App\Controllers\Member))
#7 /homepages/36/d117019790/htdocs/mdarc-2/system/CodeIgniter.php(318): CodeIgniter\CodeIgniter->handleRequest(NULL, Object(Config\Cache), false)
#8 /homepages/36/d117019790/htdocs/mdarc-2/public/index.php(37): CodeIgniter\CodeIgniter->run()
#9 {main}
CRITICAL - 2022-01-22 21:18:17 --> Undefined variable: errors
#0 /homepages/36/d117019790/htdocs/mdarc-2/app/Views/members/pers_data_view.php(65): CodeIgniter\Debug\Exceptions->errorHandler(8, 'Undefined varia...', '/homepages/36/d...', 65, Array)
#1 /homepages/36/d117019790/htdocs/mdarc-2/system/View/View.php(214): include('/homepages/36/d...')
#2 /homepages/36/d117019790/htdocs/mdarc-2/system/View/View.php(217): CodeIgniter\View\View->CodeIgniter\View\{closure}()
#3 /homepages/36/d117019790/htdocs/mdarc-2/system/Common.php(1097): CodeIgniter\View\View->render('members/pers_da...', Array, true)
#4 /homepages/36/d117019790/htdocs/mdarc-2/app/Controllers/Member.php(215): view('members/pers_da...', Array)
#5 /homepages/36/d117019790/htdocs/mdarc-2/system/CodeIgniter.php(824): App\Controllers\Member->edit_fam_mem()
#6 /homepages/36/d117019790/htdocs/mdarc-2/system/CodeIgniter.php(410): CodeIgniter\CodeIgniter->runController(Object(App\Controllers\Member))
#7 /homepages/36/d117019790/htdocs/mdarc-2/system/CodeIgniter.php(318): CodeIgniter\CodeIgniter->handleRequest(NULL, Object(Config\Cache), false)
#8 /homepages/36/d117019790/htdocs/mdarc-2/public/index.php(37): CodeIgniter\CodeIgniter->run()
#9 {main}
CRITICAL - 2022-01-22 21:26:16 --> syntax error, unexpected end of file
#0 /homepages/36/d117019790/htdocs/mdarc-2/system/View/View.php(217): CodeIgniter\View\View->CodeIgniter\View\{closure}()
#1 /homepages/36/d117019790/htdocs/mdarc-2/system/Common.php(1097): CodeIgniter\View\View->render('members/pers_da...', Array, true)
#2 /homepages/36/d117019790/htdocs/mdarc-2/app/Controllers/Member.php(51): view('members/pers_da...', Array)
#3 /homepages/36/d117019790/htdocs/mdarc-2/system/CodeIgniter.php(824): App\Controllers\Member->pers_data()
#4 /homepages/36/d117019790/htdocs/mdarc-2/system/CodeIgniter.php(410): CodeIgniter\CodeIgniter->runController(Object(App\Controllers\Member))
#5 /homepages/36/d117019790/htdocs/mdarc-2/system/CodeIgniter.php(318): CodeIgniter\CodeIgniter->handleRequest(NULL, Object(Config\Cache), false)
#6 /homepages/36/d117019790/htdocs/mdarc-2/public/index.php(37): CodeIgniter\CodeIgniter->run()
#7 {main}
