CRITICAL - 2021-12-02 22:19:01 --> Invalid file: template/simp_header.php
#0 /homepages/36/d117019790/htdocs/ci415/system/View/View.php(198): CodeIgniter\Exceptions\FrameworkException::forInvalidFile('template/simp_h...')
#1 /homepages/36/d117019790/htdocs/ci415/system/Common.php(1097): CodeIgniter\View\View->render('template/simp_h...', Array, true)
#2 /homepages/36/d117019790/htdocs/ci415/app/Controllers/Staff.php(283): view('template/simp_h...')
#3 /homepages/36/d117019790/htdocs/ci415/system/CodeIgniter.php(824): App\Controllers\Staff->print_dir()
#4 /homepages/36/d117019790/htdocs/ci415/system/CodeIgniter.php(410): CodeIgniter\CodeIgniter->runController(Object(App\Controllers\Staff))
#5 /homepages/36/d117019790/htdocs/ci415/system/CodeIgniter.php(318): CodeIgniter\CodeIgniter->handleRequest(NULL, Object(Config\Cache), false)
#6 /homepages/36/d117019790/htdocs/ci415/public/index.php(37): CodeIgniter\CodeIgniter->run()
#7 {main}
CRITICAL - 2021-12-02 22:27:01 --> Invalid file: template/simp_header.php
#0 /homepages/36/d117019790/htdocs/ci415/system/View/View.php(198): CodeIgniter\Exceptions\FrameworkException::forInvalidFile('template/simp_h...')
#1 /homepages/36/d117019790/htdocs/ci415/system/Common.php(1097): CodeIgniter\View\View->render('template/simp_h...', Array, true)
#2 /homepages/36/d117019790/htdocs/ci415/app/Controllers/Staff.php(283): view('template/simp_h...')
#3 /homepages/36/d117019790/htdocs/ci415/system/CodeIgniter.php(824): App\Controllers\Staff->print_dir()
#4 /homepages/36/d117019790/htdocs/ci415/system/CodeIgniter.php(410): CodeIgniter\CodeIgniter->runController(Object(App\Controllers\Staff))
#5 /homepages/36/d117019790/htdocs/ci415/system/CodeIgniter.php(318): CodeIgniter\CodeIgniter->handleRequest(NULL, Object(Config\Cache), false)
#6 /homepages/36/d117019790/htdocs/ci415/public/index.php(37): CodeIgniter\CodeIgniter->run()
#7 {main}
CRITICAL - 2021-12-02 22:33:09 --> Invalid file: staff/staff_report_view.php
#0 /homepages/36/d117019790/htdocs/ci415/system/View/View.php(198): CodeIgniter\Exceptions\FrameworkException::forInvalidFile('staff/staff_rep...')
#1 /homepages/36/d117019790/htdocs/ci415/system/Common.php(1097): CodeIgniter\View\View->render('staff/staff_rep...', Array, true)
#2 /homepages/36/d117019790/htdocs/ci415/app/Controllers/Staff.php(248): view('staff/staff_rep...', Array)
#3 /homepages/36/d117019790/htdocs/ci415/system/CodeIgniter.php(824): App\Controllers\Staff->staff_report()
#4 /homepages/36/d117019790/htdocs/ci415/system/CodeIgniter.php(410): CodeIgniter\CodeIgniter->runController(Object(App\Controllers\Staff))
#5 /homepages/36/d117019790/htdocs/ci415/system/CodeIgniter.php(318): CodeIgniter\CodeIgniter->handleRequest(NULL, Object(Config\Cache), false)
#6 /homepages/36/d117019790/htdocs/ci415/public/index.php(37): CodeIgniter\CodeIgniter->run()
#7 {main}
CRITICAL - 2021-12-02 22:37:44 --> syntax error, unexpected 'else' (T_ELSE)
#0 /homepages/36/d117019790/htdocs/ci415/system/Autoloader/Autoloader.php(241): CodeIgniter\Autoloader\Autoloader->includeFile('/homepages/36/d...')
#1 /homepages/36/d117019790/htdocs/ci415/system/Autoloader/Autoloader.php(219): CodeIgniter\Autoloader\Autoloader->loadInNamespace('App\\Controllers...')
#2 [internal function]: CodeIgniter\Autoloader\Autoloader->loadClass('App\\Controllers...')
#3 [internal function]: spl_autoload_call('App\\Controllers...')
#4 /homepages/36/d117019790/htdocs/ci415/system/CodeIgniter.php(789): class_exists('\\App\\Controller...', true)
#5 /homepages/36/d117019790/htdocs/ci415/system/CodeIgniter.php(397): CodeIgniter\CodeIgniter->startController()
#6 /homepages/36/d117019790/htdocs/ci415/system/CodeIgniter.php(318): CodeIgniter\CodeIgniter->handleRequest(NULL, Object(Config\Cache), false)
#7 /homepages/36/d117019790/htdocs/ci415/public/index.php(37): CodeIgniter\CodeIgniter->run()
#8 {main}
CRITICAL - 2021-12-02 22:38:08 --> syntax error, unexpected 'else' (T_ELSE)
#0 /homepages/36/d117019790/htdocs/ci415/system/Autoloader/Autoloader.php(241): CodeIgniter\Autoloader\Autoloader->includeFile('/homepages/36/d...')
#1 /homepages/36/d117019790/htdocs/ci415/system/Autoloader/Autoloader.php(219): CodeIgniter\Autoloader\Autoloader->loadInNamespace('App\\Controllers...')
#2 [internal function]: CodeIgniter\Autoloader\Autoloader->loadClass('App\\Controllers...')
#3 [internal function]: spl_autoload_call('App\\Controllers...')
#4 /homepages/36/d117019790/htdocs/ci415/system/CodeIgniter.php(789): class_exists('\\App\\Controller...', true)
#5 /homepages/36/d117019790/htdocs/ci415/system/CodeIgniter.php(397): CodeIgniter\CodeIgniter->startController()
#6 /homepages/36/d117019790/htdocs/ci415/system/CodeIgniter.php(318): CodeIgniter\CodeIgniter->handleRequest(NULL, Object(Config\Cache), false)
#7 /homepages/36/d117019790/htdocs/ci415/public/index.php(37): CodeIgniter\CodeIgniter->run()
#8 {main}
CRITICAL - 2021-12-02 22:38:20 --> syntax error, unexpected 'else' (T_ELSE)
#0 /homepages/36/d117019790/htdocs/ci415/system/Autoloader/Autoloader.php(241): CodeIgniter\Autoloader\Autoloader->includeFile('/homepages/36/d...')
#1 /homepages/36/d117019790/htdocs/ci415/system/Autoloader/Autoloader.php(219): CodeIgniter\Autoloader\Autoloader->loadInNamespace('App\\Controllers...')
#2 [internal function]: CodeIgniter\Autoloader\Autoloader->loadClass('App\\Controllers...')
#3 [internal function]: spl_autoload_call('App\\Controllers...')
#4 /homepages/36/d117019790/htdocs/ci415/system/CodeIgniter.php(789): class_exists('\\App\\Controller...', true)
#5 /homepages/36/d117019790/htdocs/ci415/system/CodeIgniter.php(397): CodeIgniter\CodeIgniter->startController()
#6 /homepages/36/d117019790/htdocs/ci415/system/CodeIgniter.php(318): CodeIgniter\CodeIgniter->handleRequest(NULL, Object(Config\Cache), false)
#7 /homepages/36/d117019790/htdocs/ci415/public/index.php(37): CodeIgniter\CodeIgniter->run()
#8 {main}
CRITICAL - 2021-12-02 22:44:30 --> Invalid file: staff/staff_report_view.php
#0 /homepages/36/d117019790/htdocs/ci415/system/View/View.php(198): CodeIgniter\Exceptions\FrameworkException::forInvalidFile('staff/staff_rep...')
#1 /homepages/36/d117019790/htdocs/ci415/system/Common.php(1097): CodeIgniter\View\View->render('staff/staff_rep...', Array, true)
#2 /homepages/36/d117019790/htdocs/ci415/app/Controllers/Staff.php(248): view('staff/staff_rep...', Array)
#3 /homepages/36/d117019790/htdocs/ci415/system/CodeIgniter.php(824): App\Controllers\Staff->staff_report()
#4 /homepages/36/d117019790/htdocs/ci415/system/CodeIgniter.php(410): CodeIgniter\CodeIgniter->runController(Object(App\Controllers\Staff))
#5 /homepages/36/d117019790/htdocs/ci415/system/CodeIgniter.php(318): CodeIgniter\CodeIgniter->handleRequest(NULL, Object(Config\Cache), false)
#6 /homepages/36/d117019790/htdocs/ci415/public/index.php(37): CodeIgniter\CodeIgniter->run()
#7 {main}
