ERROR - 2023-10-28 16:00:43 --> Unknown column 'pay_date' in 'field list'
ERROR - 2023-10-28 16:00:43 --> Unknown column 'pay_date' in 'field list'
ERROR - 2023-10-28 16:07:23 --> Unknown column 'pay_date' in 'field list'
ERROR - 2023-10-28 16:07:23 --> Unknown column 'pay_date' in 'field list'
ERROR - 2023-10-28 16:13:04 --> Unknown column 'pay_date' in 'field list'
CRITICAL - 2023-10-28 16:13:04 --> Call to undefined method CodeIgniter\Database\MySQLi\Connection::has_error()
#0 /homepages/36/d117019790/htdocs/mdarc-dev/app/Controllers/Member.php(63): App\Models\Member_model->do_payment()
#1 /homepages/36/d117019790/htdocs/mdarc-dev/system/CodeIgniter.php(824): App\Controllers\Member->go_pay()
#2 /homepages/36/d117019790/htdocs/mdarc-dev/system/CodeIgniter.php(410): CodeIgniter\CodeIgniter->runController()
#3 /homepages/36/d117019790/htdocs/mdarc-dev/system/CodeIgniter.php(318): CodeIgniter\CodeIgniter->handleRequest()
#4 /homepages/36/d117019790/htdocs/mdarc-dev/public/index.php(37): CodeIgniter\CodeIgniter->run()
#5 {main}
ERROR - 2023-10-28 16:13:25 --> Unknown column 'pay_date' in 'field list'
CRITICAL - 2023-10-28 16:13:25 --> Call to undefined method CodeIgniter\Database\MySQLi\Builder::has_error()
#0 /homepages/36/d117019790/htdocs/mdarc-dev/app/Controllers/Member.php(63): App\Models\Member_model->do_payment()
#1 /homepages/36/d117019790/htdocs/mdarc-dev/system/CodeIgniter.php(824): App\Controllers\Member->go_pay()
#2 /homepages/36/d117019790/htdocs/mdarc-dev/system/CodeIgniter.php(410): CodeIgniter\CodeIgniter->runController()
#3 /homepages/36/d117019790/htdocs/mdarc-dev/system/CodeIgniter.php(318): CodeIgniter\CodeIgniter->handleRequest()
#4 /homepages/36/d117019790/htdocs/mdarc-dev/public/index.php(37): CodeIgniter\CodeIgniter->run()
#5 {main}
ERROR - 2023-10-28 16:14:31 --> Unknown column 'pay_date' in 'field list'
CRITICAL - 2023-10-28 16:14:31 --> Call to undefined method CodeIgniter\Database\MySQLi\Builder::error_get_last()
#0 /homepages/36/d117019790/htdocs/mdarc-dev/app/Controllers/Member.php(63): App\Models\Member_model->do_payment()
#1 /homepages/36/d117019790/htdocs/mdarc-dev/system/CodeIgniter.php(824): App\Controllers\Member->go_pay()
#2 /homepages/36/d117019790/htdocs/mdarc-dev/system/CodeIgniter.php(410): CodeIgniter\CodeIgniter->runController()
#3 /homepages/36/d117019790/htdocs/mdarc-dev/system/CodeIgniter.php(318): CodeIgniter\CodeIgniter->handleRequest()
#4 /homepages/36/d117019790/htdocs/mdarc-dev/public/index.php(37): CodeIgniter\CodeIgniter->run()
#5 {main}
ERROR - 2023-10-28 16:15:32 --> Unknown column 'pay_date' in 'field list'
ERROR - 2023-10-28 16:15:32 --> Unknown column 'pay_date' in 'field list'
ERROR - 2023-10-28 16:16:15 --> Unknown column 'pay_date' in 'field list'
ERROR - 2023-10-28 16:16:15 --> Unknown column 'pay_date' in 'field list'
ERROR - 2023-10-28 16:16:57 --> Unknown column 'pay_date' in 'field list'
ERROR - 2023-10-28 16:16:57 --> Unknown column 'pay_date' in 'field list'
ERROR - 2023-10-28 16:18:34 --> Unknown column 'pay_date' in 'field list'
ERROR - 2023-10-28 16:18:34 --> Unknown column 'pay_date' in 'field list'
ERROR - 2023-10-28 16:19:30 --> Unknown column 'pay_date' in 'field list'
ERROR - 2023-10-28 16:19:30 --> Unknown column 'pay_date' in 'field list'
ERROR - 2023-10-28 16:19:48 --> Unknown column 'pay_date' in 'field list'
ERROR - 2023-10-28 16:19:48 --> Unknown column 'pay_date' in 'field list'
ERROR - 2023-10-28 16:26:05 --> Column 'amount' cannot be null
ERROR - 2023-10-28 16:33:44 --> Column 'amount' cannot be null
ERROR - 2023-10-28 16:35:45 --> Column 'amount' cannot be null
ERROR - 2023-10-28 16:38:40 --> Column 'amount' cannot be null
ERROR - 2023-10-28 16:46:12 --> Column 'amount' cannot be null
ERROR - 2023-10-28 16:46:44 --> Column 'amount' cannot be null
ERROR - 2023-10-28 16:48:08 --> Column 'amount' cannot be null
ERROR - 2023-10-28 16:51:14 --> Column 'amount' cannot be null
ERROR - 2023-10-28 17:11:12 --> Column 'amount' cannot be null
