CRITICAL - 2021-11-17 00:02:15 --> syntax error, unexpected ')', expecting ';'
#0 /homepages/36/d117019790/htdocs/ci415/system/Autoloader/Autoloader.php(241): CodeIgniter\Autoloader\Autoloader->includeFile('/homepages/36/d...')
#1 /homepages/36/d117019790/htdocs/ci415/system/Autoloader/Autoloader.php(219): CodeIgniter\Autoloader\Autoloader->loadInNamespace('App\\Controllers...')
#2 [internal function]: CodeIgniter\Autoloader\Autoloader->loadClass('App\\Controllers...')
#3 [internal function]: spl_autoload_call('App\\Controllers...')
#4 /homepages/36/d117019790/htdocs/ci415/system/CodeIgniter.php(789): class_exists('\\App\\Controller...', true)
#5 /homepages/36/d117019790/htdocs/ci415/system/CodeIgniter.php(397): CodeIgniter\CodeIgniter->startController()
#6 /homepages/36/d117019790/htdocs/ci415/system/CodeIgniter.php(318): CodeIgniter\CodeIgniter->handleRequest(NULL, Object(Config\Cache), false)
#7 /homepages/36/d117019790/htdocs/ci415/public/index.php(37): CodeIgniter\CodeIgniter->run()
#8 {main}
CRITICAL - 2021-11-17 00:04:13 --> syntax error, unexpected ')', expecting ';'
#0 /homepages/36/d117019790/htdocs/ci415/system/Autoloader/Autoloader.php(241): CodeIgniter\Autoloader\Autoloader->includeFile('/homepages/36/d...')
#1 /homepages/36/d117019790/htdocs/ci415/system/Autoloader/Autoloader.php(219): CodeIgniter\Autoloader\Autoloader->loadInNamespace('App\\Controllers...')
#2 [internal function]: CodeIgniter\Autoloader\Autoloader->loadClass('App\\Controllers...')
#3 [internal function]: spl_autoload_call('App\\Controllers...')
#4 /homepages/36/d117019790/htdocs/ci415/system/CodeIgniter.php(789): class_exists('\\App\\Controller...', true)
#5 /homepages/36/d117019790/htdocs/ci415/system/CodeIgniter.php(397): CodeIgniter\CodeIgniter->startController()
#6 /homepages/36/d117019790/htdocs/ci415/system/CodeIgniter.php(318): CodeIgniter\CodeIgniter->handleRequest(NULL, Object(Config\Cache), false)
#7 /homepages/36/d117019790/htdocs/ci415/public/index.php(37): CodeIgniter\CodeIgniter->run()
#8 {main}
CRITICAL - 2021-11-17 00:04:47 --> include(mod_enter_table.php): failed to open stream: No such file or directory
#0 /homepages/36/d117019790/htdocs/ci415/app/Views/master/master_view.php(19): CodeIgniter\Debug\Exceptions->errorHandler(2, 'include(mod_ent...', '/homepages/36/d...', 19, Array)
#1 /homepages/36/d117019790/htdocs/ci415/app/Views/master/master_view.php(19): include()
#2 /homepages/36/d117019790/htdocs/ci415/system/View/View.php(214): include('/homepages/36/d...')
#3 /homepages/36/d117019790/htdocs/ci415/system/View/View.php(217): CodeIgniter\View\View->CodeIgniter\View\{closure}()
#4 /homepages/36/d117019790/htdocs/ci415/system/Common.php(1097): CodeIgniter\View\View->render('master/master_v...', Array, true)
#5 /homepages/36/d117019790/htdocs/ci415/app/Controllers/Master.php(15): view('master/master_v...')
#6 /homepages/36/d117019790/htdocs/ci415/system/CodeIgniter.php(824): App\Controllers\Master->index()
#7 /homepages/36/d117019790/htdocs/ci415/system/CodeIgniter.php(410): CodeIgniter\CodeIgniter->runController(Object(App\Controllers\Master))
#8 /homepages/36/d117019790/htdocs/ci415/system/CodeIgniter.php(318): CodeIgniter\CodeIgniter->handleRequest(NULL, Object(Config\Cache), false)
#9 /homepages/36/d117019790/htdocs/ci415/public/index.php(37): CodeIgniter\CodeIgniter->run()
#10 {main}
CRITICAL - 2021-11-17 00:05:02 --> include(mod_enter_table.php): failed to open stream: No such file or directory
#0 /homepages/36/d117019790/htdocs/ci415/app/Views/master/master_view.php(19): CodeIgniter\Debug\Exceptions->errorHandler(2, 'include(mod_ent...', '/homepages/36/d...', 19, Array)
#1 /homepages/36/d117019790/htdocs/ci415/app/Views/master/master_view.php(19): include()
#2 /homepages/36/d117019790/htdocs/ci415/system/View/View.php(214): include('/homepages/36/d...')
#3 /homepages/36/d117019790/htdocs/ci415/system/View/View.php(217): CodeIgniter\View\View->CodeIgniter\View\{closure}()
#4 /homepages/36/d117019790/htdocs/ci415/system/Common.php(1097): CodeIgniter\View\View->render('master/master_v...', Array, true)
#5 /homepages/36/d117019790/htdocs/ci415/app/Controllers/Master.php(15): view('master/master_v...')
#6 /homepages/36/d117019790/htdocs/ci415/system/CodeIgniter.php(824): App\Controllers\Master->index()
#7 /homepages/36/d117019790/htdocs/ci415/system/CodeIgniter.php(410): CodeIgniter\CodeIgniter->runController(Object(App\Controllers\Master))
#8 /homepages/36/d117019790/htdocs/ci415/system/CodeIgniter.php(318): CodeIgniter\CodeIgniter->handleRequest(NULL, Object(Config\Cache), false)
#9 /homepages/36/d117019790/htdocs/ci415/public/index.php(37): CodeIgniter\CodeIgniter->run()
#10 {main}
CRITICAL - 2021-11-17 00:06:20 --> include(mod_enter_table.php): failed to open stream: No such file or directory
#0 /homepages/36/d117019790/htdocs/ci415/app/Views/master/master_view.php(19): CodeIgniter\Debug\Exceptions->errorHandler(2, 'include(mod_ent...', '/homepages/36/d...', 19, Array)
#1 /homepages/36/d117019790/htdocs/ci415/app/Views/master/master_view.php(19): include()
#2 /homepages/36/d117019790/htdocs/ci415/system/View/View.php(214): include('/homepages/36/d...')
#3 /homepages/36/d117019790/htdocs/ci415/system/View/View.php(217): CodeIgniter\View\View->CodeIgniter\View\{closure}()
#4 /homepages/36/d117019790/htdocs/ci415/system/Common.php(1097): CodeIgniter\View\View->render('master/master_v...', Array, true)
#5 /homepages/36/d117019790/htdocs/ci415/app/Controllers/Master.php(15): view('master/master_v...')
#6 /homepages/36/d117019790/htdocs/ci415/system/CodeIgniter.php(824): App\Controllers\Master->index()
#7 /homepages/36/d117019790/htdocs/ci415/system/CodeIgniter.php(410): CodeIgniter\CodeIgniter->runController(Object(App\Controllers\Master))
#8 /homepages/36/d117019790/htdocs/ci415/system/CodeIgniter.php(318): CodeIgniter\CodeIgniter->handleRequest(NULL, Object(Config\Cache), false)
#9 /homepages/36/d117019790/htdocs/ci415/public/index.php(37): CodeIgniter\CodeIgniter->run()
#10 {main}
CRITICAL - 2021-11-17 00:10:21 --> include(mod_enter_table.php): failed to open stream: No such file or directory
#0 /homepages/36/d117019790/htdocs/ci415/app/Views/master/master_view.php(19): CodeIgniter\Debug\Exceptions->errorHandler(2, 'include(mod_ent...', '/homepages/36/d...', 19, Array)
#1 /homepages/36/d117019790/htdocs/ci415/app/Views/master/master_view.php(19): include()
#2 /homepages/36/d117019790/htdocs/ci415/system/View/View.php(214): include('/homepages/36/d...')
#3 /homepages/36/d117019790/htdocs/ci415/system/View/View.php(217): CodeIgniter\View\View->CodeIgniter\View\{closure}()
#4 /homepages/36/d117019790/htdocs/ci415/system/Common.php(1097): CodeIgniter\View\View->render('master/master_v...', Array, true)
#5 /homepages/36/d117019790/htdocs/ci415/app/Controllers/Master.php(14): view('master/master_v...')
#6 /homepages/36/d117019790/htdocs/ci415/system/CodeIgniter.php(824): App\Controllers\Master->index()
#7 /homepages/36/d117019790/htdocs/ci415/system/CodeIgniter.php(410): CodeIgniter\CodeIgniter->runController(Object(App\Controllers\Master))
#8 /homepages/36/d117019790/htdocs/ci415/system/CodeIgniter.php(318): CodeIgniter\CodeIgniter->handleRequest(NULL, Object(Config\Cache), false)
#9 /homepages/36/d117019790/htdocs/ci415/public/index.php(37): CodeIgniter\CodeIgniter->run()
#10 {main}
CRITICAL - 2021-11-17 00:11:27 --> include(mod_enter_table.php): failed to open stream: No such file or directory
#0 /homepages/36/d117019790/htdocs/ci415/app/Views/master/master_view.php(19): CodeIgniter\Debug\Exceptions->errorHandler(2, 'include(mod_ent...', '/homepages/36/d...', 19, Array)
#1 /homepages/36/d117019790/htdocs/ci415/app/Views/master/master_view.php(19): include()
#2 /homepages/36/d117019790/htdocs/ci415/system/View/View.php(214): include('/homepages/36/d...')
#3 /homepages/36/d117019790/htdocs/ci415/system/View/View.php(217): CodeIgniter\View\View->CodeIgniter\View\{closure}()
#4 /homepages/36/d117019790/htdocs/ci415/system/Common.php(1097): CodeIgniter\View\View->render('master/master_v...', Array, true)
#5 /homepages/36/d117019790/htdocs/ci415/app/Controllers/Master.php(14): view('master/master_v...')
#6 /homepages/36/d117019790/htdocs/ci415/system/CodeIgniter.php(824): App\Controllers\Master->index()
#7 /homepages/36/d117019790/htdocs/ci415/system/CodeIgniter.php(410): CodeIgniter\CodeIgniter->runController(Object(App\Controllers\Master))
#8 /homepages/36/d117019790/htdocs/ci415/system/CodeIgniter.php(318): CodeIgniter\CodeIgniter->handleRequest(NULL, Object(Config\Cache), false)
#9 /homepages/36/d117019790/htdocs/ci415/public/index.php(37): CodeIgniter\CodeIgniter->run()
#10 {main}
CRITICAL - 2021-11-17 00:12:44 --> include(mod_enter_table.php): failed to open stream: No such file or directory
#0 /homepages/36/d117019790/htdocs/ci415/app/Views/master/master_view.php(19): CodeIgniter\Debug\Exceptions->errorHandler(2, 'include(mod_ent...', '/homepages/36/d...', 19, Array)
#1 /homepages/36/d117019790/htdocs/ci415/app/Views/master/master_view.php(19): include()
#2 /homepages/36/d117019790/htdocs/ci415/system/View/View.php(214): include('/homepages/36/d...')
#3 /homepages/36/d117019790/htdocs/ci415/system/View/View.php(217): CodeIgniter\View\View->CodeIgniter\View\{closure}()
#4 /homepages/36/d117019790/htdocs/ci415/system/Common.php(1097): CodeIgniter\View\View->render('master/master_v...', Array, true)
#5 /homepages/36/d117019790/htdocs/ci415/app/Controllers/Master.php(14): view('master/master_v...')
#6 /homepages/36/d117019790/htdocs/ci415/system/CodeIgniter.php(824): App\Controllers\Master->index()
#7 /homepages/36/d117019790/htdocs/ci415/system/CodeIgniter.php(410): CodeIgniter\CodeIgniter->runController(Object(App\Controllers\Master))
#8 /homepages/36/d117019790/htdocs/ci415/system/CodeIgniter.php(318): CodeIgniter\CodeIgniter->handleRequest(NULL, Object(Config\Cache), false)
#9 /homepages/36/d117019790/htdocs/ci415/public/index.php(37): CodeIgniter\CodeIgniter->run()
#10 {main}
CRITICAL - 2021-11-17 00:15:42 --> include(mod_enter_table.php): failed to open stream: No such file or directory
#0 /homepages/36/d117019790/htdocs/ci415/app/Views/master/master_view.php(19): CodeIgniter\Debug\Exceptions->errorHandler(2, 'include(mod_ent...', '/homepages/36/d...', 19, Array)
#1 /homepages/36/d117019790/htdocs/ci415/app/Views/master/master_view.php(19): include()
#2 /homepages/36/d117019790/htdocs/ci415/system/View/View.php(214): include('/homepages/36/d...')
#3 /homepages/36/d117019790/htdocs/ci415/system/View/View.php(217): CodeIgniter\View\View->CodeIgniter\View\{closure}()
#4 /homepages/36/d117019790/htdocs/ci415/system/Common.php(1097): CodeIgniter\View\View->render('master/master_v...', Array, true)
#5 /homepages/36/d117019790/htdocs/ci415/app/Controllers/Master.php(14): view('master/master_v...')
#6 /homepages/36/d117019790/htdocs/ci415/system/CodeIgniter.php(824): App\Controllers\Master->index()
#7 /homepages/36/d117019790/htdocs/ci415/system/CodeIgniter.php(410): CodeIgniter\CodeIgniter->runController(Object(App\Controllers\Master))
#8 /homepages/36/d117019790/htdocs/ci415/system/CodeIgniter.php(318): CodeIgniter\CodeIgniter->handleRequest(NULL, Object(Config\Cache), false)
#9 /homepages/36/d117019790/htdocs/ci415/public/index.php(37): CodeIgniter\CodeIgniter->run()
#10 {main}
CRITICAL - 2021-11-17 00:15:55 --> include(mod_enter_table.php): failed to open stream: No such file or directory
#0 /homepages/36/d117019790/htdocs/ci415/app/Views/master/master_view.php(19): CodeIgniter\Debug\Exceptions->errorHandler(2, 'include(mod_ent...', '/homepages/36/d...', 19, Array)
#1 /homepages/36/d117019790/htdocs/ci415/app/Views/master/master_view.php(19): include()
#2 /homepages/36/d117019790/htdocs/ci415/system/View/View.php(214): include('/homepages/36/d...')
#3 /homepages/36/d117019790/htdocs/ci415/system/View/View.php(217): CodeIgniter\View\View->CodeIgniter\View\{closure}()
#4 /homepages/36/d117019790/htdocs/ci415/system/Common.php(1097): CodeIgniter\View\View->render('master/master_v...', Array, true)
#5 /homepages/36/d117019790/htdocs/ci415/app/Controllers/Master.php(14): view('master/master_v...')
#6 /homepages/36/d117019790/htdocs/ci415/system/CodeIgniter.php(824): App\Controllers\Master->index()
#7 /homepages/36/d117019790/htdocs/ci415/system/CodeIgniter.php(410): CodeIgniter\CodeIgniter->runController(Object(App\Controllers\Master))
#8 /homepages/36/d117019790/htdocs/ci415/system/CodeIgniter.php(318): CodeIgniter\CodeIgniter->handleRequest(NULL, Object(Config\Cache), false)
#9 /homepages/36/d117019790/htdocs/ci415/public/index.php(37): CodeIgniter\CodeIgniter->run()
#10 {main}
CRITICAL - 2021-11-17 00:16:55 --> include(mod_enter_table.php): failed to open stream: No such file or directory
#0 /homepages/36/d117019790/htdocs/ci415/app/Views/master/master_view.php(19): CodeIgniter\Debug\Exceptions->errorHandler(2, 'include(mod_ent...', '/homepages/36/d...', 19, Array)
#1 /homepages/36/d117019790/htdocs/ci415/app/Views/master/master_view.php(19): include()
#2 /homepages/36/d117019790/htdocs/ci415/system/View/View.php(214): include('/homepages/36/d...')
#3 /homepages/36/d117019790/htdocs/ci415/system/View/View.php(217): CodeIgniter\View\View->CodeIgniter\View\{closure}()
#4 /homepages/36/d117019790/htdocs/ci415/system/Common.php(1097): CodeIgniter\View\View->render('master/master_v...', Array, true)
#5 /homepages/36/d117019790/htdocs/ci415/app/Controllers/Master.php(14): view('master/master_v...')
#6 /homepages/36/d117019790/htdocs/ci415/system/CodeIgniter.php(824): App\Controllers\Master->index()
#7 /homepages/36/d117019790/htdocs/ci415/system/CodeIgniter.php(410): CodeIgniter\CodeIgniter->runController(Object(App\Controllers\Master))
#8 /homepages/36/d117019790/htdocs/ci415/system/CodeIgniter.php(318): CodeIgniter\CodeIgniter->handleRequest(NULL, Object(Config\Cache), false)
#9 /homepages/36/d117019790/htdocs/ci415/public/index.php(37): CodeIgniter\CodeIgniter->run()
#10 {main}
CRITICAL - 2021-11-17 00:18:15 --> include(mod_enter_table.php): failed to open stream: No such file or directory
#0 /homepages/36/d117019790/htdocs/ci415/app/Views/master/master_view.php(19): CodeIgniter\Debug\Exceptions->errorHandler(2, 'include(mod_ent...', '/homepages/36/d...', 19, Array)
#1 /homepages/36/d117019790/htdocs/ci415/app/Views/master/master_view.php(19): include()
#2 /homepages/36/d117019790/htdocs/ci415/system/View/View.php(214): include('/homepages/36/d...')
#3 /homepages/36/d117019790/htdocs/ci415/system/View/View.php(217): CodeIgniter\View\View->CodeIgniter\View\{closure}()
#4 /homepages/36/d117019790/htdocs/ci415/system/Common.php(1097): CodeIgniter\View\View->render('master/master_v...', Array, true)
#5 /homepages/36/d117019790/htdocs/ci415/app/Controllers/Master.php(14): view('master/master_v...')
#6 /homepages/36/d117019790/htdocs/ci415/system/CodeIgniter.php(824): App\Controllers\Master->index()
#7 /homepages/36/d117019790/htdocs/ci415/system/CodeIgniter.php(410): CodeIgniter\CodeIgniter->runController(Object(App\Controllers\Master))
#8 /homepages/36/d117019790/htdocs/ci415/system/CodeIgniter.php(318): CodeIgniter\CodeIgniter->handleRequest(NULL, Object(Config\Cache), false)
#9 /homepages/36/d117019790/htdocs/ci415/public/index.php(37): CodeIgniter\CodeIgniter->run()
#10 {main}
CRITICAL - 2021-11-17 00:25:00 --> file_put_contents(files/user_types.csv): failed to open stream: No such file or directory
#0 [internal function]: CodeIgniter\Debug\Exceptions->errorHandler(2, 'file_put_conten...', '/homepages/36/d...', 25, Array)
#1 /homepages/36/d117019790/htdocs/ci415/app/Models/Master_model.php(25): file_put_contents('files/user_type...', 'id,type code,de...')
#2 /homepages/36/d117019790/htdocs/ci415/app/Controllers/Master.php(39): App\Models\Master_model->put_user_types()
#3 /homepages/36/d117019790/htdocs/ci415/system/CodeIgniter.php(824): App\Controllers\Master->download_user_types()
#4 /homepages/36/d117019790/htdocs/ci415/system/CodeIgniter.php(410): CodeIgniter\CodeIgniter->runController(Object(App\Controllers\Master))
#5 /homepages/36/d117019790/htdocs/ci415/system/CodeIgniter.php(318): CodeIgniter\CodeIgniter->handleRequest(NULL, Object(Config\Cache), false)
#6 /homepages/36/d117019790/htdocs/ci415/public/index.php(37): CodeIgniter\CodeIgniter->run()
#7 {main}
CRITICAL - 2021-11-17 00:25:54 --> file_put_contents(files/users.csv): failed to open stream: No such file or directory
#0 [internal function]: CodeIgniter\Debug\Exceptions->errorHandler(2, 'file_put_conten...', '/homepages/36/d...', 40, Array)
#1 /homepages/36/d117019790/htdocs/ci415/app/Models/Master_model.php(40): file_put_contents('files/users.csv', 'id,type code,ro...')
#2 /homepages/36/d117019790/htdocs/ci415/app/Controllers/Master.php(46): App\Models\Master_model->put_users()
#3 /homepages/36/d117019790/htdocs/ci415/system/CodeIgniter.php(824): App\Controllers\Master->download_users()
#4 /homepages/36/d117019790/htdocs/ci415/system/CodeIgniter.php(410): CodeIgniter\CodeIgniter->runController(Object(App\Controllers\Master))
#5 /homepages/36/d117019790/htdocs/ci415/system/CodeIgniter.php(318): CodeIgniter\CodeIgniter->handleRequest(NULL, Object(Config\Cache), false)
#6 /homepages/36/d117019790/htdocs/ci415/public/index.php(37): CodeIgniter\CodeIgniter->run()
#7 {main}
